{"E:\\mini-coursera-ui-tailwind\\src\\App.jsx": {"path":"E:\\mini-coursera-ui-tailwind\\src\\App.jsx","statementMap":{"0":{"start":{"line":9,"column":2},"end":{"line":21,"column":4}}},"fnMap":{"0":{"name":"App","decl":{"start":{"line":8,"column":9},"end":{"line":8,"column":12}},"loc":{"start":{"line":8,"column":15},"end":{"line":22,"column":1}},"line":8}},"branchMap":{"0":{"loc":{"start":{"line":16,"column":13},"end":{"line":16,"column":53}},"type":"binary-expr","locations":[{"start":{"line":16,"column":13},"end":{"line":16,"column":32}},{"start":{"line":16,"column":36},"end":{"line":16,"column":53}}],"line":16}},"s":{"0":0},"f":{"0":0},"b":{"0":[0,0]}}
,"E:\\mini-coursera-ui-tailwind\\src\\AppMinimal.jsx": {"path":"E:\\mini-coursera-ui-tailwind\\src\\AppMinimal.jsx","statementMap":{"0":{"start":{"line":7,"column":2},"end":{"line":13,"column":4}}},"fnMap":{"0":{"name":"AppMinimal","decl":{"start":{"line":6,"column":9},"end":{"line":6,"column":19}},"loc":{"start":{"line":6,"column":22},"end":{"line":14,"column":1}},"line":6}},"branchMap":{},"s":{"0":0},"f":{"0":0},"b":{}}
,"E:\\mini-coursera-ui-tailwind\\src\\index.js": {"path":"E:\\mini-coursera-ui-tailwind\\src\\index.js","statementMap":{},"fnMap":{},"branchMap":{},"s":{},"f":{},"b":{}}
,"E:\\mini-coursera-ui-tailwind\\src\\components\\analytics\\AnalyticsDashboard.jsx": {"path":"E:\\mini-coursera-ui-tailwind\\src\\components\\analytics\\AnalyticsDashboard.jsx","statementMap":{"0":{"start":{"line":23,"column":15},"end":{"line":23,"column":81}},"1":{"start":{"line":26,"column":44},"end":{"line":26,"column":58}},"2":{"start":{"line":27,"column":36},"end":{"line":27,"column":50}},"3":{"start":{"line":28,"column":32},"end":{"line":28,"column":46}},"4":{"start":{"line":29,"column":46},"end":{"line":29,"column":66}},"5":{"start":{"line":32,"column":19},"end":{"line":79,"column":3}},"6":{"start":{"line":81,"column":2},"end":{"line":88,"column":18}},"7":{"start":{"line":83,"column":4},"end":{"line":83,"column":21}},"8":{"start":{"line":84,"column":4},"end":{"line":87,"column":13}},"9":{"start":{"line":85,"column":6},"end":{"line":85,"column":33}},"10":{"start":{"line":86,"column":6},"end":{"line":86,"column":24}},"11":{"start":{"line":90,"column":19},"end":{"line":120,"column":3}},"12":{"start":{"line":91,"column":23},"end":{"line":91,"column":33}},"13":{"start":{"line":92,"column":27},"end":{"line":94,"column":32}},"14":{"start":{"line":96,"column":4},"end":{"line":119,"column":6}},"15":{"start":{"line":122,"column":2},"end":{"line":129,"column":3}},"16":{"start":{"line":123,"column":4},"end":{"line":128,"column":6}},"17":{"start":{"line":131,"column":2},"end":{"line":330,"column":4}},"18":{"start":{"line":143,"column":29},"end":{"line":143,"column":57}},"19":{"start":{"line":202,"column":61},"end":{"line":202,"column":96}},"20":{"start":{"line":220,"column":45},"end":{"line":220,"column":73}},"21":{"start":{"line":246,"column":16},"end":{"line":265,"column":21}},"22":{"start":{"line":284,"column":46},"end":{"line":284,"column":86}},"23":{"start":{"line":290,"column":18},"end":{"line":290,"column":85}},"24":{"start":{"line":303,"column":14},"end":{"line":324,"column":20}}},"fnMap":{"0":{"name":"AnalyticsDashboard","decl":{"start":{"line":25,"column":16},"end":{"line":25,"column":34}},"loc":{"start":{"line":25,"column":37},"end":{"line":331,"column":1}},"line":25},"1":{"name":"(anonymous_1)","decl":{"start":{"line":81,"column":12},"end":{"line":81,"column":13}},"loc":{"start":{"line":81,"column":18},"end":{"line":88,"column":3}},"line":81},"2":{"name":"(anonymous_2)","decl":{"start":{"line":84,"column":15},"end":{"line":84,"column":16}},"loc":{"start":{"line":84,"column":21},"end":{"line":87,"column":5}},"line":84},"3":{"name":"(anonymous_3)","decl":{"start":{"line":90,"column":19},"end":{"line":90,"column":20}},"loc":{"start":{"line":90,"column":80},"end":{"line":120,"column":3}},"line":90},"4":{"name":"(anonymous_4)","decl":{"start":{"line":143,"column":22},"end":{"line":143,"column":23}},"loc":{"start":{"line":143,"column":29},"end":{"line":143,"column":57}},"line":143},"5":{"name":"(anonymous_5)","decl":{"start":{"line":202,"column":51},"end":{"line":202,"column":52}},"loc":{"start":{"line":202,"column":61},"end":{"line":202,"column":96}},"line":202},"6":{"name":"(anonymous_6)","decl":{"start":{"line":220,"column":34},"end":{"line":220,"column":35}},"loc":{"start":{"line":220,"column":45},"end":{"line":220,"column":73}},"line":220},"7":{"name":"(anonymous_7)","decl":{"start":{"line":245,"column":51},"end":{"line":245,"column":52}},"loc":{"start":{"line":246,"column":16},"end":{"line":265,"column":21}},"line":246},"8":{"name":"(anonymous_8)","decl":{"start":{"line":284,"column":23},"end":{"line":284,"column":24}},"loc":{"start":{"line":284,"column":46},"end":{"line":284,"column":86}},"line":284},"9":{"name":"(anonymous_9)","decl":{"start":{"line":289,"column":56},"end":{"line":289,"column":57}},"loc":{"start":{"line":290,"column":18},"end":{"line":290,"column":85}},"line":290},"10":{"name":"(anonymous_10)","decl":{"start":{"line":302,"column":45},"end":{"line":302,"column":46}},"loc":{"start":{"line":303,"column":14},"end":{"line":324,"column":20}},"line":303}},"branchMap":{"0":{"loc":{"start":{"line":90,"column":56},"end":{"line":90,"column":73}},"type":"default-arg","locations":[{"start":{"line":90,"column":65},"end":{"line":90,"column":73}}],"line":90},"1":{"loc":{"start":{"line":92,"column":27},"end":{"line":94,"column":32}},"type":"cond-expr","locations":[{"start":{"line":92,"column":51},"end":{"line":92,"column":79}},{"start":{"line":93,"column":8},"end":{"line":94,"column":32}}],"line":92},"2":{"loc":{"start":{"line":93,"column":8},"end":{"line":94,"column":32}},"type":"cond-expr","locations":[{"start":{"line":93,"column":34},"end":{"line":93,"column":45}},{"start":{"line":94,"column":10},"end":{"line":94,"column":32}}],"line":93},"3":{"loc":{"start":{"line":108,"column":11},"end":{"line":112,"column":11}},"type":"cond-expr","locations":[{"start":{"line":109,"column":12},"end":{"line":109,"column":66}},{"start":{"line":111,"column":12},"end":{"line":111,"column":66}}],"line":108},"4":{"loc":{"start":{"line":113,"column":38},"end":{"line":113,"column":84}},"type":"cond-expr","locations":[{"start":{"line":113,"column":51},"end":{"line":113,"column":67}},{"start":{"line":113,"column":70},"end":{"line":113,"column":84}}],"line":113},"5":{"loc":{"start":{"line":122,"column":2},"end":{"line":129,"column":3}},"type":"if","locations":[{"start":{"line":122,"column":2},"end":{"line":129,"column":3}},{"start":{},"end":{}}],"line":122}},"s":{"0":0,"1":0,"2":0,"3":0,"4":0,"5":0,"6":0,"7":0,"8":0,"9":0,"10":0,"11":0,"12":0,"13":0,"14":0,"15":0,"16":0,"17":0,"18":0,"19":0,"20":0,"21":0,"22":0,"23":0,"24":0},"f":{"0":0,"1":0,"2":0,"3":0,"4":0,"5":0,"6":0,"7":0,"8":0,"9":0,"10":0},"b":{"0":[0],"1":[0,0],"2":[0,0],"3":[0,0],"4":[0,0],"5":[0,0]}}
,"E:\\mini-coursera-ui-tailwind\\src\\components\\common\\LazyWrapper.jsx": {"path":"E:\\mini-coursera-ui-tailwind\\src\\components\\common\\LazyWrapper.jsx","statementMap":{"0":{"start":{"line":8,"column":20},"end":{"line":14,"column":1}},"1":{"start":{"line":9,"column":2},"end":{"line":13,"column":4}}},"fnMap":{"0":{"name":"(anonymous_0)","decl":{"start":{"line":8,"column":20},"end":{"line":8,"column":21}},"loc":{"start":{"line":8,"column":69},"end":{"line":14,"column":1}},"line":8}},"branchMap":{"0":{"loc":{"start":{"line":8,"column":33},"end":{"line":8,"column":62}},"type":"default-arg","locations":[{"start":{"line":8,"column":44},"end":{"line":8,"column":62}}],"line":8}},"s":{"0":0,"1":0},"f":{"0":0},"b":{"0":[0]}}
,"E:\\mini-coursera-ui-tailwind\\src\\components\\common\\OfflineIndicator.jsx": {"path":"E:\\mini-coursera-ui-tailwind\\src\\components\\common\\OfflineIndicator.jsx","statementMap":{"0":{"start":{"line":6,"column":25},"end":{"line":24,"column":1}},"1":{"start":{"line":7,"column":2},"end":{"line":7,"column":30}},"2":{"start":{"line":7,"column":18},"end":{"line":7,"column":30}},"3":{"start":{"line":9,"column":2},"end":{"line":23,"column":4}},"4":{"start":{"line":29,"column":31},"end":{"line":36,"column":1}},"5":{"start":{"line":30,"column":2},"end":{"line":35,"column":4}}},"fnMap":{"0":{"name":"(anonymous_0)","decl":{"start":{"line":6,"column":25},"end":{"line":6,"column":26}},"loc":{"start":{"line":6,"column":68},"end":{"line":24,"column":1}},"line":6},"1":{"name":"(anonymous_1)","decl":{"start":{"line":29,"column":31},"end":{"line":29,"column":32}},"loc":{"start":{"line":29,"column":37},"end":{"line":36,"column":1}},"line":29}},"branchMap":{"0":{"loc":{"start":{"line":6,"column":28},"end":{"line":6,"column":45}},"type":"default-arg","locations":[{"start":{"line":6,"column":40},"end":{"line":6,"column":45}}],"line":6},"1":{"loc":{"start":{"line":6,"column":47},"end":{"line":6,"column":61}},"type":"default-arg","locations":[{"start":{"line":6,"column":57},"end":{"line":6,"column":61}}],"line":6},"2":{"loc":{"start":{"line":7,"column":2},"end":{"line":7,"column":30}},"type":"if","locations":[{"start":{"line":7,"column":2},"end":{"line":7,"column":30}},{"start":{},"end":{}}],"line":7},"3":{"loc":{"start":{"line":18,"column":13},"end":{"line":18,"column":73}},"type":"binary-expr","locations":[{"start":{"line":18,"column":13},"end":{"line":18,"column":20}},{"start":{"line":18,"column":24},"end":{"line":18,"column":73}}],"line":18}},"s":{"0":0,"1":0,"2":0,"3":0,"4":0,"5":0},"f":{"0":0,"1":0},"b":{"0":[0],"1":[0],"2":[0,0],"3":[0,0]}}
,"E:\\mini-coursera-ui-tailwind\\src\\components\\course\\CourseCard.jsx": {"path":"E:\\mini-coursera-ui-tailwind\\src\\components\\course\\CourseCard.jsx","statementMap":{"0":{"start":{"line":10,"column":19},"end":{"line":89,"column":2}},"1":{"start":{"line":11,"column":2},"end":{"line":11,"column":38}},"2":{"start":{"line":13,"column":27},"end":{"line":13,"column":52}},"3":{"start":{"line":14,"column":23},"end":{"line":14,"column":38}},"4":{"start":{"line":17,"column":19},"end":{"line":19,"column":3}},"5":{"start":{"line":18,"column":4},"end":{"line":18,"column":52}},"6":{"start":{"line":18,"column":25},"end":{"line":18,"column":51}},"7":{"start":{"line":21,"column":15},"end":{"line":24,"column":3}},"8":{"start":{"line":22,"column":4},"end":{"line":22,"column":72}},"9":{"start":{"line":22,"column":28},"end":{"line":22,"column":55}},"10":{"start":{"line":22,"column":43},"end":{"line":22,"column":54}},"11":{"start":{"line":26,"column":28},"end":{"line":28,"column":27}},"12":{"start":{"line":27,"column":4},"end":{"line":27,"column":24}},"13":{"start":{"line":31,"column":2},"end":{"line":40,"column":3}},"14":{"start":{"line":32,"column":4},"end":{"line":39,"column":6}},"15":{"start":{"line":42,"column":2},"end":{"line":88,"column":4}},"16":{"start":{"line":62,"column":12},"end":{"line":64,"column":20}}},"fnMap":{"0":{"name":"(anonymous_0)","decl":{"start":{"line":10,"column":24},"end":{"line":10,"column":25}},"loc":{"start":{"line":10,"column":40},"end":{"line":89,"column":1}},"line":10},"1":{"name":"(anonymous_1)","decl":{"start":{"line":17,"column":33},"end":{"line":17,"column":34}},"loc":{"start":{"line":18,"column":4},"end":{"line":18,"column":52}},"line":18},"2":{"name":"(anonymous_2)","decl":{"start":{"line":18,"column":20},"end":{"line":18,"column":21}},"loc":{"start":{"line":18,"column":25},"end":{"line":18,"column":51}},"line":18},"3":{"name":"(anonymous_3)","decl":{"start":{"line":21,"column":29},"end":{"line":21,"column":30}},"loc":{"start":{"line":22,"column":4},"end":{"line":22,"column":72}},"line":22},"4":{"name":"(anonymous_4)","decl":{"start":{"line":22,"column":22},"end":{"line":22,"column":23}},"loc":{"start":{"line":22,"column":28},"end":{"line":22,"column":55}},"line":22},"5":{"name":"(anonymous_5)","decl":{"start":{"line":22,"column":38},"end":{"line":22,"column":39}},"loc":{"start":{"line":22,"column":43},"end":{"line":22,"column":54}},"line":22},"6":{"name":"(anonymous_6)","decl":{"start":{"line":26,"column":40},"end":{"line":26,"column":41}},"loc":{"start":{"line":26,"column":46},"end":{"line":28,"column":3}},"line":26},"7":{"name":"(anonymous_7)","decl":{"start":{"line":61,"column":32},"end":{"line":61,"column":33}},"loc":{"start":{"line":62,"column":12},"end":{"line":64,"column":20}},"line":62}},"branchMap":{"0":{"loc":{"start":{"line":31,"column":2},"end":{"line":40,"column":3}},"type":"if","locations":[{"start":{"line":31,"column":2},"end":{"line":40,"column":3}},{"start":{},"end":{}}],"line":31}},"s":{"0":0,"1":0,"2":0,"3":0,"4":0,"5":0,"6":0,"7":0,"8":0,"9":0,"10":0,"11":0,"12":0,"13":0,"14":0,"15":0,"16":0},"f":{"0":0,"1":0,"2":0,"3":0,"4":0,"5":0,"6":0,"7":0},"b":{"0":[0,0]}}
,"E:\\mini-coursera-ui-tailwind\\src\\components\\course\\CourseDetail.jsx": {"path":"E:\\mini-coursera-ui-tailwind\\src\\components\\course\\CourseDetail.jsx","statementMap":{"0":{"start":{"line":9,"column":21},"end":{"line":118,"column":1}},"1":{"start":{"line":11,"column":17},"end":{"line":11,"column":77}},"2":{"start":{"line":11,"column":35},"end":{"line":11,"column":62}},"3":{"start":{"line":12,"column":16},"end":{"line":12,"column":59}},"4":{"start":{"line":12,"column":34},"end":{"line":12,"column":58}},"5":{"start":{"line":13,"column":19},"end":{"line":13,"column":67}},"6":{"start":{"line":13,"column":40},"end":{"line":13,"column":66}},"7":{"start":{"line":14,"column":15},"end":{"line":14,"column":83}},"8":{"start":{"line":14,"column":39},"end":{"line":14,"column":66}},"9":{"start":{"line":14,"column":54},"end":{"line":14,"column":65}},"10":{"start":{"line":16,"column":2},"end":{"line":117,"column":4}},"11":{"start":{"line":24,"column":14},"end":{"line":26,"column":22}},"12":{"start":{"line":89,"column":16},"end":{"line":110,"column":22}}},"fnMap":{"0":{"name":"(anonymous_0)","decl":{"start":{"line":9,"column":21},"end":{"line":9,"column":22}},"loc":{"start":{"line":9,"column":39},"end":{"line":118,"column":1}},"line":9},"1":{"name":"(anonymous_1)","decl":{"start":{"line":11,"column":30},"end":{"line":11,"column":31}},"loc":{"start":{"line":11,"column":35},"end":{"line":11,"column":62}},"line":11},"2":{"name":"(anonymous_2)","decl":{"start":{"line":12,"column":29},"end":{"line":12,"column":30}},"loc":{"start":{"line":12,"column":34},"end":{"line":12,"column":58}},"line":12},"3":{"name":"(anonymous_3)","decl":{"start":{"line":13,"column":35},"end":{"line":13,"column":36}},"loc":{"start":{"line":13,"column":40},"end":{"line":13,"column":66}},"line":13},"4":{"name":"(anonymous_4)","decl":{"start":{"line":14,"column":33},"end":{"line":14,"column":34}},"loc":{"start":{"line":14,"column":39},"end":{"line":14,"column":66}},"line":14},"5":{"name":"(anonymous_5)","decl":{"start":{"line":14,"column":49},"end":{"line":14,"column":50}},"loc":{"start":{"line":14,"column":54},"end":{"line":14,"column":65}},"line":14},"6":{"name":"(anonymous_6)","decl":{"start":{"line":23,"column":22},"end":{"line":23,"column":23}},"loc":{"start":{"line":24,"column":14},"end":{"line":26,"column":22}},"line":24},"7":{"name":"(anonymous_7)","decl":{"start":{"line":88,"column":25},"end":{"line":88,"column":26}},"loc":{"start":{"line":89,"column":16},"end":{"line":110,"column":22}},"line":89}},"branchMap":{"0":{"loc":{"start":{"line":11,"column":17},"end":{"line":11,"column":77}},"type":"binary-expr","locations":[{"start":{"line":11,"column":17},"end":{"line":11,"column":63}},{"start":{"line":11,"column":67},"end":{"line":11,"column":77}}],"line":11},"1":{"loc":{"start":{"line":47,"column":26},"end":{"line":47,"column":77}},"type":"cond-expr","locations":[{"start":{"line":47,"column":53},"end":{"line":47,"column":65}},{"start":{"line":47,"column":68},"end":{"line":47,"column":77}}],"line":47},"2":{"loc":{"start":{"line":61,"column":32},"end":{"line":61,"column":49}},"type":"binary-expr","locations":[{"start":{"line":61,"column":32},"end":{"line":61,"column":44}},{"start":{"line":61,"column":48},"end":{"line":61,"column":49}}],"line":61},"3":{"loc":{"start":{"line":67,"column":30},"end":{"line":67,"column":47}},"type":"binary-expr","locations":[{"start":{"line":67,"column":30},"end":{"line":67,"column":42}},{"start":{"line":67,"column":46},"end":{"line":67,"column":47}}],"line":67},"4":{"loc":{"start":{"line":78,"column":7},"end":{"line":115,"column":7}},"type":"binary-expr","locations":[{"start":{"line":78,"column":7},"end":{"line":78,"column":23}},{"start":{"line":79,"column":8},"end":{"line":114,"column":15}}],"line":78}},"s":{"0":0,"1":0,"2":0,"3":0,"4":0,"5":0,"6":0,"7":0,"8":0,"9":0,"10":0,"11":0,"12":0},"f":{"0":0,"1":0,"2":0,"3":0,"4":0,"5":0,"6":0,"7":0},"b":{"0":[0,0],"1":[0,0],"2":[0,0],"3":[0,0],"4":[0,0]}}
,"E:\\mini-coursera-ui-tailwind\\src\\components\\course\\CoursePlayer.jsx": {"path":"E:\\mini-coursera-ui-tailwind\\src\\components\\course\\CoursePlayer.jsx","statementMap":{"0":{"start":{"line":5,"column":21},"end":{"line":94,"column":1}},"1":{"start":{"line":6,"column":18},"end":{"line":6,"column":68}},"2":{"start":{"line":6,"column":38},"end":{"line":6,"column":67}},"3":{"start":{"line":7,"column":24},"end":{"line":7,"column":34}},"4":{"start":{"line":9,"column":2},"end":{"line":93,"column":4}},"5":{"start":{"line":59,"column":14},"end":{"line":87,"column":20}}},"fnMap":{"0":{"name":"(anonymous_0)","decl":{"start":{"line":5,"column":21},"end":{"line":5,"column":22}},"loc":{"start":{"line":5,"column":37},"end":{"line":94,"column":1}},"line":5},"1":{"name":"(anonymous_1)","decl":{"start":{"line":6,"column":33},"end":{"line":6,"column":34}},"loc":{"start":{"line":6,"column":38},"end":{"line":6,"column":67}},"line":6},"2":{"name":"(anonymous_2)","decl":{"start":{"line":58,"column":25},"end":{"line":58,"column":26}},"loc":{"start":{"line":59,"column":14},"end":{"line":87,"column":20}},"line":59}},"branchMap":{"0":{"loc":{"start":{"line":22,"column":15},"end":{"line":42,"column":15}},"type":"cond-expr","locations":[{"start":{"line":23,"column":16},"end":{"line":31,"column":22}},{"start":{"line":33,"column":16},"end":{"line":41,"column":22}}],"line":22},"1":{"loc":{"start":{"line":62,"column":18},"end":{"line":64,"column":38}},"type":"cond-expr","locations":[{"start":{"line":63,"column":22},"end":{"line":63,"column":52}},{"start":{"line":64,"column":22},"end":{"line":64,"column":38}}],"line":62},"2":{"loc":{"start":{"line":76,"column":23},"end":{"line":80,"column":23}},"type":"binary-expr","locations":[{"start":{"line":76,"column":23},"end":{"line":76,"column":39}},{"start":{"line":77,"column":24},"end":{"line":79,"column":31}}],"line":76},"3":{"loc":{"start":{"line":83,"column":19},"end":{"line":85,"column":19}},"type":"binary-expr","locations":[{"start":{"line":83,"column":19},"end":{"line":83,"column":50}},{"start":{"line":84,"column":20},"end":{"line":84,"column":71}}],"line":83}},"s":{"0":0,"1":0,"2":0,"3":0,"4":0,"5":0},"f":{"0":0,"1":0,"2":0},"b":{"0":[0,0],"1":[0,0],"2":[0,0],"3":[0,0]}}
,"E:\\mini-coursera-ui-tailwind\\src\\components\\course\\EnhancedCourseDetail.jsx": {"path":"E:\\mini-coursera-ui-tailwind\\src\\components\\course\\EnhancedCourseDetail.jsx","statementMap":{"0":{"start":{"line":12,"column":29},"end":{"line":568,"column":1}},"1":{"start":{"line":13,"column":19},"end":{"line":13,"column":34}},"2":{"start":{"line":14,"column":20},"end":{"line":14,"column":29}},"3":{"start":{"line":15,"column":36},"end":{"line":15,"column":56}},"4":{"start":{"line":16,"column":46},"end":{"line":16,"column":57}},"5":{"start":{"line":19,"column":17},"end":{"line":19,"column":77}},"6":{"start":{"line":19,"column":35},"end":{"line":19,"column":62}},"7":{"start":{"line":20,"column":16},"end":{"line":20,"column":59}},"8":{"start":{"line":20,"column":34},"end":{"line":20,"column":58}},"9":{"start":{"line":21,"column":19},"end":{"line":21,"column":67}},"10":{"start":{"line":21,"column":40},"end":{"line":21,"column":66}},"11":{"start":{"line":22,"column":15},"end":{"line":22,"column":83}},"12":{"start":{"line":22,"column":39},"end":{"line":22,"column":66}},"13":{"start":{"line":22,"column":54},"end":{"line":22,"column":65}},"14":{"start":{"line":24,"column":21},"end":{"line":73,"column":3}},"15":{"start":{"line":75,"column":21},"end":{"line":83,"column":3}},"16":{"start":{"line":85,"column":18},"end":{"line":110,"column":3}},"17":{"start":{"line":112,"column":25},"end":{"line":137,"column":3}},"18":{"start":{"line":139,"column":15},"end":{"line":144,"column":3}},"19":{"start":{"line":146,"column":2},"end":{"line":567,"column":4}},"20":{"start":{"line":153,"column":25},"end":{"line":153,"column":45}},"21":{"start":{"line":184,"column":18},"end":{"line":186,"column":26}},"22":{"start":{"line":217,"column":33},"end":{"line":217,"column":74}},"23":{"start":{"line":236,"column":18},"end":{"line":246,"column":27}},"24":{"start":{"line":238,"column":35},"end":{"line":238,"column":55}},"25":{"start":{"line":330,"column":87},"end":{"line":330,"column":166}},"26":{"start":{"line":336,"column":24},"end":{"line":364,"column":30}},"27":{"start":{"line":341,"column":41},"end":{"line":341,"column":65}},"28":{"start":{"line":413,"column":26},"end":{"line":413,"column":94}},"29":{"start":{"line":422,"column":22},"end":{"line":444,"column":29}},"30":{"start":{"line":435,"column":36},"end":{"line":435,"column":104}},"31":{"start":{"line":469,"column":33},"end":{"line":469,"column":74}},"32":{"start":{"line":477,"column":33},"end":{"line":477,"column":74}},"33":{"start":{"line":537,"column":20},"end":{"line":558,"column":26}}},"fnMap":{"0":{"name":"(anonymous_0)","decl":{"start":{"line":12,"column":29},"end":{"line":12,"column":30}},"loc":{"start":{"line":12,"column":47},"end":{"line":568,"column":1}},"line":12},"1":{"name":"(anonymous_1)","decl":{"start":{"line":19,"column":30},"end":{"line":19,"column":31}},"loc":{"start":{"line":19,"column":35},"end":{"line":19,"column":62}},"line":19},"2":{"name":"(anonymous_2)","decl":{"start":{"line":20,"column":29},"end":{"line":20,"column":30}},"loc":{"start":{"line":20,"column":34},"end":{"line":20,"column":58}},"line":20},"3":{"name":"(anonymous_3)","decl":{"start":{"line":21,"column":35},"end":{"line":21,"column":36}},"loc":{"start":{"line":21,"column":40},"end":{"line":21,"column":66}},"line":21},"4":{"name":"(anonymous_4)","decl":{"start":{"line":22,"column":33},"end":{"line":22,"column":34}},"loc":{"start":{"line":22,"column":39},"end":{"line":22,"column":66}},"line":22},"5":{"name":"(anonymous_5)","decl":{"start":{"line":22,"column":49},"end":{"line":22,"column":50}},"loc":{"start":{"line":22,"column":54},"end":{"line":22,"column":65}},"line":22},"6":{"name":"(anonymous_6)","decl":{"start":{"line":153,"column":19},"end":{"line":153,"column":20}},"loc":{"start":{"line":153,"column":25},"end":{"line":153,"column":45}},"line":153},"7":{"name":"(anonymous_7)","decl":{"start":{"line":183,"column":26},"end":{"line":183,"column":27}},"loc":{"start":{"line":184,"column":18},"end":{"line":186,"column":26}},"line":184},"8":{"name":"(anonymous_8)","decl":{"start":{"line":217,"column":27},"end":{"line":217,"column":28}},"loc":{"start":{"line":217,"column":33},"end":{"line":217,"column":74}},"line":217},"9":{"name":"(anonymous_9)","decl":{"start":{"line":235,"column":26},"end":{"line":235,"column":27}},"loc":{"start":{"line":236,"column":18},"end":{"line":246,"column":27}},"line":236},"10":{"name":"(anonymous_10)","decl":{"start":{"line":238,"column":29},"end":{"line":238,"column":30}},"loc":{"start":{"line":238,"column":35},"end":{"line":238,"column":55}},"line":238},"11":{"name":"(anonymous_11)","decl":{"start":{"line":330,"column":72},"end":{"line":330,"column":73}},"loc":{"start":{"line":330,"column":87},"end":{"line":330,"column":166}},"line":330},"12":{"name":"(anonymous_12)","decl":{"start":{"line":335,"column":38},"end":{"line":335,"column":39}},"loc":{"start":{"line":336,"column":24},"end":{"line":364,"column":30}},"line":336},"13":{"name":"(anonymous_13)","decl":{"start":{"line":341,"column":35},"end":{"line":341,"column":36}},"loc":{"start":{"line":341,"column":41},"end":{"line":341,"column":65}},"line":341},"14":{"name":"(anonymous_14)","decl":{"start":{"line":412,"column":43},"end":{"line":412,"column":44}},"loc":{"start":{"line":413,"column":26},"end":{"line":413,"column":94}},"line":413},"15":{"name":"(anonymous_15)","decl":{"start":{"line":421,"column":33},"end":{"line":421,"column":34}},"loc":{"start":{"line":422,"column":22},"end":{"line":444,"column":29}},"line":422},"16":{"name":"(anonymous_16)","decl":{"start":{"line":434,"column":65},"end":{"line":434,"column":66}},"loc":{"start":{"line":435,"column":36},"end":{"line":435,"column":104}},"line":435},"17":{"name":"(anonymous_17)","decl":{"start":{"line":469,"column":27},"end":{"line":469,"column":28}},"loc":{"start":{"line":469,"column":33},"end":{"line":469,"column":74}},"line":469},"18":{"name":"(anonymous_18)","decl":{"start":{"line":477,"column":27},"end":{"line":477,"column":28}},"loc":{"start":{"line":477,"column":33},"end":{"line":477,"column":74}},"line":477},"19":{"name":"(anonymous_19)","decl":{"start":{"line":536,"column":38},"end":{"line":536,"column":39}},"loc":{"start":{"line":537,"column":20},"end":{"line":558,"column":26}},"line":537}},"branchMap":{"0":{"loc":{"start":{"line":19,"column":17},"end":{"line":19,"column":77}},"type":"binary-expr","locations":[{"start":{"line":19,"column":17},"end":{"line":19,"column":63}},{"start":{"line":19,"column":67},"end":{"line":19,"column":77}}],"line":19},"1":{"loc":{"start":{"line":209,"column":25},"end":{"line":209,"column":76}},"type":"cond-expr","locations":[{"start":{"line":209,"column":52},"end":{"line":209,"column":64}},{"start":{"line":209,"column":67},"end":{"line":209,"column":76}}],"line":209},"2":{"loc":{"start":{"line":240,"column":22},"end":{"line":242,"column":102}},"type":"cond-expr","locations":[{"start":{"line":241,"column":26},"end":{"line":241,"column":57}},{"start":{"line":242,"column":26},"end":{"line":242,"column":102}}],"line":240},"3":{"loc":{"start":{"line":253,"column":15},"end":{"line":323,"column":15}},"type":"binary-expr","locations":[{"start":{"line":253,"column":15},"end":{"line":253,"column":39}},{"start":{"line":254,"column":16},"end":{"line":322,"column":22}}],"line":253},"4":{"loc":{"start":{"line":325,"column":15},"end":{"line":369,"column":15}},"type":"binary-expr","locations":[{"start":{"line":325,"column":15},"end":{"line":325,"column":41}},{"start":{"line":326,"column":16},"end":{"line":368,"column":23}}],"line":325},"5":{"loc":{"start":{"line":330,"column":94},"end":{"line":330,"column":165}},"type":"cond-expr","locations":[{"start":{"line":330,"column":124},"end":{"line":330,"column":161}},{"start":{"line":330,"column":164},"end":{"line":330,"column":165}}],"line":330},"6":{"loc":{"start":{"line":339,"column":28},"end":{"line":339,"column":103}},"type":"cond-expr","locations":[{"start":{"line":339,"column":55},"end":{"line":339,"column":83}},{"start":{"line":339,"column":86},"end":{"line":339,"column":103}}],"line":339},"7":{"loc":{"start":{"line":344,"column":29},"end":{"line":348,"column":29}},"type":"cond-expr","locations":[{"start":{"line":345,"column":30},"end":{"line":345,"column":80}},{"start":{"line":347,"column":30},"end":{"line":347,"column":95}}],"line":344},"8":{"loc":{"start":{"line":349,"column":29},"end":{"line":349,"column":98}},"type":"binary-expr","locations":[{"start":{"line":349,"column":29},"end":{"line":349,"column":52}},{"start":{"line":349,"column":56},"end":{"line":349,"column":98}}],"line":349},"9":{"loc":{"start":{"line":350,"column":29},"end":{"line":350,"column":98}},"type":"binary-expr","locations":[{"start":{"line":350,"column":29},"end":{"line":350,"column":51}},{"start":{"line":350,"column":55},"end":{"line":350,"column":98}}],"line":350},"10":{"loc":{"start":{"line":351,"column":29},"end":{"line":351,"column":104}},"type":"binary-expr","locations":[{"start":{"line":351,"column":29},"end":{"line":351,"column":54}},{"start":{"line":351,"column":58},"end":{"line":351,"column":104}}],"line":351},"11":{"loc":{"start":{"line":359,"column":29},"end":{"line":361,"column":29}},"type":"binary-expr","locations":[{"start":{"line":359,"column":29},"end":{"line":359,"column":43}},{"start":{"line":360,"column":30},"end":{"line":360,"column":90}}],"line":359},"12":{"loc":{"start":{"line":371,"column":15},"end":{"line":404,"column":15}},"type":"binary-expr","locations":[{"start":{"line":371,"column":15},"end":{"line":371,"column":41}},{"start":{"line":372,"column":16},"end":{"line":403,"column":23}}],"line":371},"13":{"loc":{"start":{"line":406,"column":15},"end":{"line":448,"column":15}},"type":"binary-expr","locations":[{"start":{"line":406,"column":15},"end":{"line":406,"column":38}},{"start":{"line":407,"column":16},"end":{"line":447,"column":22}}],"line":406},"14":{"loc":{"start":{"line":493,"column":51},"end":{"line":493,"column":102}},"type":"cond-expr","locations":[{"start":{"line":493,"column":78},"end":{"line":493,"column":90}},{"start":{"line":493,"column":93},"end":{"line":493,"column":102}}],"line":493}},"s":{"0":0,"1":0,"2":0,"3":0,"4":0,"5":0,"6":0,"7":0,"8":0,"9":0,"10":0,"11":0,"12":0,"13":0,"14":0,"15":0,"16":0,"17":0,"18":0,"19":0,"20":0,"21":0,"22":0,"23":0,"24":0,"25":0,"26":0,"27":0,"28":0,"29":0,"30":0,"31":0,"32":0,"33":0},"f":{"0":0,"1":0,"2":0,"3":0,"4":0,"5":0,"6":0,"7":0,"8":0,"9":0,"10":0,"11":0,"12":0,"13":0,"14":0,"15":0,"16":0,"17":0,"18":0,"19":0},"b":{"0":[0,0],"1":[0,0],"2":[0,0],"3":[0,0],"4":[0,0],"5":[0,0],"6":[0,0],"7":[0,0],"8":[0,0],"9":[0,0],"10":[0,0],"11":[0,0],"12":[0,0],"13":[0,0],"14":[0,0]}}
,"E:\\mini-coursera-ui-tailwind\\src\\components\\debug\\ApiDebugPanel.jsx": {"path":"E:\\mini-coursera-ui-tailwind\\src\\components\\debug\\ApiDebugPanel.jsx","statementMap":{"0":{"start":{"line":8,"column":22},"end":{"line":131,"column":1}},"1":{"start":{"line":9,"column":36},"end":{"line":9,"column":51}},"2":{"start":{"line":10,"column":34},"end":{"line":14,"column":4}},"3":{"start":{"line":15,"column":46},"end":{"line":15,"column":58}},"4":{"start":{"line":17,"column":22},"end":{"line":24,"column":3}},"5":{"start":{"line":19,"column":4},"end":{"line":23,"column":7}},"6":{"start":{"line":26,"column":2},"end":{"line":38,"column":3}},"7":{"start":{"line":27,"column":4},"end":{"line":37,"column":6}},"8":{"start":{"line":30,"column":25},"end":{"line":30,"column":43}},"9":{"start":{"line":40,"column":2},"end":{"line":130,"column":4}},"10":{"start":{"line":47,"column":29},"end":{"line":47,"column":48}},"11":{"start":{"line":95,"column":16},"end":{"line":100,"column":17}},"12":{"start":{"line":96,"column":18},"end":{"line":96,"column":44}},"13":{"start":{"line":97,"column":18},"end":{"line":97,"column":58}},"14":{"start":{"line":99,"column":18},"end":{"line":99,"column":72}},"15":{"start":{"line":109,"column":16},"end":{"line":114,"column":17}},"16":{"start":{"line":110,"column":18},"end":{"line":110,"column":36}},"17":{"start":{"line":111,"column":18},"end":{"line":111,"column":49}},"18":{"start":{"line":113,"column":18},"end":{"line":113,"column":63}}},"fnMap":{"0":{"name":"(anonymous_0)","decl":{"start":{"line":8,"column":22},"end":{"line":8,"column":23}},"loc":{"start":{"line":8,"column":28},"end":{"line":131,"column":1}},"line":8},"1":{"name":"(anonymous_1)","decl":{"start":{"line":17,"column":22},"end":{"line":17,"column":23}},"loc":{"start":{"line":17,"column":28},"end":{"line":24,"column":3}},"line":17},"2":{"name":"(anonymous_2)","decl":{"start":{"line":30,"column":19},"end":{"line":30,"column":20}},"loc":{"start":{"line":30,"column":25},"end":{"line":30,"column":43}},"line":30},"3":{"name":"(anonymous_3)","decl":{"start":{"line":47,"column":23},"end":{"line":47,"column":24}},"loc":{"start":{"line":47,"column":29},"end":{"line":47,"column":48}},"line":47},"4":{"name":"(anonymous_4)","decl":{"start":{"line":94,"column":23},"end":{"line":94,"column":24}},"loc":{"start":{"line":94,"column":35},"end":{"line":101,"column":15}},"line":94},"5":{"name":"(anonymous_5)","decl":{"start":{"line":108,"column":23},"end":{"line":108,"column":24}},"loc":{"start":{"line":108,"column":35},"end":{"line":115,"column":15}},"line":108}},"branchMap":{"0":{"loc":{"start":{"line":20,"column":21},"end":{"line":20,"column":48}},"type":"binary-expr","locations":[{"start":{"line":20,"column":21},"end":{"line":20,"column":43}},{"start":{"line":20,"column":47},"end":{"line":20,"column":48}}],"line":20},"1":{"loc":{"start":{"line":21,"column":17},"end":{"line":21,"column":41}},"type":"binary-expr","locations":[{"start":{"line":21,"column":17},"end":{"line":21,"column":36}},{"start":{"line":21,"column":40},"end":{"line":21,"column":41}}],"line":21},"2":{"loc":{"start":{"line":22,"column":17},"end":{"line":22,"column":41}},"type":"binary-expr","locations":[{"start":{"line":22,"column":17},"end":{"line":22,"column":36}},{"start":{"line":22,"column":40},"end":{"line":22,"column":41}}],"line":22},"3":{"loc":{"start":{"line":26,"column":2},"end":{"line":38,"column":3}},"type":"if","locations":[{"start":{"line":26,"column":2},"end":{"line":38,"column":3}},{"start":{},"end":{}}],"line":26}},"s":{"0":0,"1":0,"2":0,"3":0,"4":0,"5":0,"6":0,"7":0,"8":0,"9":0,"10":0,"11":0,"12":0,"13":0,"14":0,"15":0,"16":0,"17":0,"18":0},"f":{"0":0,"1":0,"2":0,"3":0,"4":0,"5":0},"b":{"0":[0,0],"1":[0,0],"2":[0,0],"3":[0,0]}}
,"E:\\mini-coursera-ui-tailwind\\src\\components\\layout\\AppLayout.jsx": {"path":"E:\\mini-coursera-ui-tailwind\\src\\components\\layout\\AppLayout.jsx","statementMap":{"0":{"start":{"line":5,"column":18},"end":{"line":22,"column":1}},"1":{"start":{"line":6,"column":2},"end":{"line":21,"column":4}}},"fnMap":{"0":{"name":"(anonymous_0)","decl":{"start":{"line":5,"column":18},"end":{"line":5,"column":19}},"loc":{"start":{"line":5,"column":42},"end":{"line":22,"column":1}},"line":5}},"branchMap":{},"s":{"0":0,"1":0},"f":{"0":0},"b":{}}
,"E:\\mini-coursera-ui-tailwind\\src\\components\\layout\\Footer.jsx": {"path":"E:\\mini-coursera-ui-tailwind\\src\\components\\layout\\Footer.jsx","statementMap":{"0":{"start":{"line":6,"column":15},"end":{"line":203,"column":1}},"1":{"start":{"line":7,"column":19},"end":{"line":7,"column":34}},"2":{"start":{"line":8,"column":21},"end":{"line":17,"column":3}},"3":{"start":{"line":19,"column":27},"end":{"line":28,"column":3}},"4":{"start":{"line":30,"column":22},"end":{"line":34,"column":3}},"5":{"start":{"line":36,"column":22},"end":{"line":42,"column":3}},"6":{"start":{"line":44,"column":2},"end":{"line":202,"column":4}},"7":{"start":{"line":60,"column":16},"end":{"line":72,"column":22}},"8":{"start":{"line":79,"column":16},"end":{"line":85,"column":20}},"9":{"start":{"line":95,"column":16},"end":{"line":102,"column":21}},"10":{"start":{"line":112,"column":16},"end":{"line":123,"column":21}},"11":{"start":{"line":117,"column":22},"end":{"line":117,"column":41}},"12":{"start":{"line":118,"column":22},"end":{"line":118,"column":40}},"13":{"start":{"line":193,"column":23},"end":{"line":193,"column":70}}},"fnMap":{"0":{"name":"(anonymous_0)","decl":{"start":{"line":6,"column":15},"end":{"line":6,"column":16}},"loc":{"start":{"line":6,"column":21},"end":{"line":203,"column":1}},"line":6},"1":{"name":"(anonymous_1)","decl":{"start":{"line":59,"column":31},"end":{"line":59,"column":32}},"loc":{"start":{"line":60,"column":16},"end":{"line":72,"column":22}},"line":60},"2":{"name":"(anonymous_2)","decl":{"start":{"line":78,"column":31},"end":{"line":78,"column":32}},"loc":{"start":{"line":79,"column":16},"end":{"line":85,"column":20}},"line":79},"3":{"name":"(anonymous_3)","decl":{"start":{"line":94,"column":30},"end":{"line":94,"column":31}},"loc":{"start":{"line":95,"column":16},"end":{"line":102,"column":21}},"line":95},"4":{"name":"(anonymous_4)","decl":{"start":{"line":111,"column":36},"end":{"line":111,"column":37}},"loc":{"start":{"line":112,"column":16},"end":{"line":123,"column":21}},"line":112},"5":{"name":"(anonymous_5)","decl":{"start":{"line":116,"column":29},"end":{"line":116,"column":30}},"loc":{"start":{"line":116,"column":36},"end":{"line":119,"column":21}},"line":116},"6":{"name":"(anonymous_6)","decl":{"start":{"line":193,"column":17},"end":{"line":193,"column":18}},"loc":{"start":{"line":193,"column":23},"end":{"line":193,"column":70}},"line":193}},"branchMap":{"0":{"loc":{"start":{"line":62,"column":19},"end":{"line":71,"column":19}},"type":"cond-expr","locations":[{"start":{"line":63,"column":20},"end":{"line":68,"column":24}},{"start":{"line":70,"column":20},"end":{"line":70,"column":70}}],"line":62}},"s":{"0":0,"1":0,"2":0,"3":0,"4":0,"5":0,"6":0,"7":0,"8":0,"9":0,"10":0,"11":0,"12":0,"13":0},"f":{"0":0,"1":0,"2":0,"3":0,"4":0,"5":0,"6":0},"b":{"0":[0,0]}}
,"E:\\mini-coursera-ui-tailwind\\src\\components\\layout\\GuestHeader.jsx": {"path":"E:\\mini-coursera-ui-tailwind\\src\\components\\layout\\GuestHeader.jsx","statementMap":{"0":{"start":{"line":6,"column":20},"end":{"line":224,"column":1}},"1":{"start":{"line":7,"column":19},"end":{"line":7,"column":34}},"2":{"start":{"line":8,"column":38},"end":{"line":8,"column":53}},"3":{"start":{"line":9,"column":44},"end":{"line":9,"column":59}},"4":{"start":{"line":11,"column":19},"end":{"line":29,"column":3}},"5":{"start":{"line":31,"column":2},"end":{"line":223,"column":4}},"6":{"start":{"line":66,"column":16},"end":{"line":115,"column":22}},"7":{"start":{"line":71,"column":44},"end":{"line":71,"column":66}},"8":{"start":{"line":72,"column":44},"end":{"line":72,"column":67}},"9":{"start":{"line":83,"column":44},"end":{"line":83,"column":66}},"10":{"start":{"line":84,"column":44},"end":{"line":84,"column":67}},"11":{"start":{"line":87,"column":26},"end":{"line":97,"column":30}},"12":{"start":{"line":92,"column":30},"end":{"line":92,"column":49}},"13":{"start":{"line":93,"column":30},"end":{"line":93,"column":48}},"14":{"start":{"line":106,"column":24},"end":{"line":109,"column":25}},"15":{"start":{"line":107,"column":26},"end":{"line":107,"column":45}},"16":{"start":{"line":108,"column":26},"end":{"line":108,"column":44}},"17":{"start":{"line":123,"column":31},"end":{"line":123,"column":48}},"18":{"start":{"line":129,"column":31},"end":{"line":129,"column":48}},"19":{"start":{"line":139,"column":29},"end":{"line":139,"column":55}},"20":{"start":{"line":156,"column":18},"end":{"line":198,"column":24}},"21":{"start":{"line":161,"column":41},"end":{"line":161,"column":73}},"22":{"start":{"line":169,"column":30},"end":{"line":179,"column":34}},"23":{"start":{"line":174,"column":34},"end":{"line":174,"column":53}},"24":{"start":{"line":175,"column":34},"end":{"line":175,"column":52}},"25":{"start":{"line":189,"column":26},"end":{"line":192,"column":27}},"26":{"start":{"line":190,"column":28},"end":{"line":190,"column":47}},"27":{"start":{"line":191,"column":28},"end":{"line":191,"column":46}},"28":{"start":{"line":206,"column":35},"end":{"line":206,"column":52}},"29":{"start":{"line":212,"column":35},"end":{"line":212,"column":52}}},"fnMap":{"0":{"name":"(anonymous_0)","decl":{"start":{"line":6,"column":20},"end":{"line":6,"column":21}},"loc":{"start":{"line":6,"column":26},"end":{"line":224,"column":1}},"line":6},"1":{"name":"(anonymous_1)","decl":{"start":{"line":65,"column":28},"end":{"line":65,"column":29}},"loc":{"start":{"line":66,"column":16},"end":{"line":115,"column":22}},"line":66},"2":{"name":"(anonymous_2)","decl":{"start":{"line":71,"column":38},"end":{"line":71,"column":39}},"loc":{"start":{"line":71,"column":44},"end":{"line":71,"column":66}},"line":71},"3":{"name":"(anonymous_3)","decl":{"start":{"line":72,"column":38},"end":{"line":72,"column":39}},"loc":{"start":{"line":72,"column":44},"end":{"line":72,"column":67}},"line":72},"4":{"name":"(anonymous_4)","decl":{"start":{"line":83,"column":38},"end":{"line":83,"column":39}},"loc":{"start":{"line":83,"column":44},"end":{"line":83,"column":66}},"line":83},"5":{"name":"(anonymous_5)","decl":{"start":{"line":84,"column":38},"end":{"line":84,"column":39}},"loc":{"start":{"line":84,"column":44},"end":{"line":84,"column":67}},"line":84},"6":{"name":"(anonymous_6)","decl":{"start":{"line":86,"column":49},"end":{"line":86,"column":50}},"loc":{"start":{"line":87,"column":26},"end":{"line":97,"column":30}},"line":87},"7":{"name":"(anonymous_7)","decl":{"start":{"line":91,"column":37},"end":{"line":91,"column":38}},"loc":{"start":{"line":91,"column":44},"end":{"line":94,"column":29}},"line":91},"8":{"name":"(anonymous_8)","decl":{"start":{"line":105,"column":31},"end":{"line":105,"column":32}},"loc":{"start":{"line":105,"column":38},"end":{"line":110,"column":23}},"line":105},"9":{"name":"(anonymous_9)","decl":{"start":{"line":123,"column":25},"end":{"line":123,"column":26}},"loc":{"start":{"line":123,"column":31},"end":{"line":123,"column":48}},"line":123},"10":{"name":"(anonymous_10)","decl":{"start":{"line":129,"column":25},"end":{"line":129,"column":26}},"loc":{"start":{"line":129,"column":31},"end":{"line":129,"column":48}},"line":129},"11":{"name":"(anonymous_11)","decl":{"start":{"line":139,"column":23},"end":{"line":139,"column":24}},"loc":{"start":{"line":139,"column":29},"end":{"line":139,"column":55}},"line":139},"12":{"name":"(anonymous_12)","decl":{"start":{"line":155,"column":30},"end":{"line":155,"column":31}},"loc":{"start":{"line":156,"column":18},"end":{"line":198,"column":24}},"line":156},"13":{"name":"(anonymous_13)","decl":{"start":{"line":161,"column":35},"end":{"line":161,"column":36}},"loc":{"start":{"line":161,"column":41},"end":{"line":161,"column":73}},"line":161},"14":{"name":"(anonymous_14)","decl":{"start":{"line":168,"column":53},"end":{"line":168,"column":54}},"loc":{"start":{"line":169,"column":30},"end":{"line":179,"column":34}},"line":169},"15":{"name":"(anonymous_15)","decl":{"start":{"line":173,"column":41},"end":{"line":173,"column":42}},"loc":{"start":{"line":173,"column":48},"end":{"line":176,"column":33}},"line":173},"16":{"name":"(anonymous_16)","decl":{"start":{"line":188,"column":33},"end":{"line":188,"column":34}},"loc":{"start":{"line":188,"column":40},"end":{"line":193,"column":25}},"line":188},"17":{"name":"(anonymous_17)","decl":{"start":{"line":206,"column":29},"end":{"line":206,"column":30}},"loc":{"start":{"line":206,"column":35},"end":{"line":206,"column":52}},"line":206},"18":{"name":"(anonymous_18)","decl":{"start":{"line":212,"column":29},"end":{"line":212,"column":30}},"loc":{"start":{"line":212,"column":35},"end":{"line":212,"column":52}},"line":212}},"branchMap":{"0":{"loc":{"start":{"line":67,"column":19},"end":{"line":114,"column":19}},"type":"cond-expr","locations":[{"start":{"line":68,"column":20},"end":{"line":100,"column":23}},{"start":{"line":102,"column":20},"end":{"line":113,"column":24}}],"line":67},"1":{"loc":{"start":{"line":81,"column":26},"end":{"line":81,"column":87}},"type":"cond-expr","locations":[{"start":{"line":81,"column":42},"end":{"line":81,"column":63}},{"start":{"line":81,"column":66},"end":{"line":81,"column":87}}],"line":81},"2":{"loc":{"start":{"line":106,"column":24},"end":{"line":109,"column":25}},"type":"if","locations":[{"start":{"line":106,"column":24},"end":{"line":109,"column":25}},{"start":{},"end":{}}],"line":106},"3":{"loc":{"start":{"line":106,"column":28},"end":{"line":106,"column":124}},"type":"binary-expr","locations":[{"start":{"line":106,"column":28},"end":{"line":106,"column":45}},{"start":{"line":106,"column":49},"end":{"line":106,"column":70}},{"start":{"line":106,"column":74},"end":{"line":106,"column":96}},{"start":{"line":106,"column":100},"end":{"line":106,"column":124}}],"line":106},"4":{"loc":{"start":{"line":141,"column":15},"end":{"line":145,"column":15}},"type":"cond-expr","locations":[{"start":{"line":142,"column":16},"end":{"line":142,"column":41}},{"start":{"line":144,"column":16},"end":{"line":144,"column":44}}],"line":141},"5":{"loc":{"start":{"line":151,"column":9},"end":{"line":220,"column":9}},"type":"binary-expr","locations":[{"start":{"line":151,"column":9},"end":{"line":151,"column":19}},{"start":{"line":152,"column":10},"end":{"line":219,"column":16}}],"line":151},"6":{"loc":{"start":{"line":157,"column":21},"end":{"line":197,"column":21}},"type":"cond-expr","locations":[{"start":{"line":158,"column":22},"end":{"line":183,"column":28}},{"start":{"line":185,"column":22},"end":{"line":196,"column":26}}],"line":157},"7":{"loc":{"start":{"line":164,"column":82},"end":{"line":164,"column":115}},"type":"cond-expr","locations":[{"start":{"line":164,"column":98},"end":{"line":164,"column":110}},{"start":{"line":164,"column":113},"end":{"line":164,"column":115}}],"line":164},"8":{"loc":{"start":{"line":166,"column":25},"end":{"line":182,"column":25}},"type":"binary-expr","locations":[{"start":{"line":166,"column":25},"end":{"line":166,"column":38}},{"start":{"line":167,"column":26},"end":{"line":181,"column":32}}],"line":166},"9":{"loc":{"start":{"line":189,"column":26},"end":{"line":192,"column":27}},"type":"if","locations":[{"start":{"line":189,"column":26},"end":{"line":192,"column":27}},{"start":{},"end":{}}],"line":189},"10":{"loc":{"start":{"line":189,"column":30},"end":{"line":189,"column":126}},"type":"binary-expr","locations":[{"start":{"line":189,"column":30},"end":{"line":189,"column":47}},{"start":{"line":189,"column":51},"end":{"line":189,"column":72}},{"start":{"line":189,"column":76},"end":{"line":189,"column":98}},{"start":{"line":189,"column":102},"end":{"line":189,"column":126}}],"line":189}},"s":{"0":0,"1":0,"2":0,"3":0,"4":0,"5":0,"6":0,"7":0,"8":0,"9":0,"10":0,"11":0,"12":0,"13":0,"14":0,"15":0,"16":0,"17":0,"18":0,"19":0,"20":0,"21":0,"22":0,"23":0,"24":0,"25":0,"26":0,"27":0,"28":0,"29":0},"f":{"0":0,"1":0,"2":0,"3":0,"4":0,"5":0,"6":0,"7":0,"8":0,"9":0,"10":0,"11":0,"12":0,"13":0,"14":0,"15":0,"16":0,"17":0,"18":0},"b":{"0":[0,0],"1":[0,0],"2":[0,0],"3":[0,0,0,0],"4":[0,0],"5":[0,0],"6":[0,0],"7":[0,0],"8":[0,0],"9":[0,0],"10":[0,0,0,0]}}
,"E:\\mini-coursera-ui-tailwind\\src\\components\\layout\\Header.jsx": {"path":"E:\\mini-coursera-ui-tailwind\\src\\components\\layout\\Header.jsx","statementMap":{"0":{"start":{"line":10,"column":15},"end":{"line":193,"column":1}},"1":{"start":{"line":11,"column":19},"end":{"line":11,"column":34}},"2":{"start":{"line":12,"column":21},"end":{"line":12,"column":30}},"3":{"start":{"line":13,"column":42},"end":{"line":13,"column":57}},"4":{"start":{"line":15,"column":23},"end":{"line":19,"column":3}},"5":{"start":{"line":16,"column":4},"end":{"line":16,"column":23}},"6":{"start":{"line":17,"column":18},"end":{"line":17,"column":56}},"7":{"start":{"line":18,"column":4},"end":{"line":18,"column":61}},"8":{"start":{"line":21,"column":23},"end":{"line":28,"column":3}},"9":{"start":{"line":22,"column":4},"end":{"line":27,"column":5}},"10":{"start":{"line":23,"column":6},"end":{"line":23,"column":21}},"11":{"start":{"line":24,"column":6},"end":{"line":24,"column":29}},"12":{"start":{"line":26,"column":6},"end":{"line":26,"column":45}},"13":{"start":{"line":30,"column":22},"end":{"line":37,"column":3}},"14":{"start":{"line":31,"column":4},"end":{"line":36,"column":5}},"15":{"start":{"line":32,"column":24},"end":{"line":32,"column":47}},"16":{"start":{"line":33,"column":29},"end":{"line":33,"column":49}},"17":{"start":{"line":34,"column":26},"end":{"line":34,"column":44}},"18":{"start":{"line":35,"column":15},"end":{"line":35,"column":35}},"19":{"start":{"line":39,"column":2},"end":{"line":192,"column":4}},"20":{"start":{"line":64,"column":29},"end":{"line":64,"column":59}},"21":{"start":{"line":188,"column":25},"end":{"line":188,"column":47}}},"fnMap":{"0":{"name":"(anonymous_0)","decl":{"start":{"line":10,"column":15},"end":{"line":10,"column":16}},"loc":{"start":{"line":10,"column":29},"end":{"line":193,"column":1}},"line":10},"1":{"name":"(anonymous_1)","decl":{"start":{"line":15,"column":23},"end":{"line":15,"column":24}},"loc":{"start":{"line":15,"column":30},"end":{"line":19,"column":3}},"line":15},"2":{"name":"(anonymous_2)","decl":{"start":{"line":21,"column":23},"end":{"line":21,"column":24}},"loc":{"start":{"line":21,"column":35},"end":{"line":28,"column":3}},"line":21},"3":{"name":"(anonymous_3)","decl":{"start":{"line":30,"column":22},"end":{"line":30,"column":23}},"loc":{"start":{"line":30,"column":34},"end":{"line":37,"column":3}},"line":30},"4":{"name":"(anonymous_4)","decl":{"start":{"line":64,"column":23},"end":{"line":64,"column":24}},"loc":{"start":{"line":64,"column":29},"end":{"line":64,"column":59}},"line":64},"5":{"name":"(anonymous_5)","decl":{"start":{"line":188,"column":19},"end":{"line":188,"column":20}},"loc":{"start":{"line":188,"column":25},"end":{"line":188,"column":47}},"line":188}},"branchMap":{"0":{"loc":{"start":{"line":18,"column":45},"end":{"line":18,"column":56}},"type":"binary-expr","locations":[{"start":{"line":18,"column":45},"end":{"line":18,"column":50}},{"start":{"line":18,"column":54},"end":{"line":18,"column":56}}],"line":18},"1":{"loc":{"start":{"line":31,"column":4},"end":{"line":36,"column":5}},"type":"switch","locations":[{"start":{"line":32,"column":6},"end":{"line":32,"column":47}},{"start":{"line":33,"column":6},"end":{"line":33,"column":49}},{"start":{"line":34,"column":6},"end":{"line":34,"column":44}},{"start":{"line":35,"column":6},"end":{"line":35,"column":35}}],"line":31},"2":{"loc":{"start":{"line":61,"column":9},"end":{"line":147,"column":9}},"type":"cond-expr","locations":[{"start":{"line":62,"column":10},"end":{"line":136,"column":16}},{"start":{"line":138,"column":10},"end":{"line":146,"column":16}}],"line":61},"3":{"loc":{"start":{"line":68,"column":18},"end":{"line":68,"column":55}},"type":"binary-expr","locations":[{"start":{"line":68,"column":18},"end":{"line":68,"column":33}},{"start":{"line":68,"column":37},"end":{"line":68,"column":48}},{"start":{"line":68,"column":52},"end":{"line":68,"column":55}}],"line":68},"4":{"loc":{"start":{"line":71,"column":68},"end":{"line":71,"column":108}},"type":"binary-expr","locations":[{"start":{"line":71,"column":68},"end":{"line":71,"column":83}},{"start":{"line":71,"column":87},"end":{"line":71,"column":98}},{"start":{"line":71,"column":102},"end":{"line":71,"column":108}}],"line":71},"5":{"loc":{"start":{"line":77,"column":13},"end":{"line":135,"column":13}},"type":"binary-expr","locations":[{"start":{"line":77,"column":13},"end":{"line":77,"column":25}},{"start":{"line":78,"column":14},"end":{"line":134,"column":20}}],"line":77},"6":{"loc":{"start":{"line":80,"column":62},"end":{"line":80,"column":102}},"type":"binary-expr","locations":[{"start":{"line":80,"column":62},"end":{"line":80,"column":77}},{"start":{"line":80,"column":81},"end":{"line":80,"column":92}},{"start":{"line":80,"column":96},"end":{"line":80,"column":102}}],"line":80},"7":{"loc":{"start":{"line":81,"column":58},"end":{"line":81,"column":83}},"type":"binary-expr","locations":[{"start":{"line":81,"column":58},"end":{"line":81,"column":69}},{"start":{"line":81,"column":73},"end":{"line":81,"column":83}}],"line":81},"8":{"loc":{"start":{"line":96,"column":19},"end":{"line":104,"column":19}},"type":"binary-expr","locations":[{"start":{"line":96,"column":19},"end":{"line":96,"column":34}},{"start":{"line":97,"column":20},"end":{"line":103,"column":24}}],"line":96},"9":{"loc":{"start":{"line":106,"column":19},"end":{"line":114,"column":19}},"type":"binary-expr","locations":[{"start":{"line":106,"column":19},"end":{"line":106,"column":37}},{"start":{"line":107,"column":20},"end":{"line":113,"column":24}}],"line":106},"10":{"loc":{"start":{"line":116,"column":19},"end":{"line":124,"column":19}},"type":"binary-expr","locations":[{"start":{"line":116,"column":19},"end":{"line":116,"column":32}},{"start":{"line":117,"column":20},"end":{"line":123,"column":24}}],"line":116},"11":{"loc":{"start":{"line":162,"column":11},"end":{"line":180,"column":11}},"type":"binary-expr","locations":[{"start":{"line":162,"column":11},"end":{"line":162,"column":15}},{"start":{"line":163,"column":12},"end":{"line":179,"column":15}}],"line":162},"12":{"loc":{"start":{"line":164,"column":15},"end":{"line":168,"column":15}},"type":"binary-expr","locations":[{"start":{"line":164,"column":15},"end":{"line":164,"column":30}},{"start":{"line":165,"column":16},"end":{"line":167,"column":20}}],"line":164},"13":{"loc":{"start":{"line":169,"column":15},"end":{"line":173,"column":15}},"type":"binary-expr","locations":[{"start":{"line":169,"column":15},"end":{"line":169,"column":33}},{"start":{"line":170,"column":16},"end":{"line":172,"column":20}}],"line":169},"14":{"loc":{"start":{"line":174,"column":15},"end":{"line":178,"column":15}},"type":"binary-expr","locations":[{"start":{"line":174,"column":15},"end":{"line":174,"column":28}},{"start":{"line":175,"column":16},"end":{"line":177,"column":20}}],"line":174},"15":{"loc":{"start":{"line":185,"column":7},"end":{"line":190,"column":7}},"type":"binary-expr","locations":[{"start":{"line":185,"column":7},"end":{"line":185,"column":19}},{"start":{"line":186,"column":8},"end":{"line":189,"column":10}}],"line":185}},"s":{"0":0,"1":0,"2":0,"3":0,"4":0,"5":0,"6":0,"7":0,"8":0,"9":0,"10":0,"11":0,"12":0,"13":0,"14":0,"15":0,"16":0,"17":0,"18":0,"19":0,"20":0,"21":0},"f":{"0":0,"1":0,"2":0,"3":0,"4":0,"5":0},"b":{"0":[0,0],"1":[0,0,0,0],"2":[0,0],"3":[0,0,0],"4":[0,0,0],"5":[0,0],"6":[0,0,0],"7":[0,0],"8":[0,0],"9":[0,0],"10":[0,0],"11":[0,0],"12":[0,0],"13":[0,0],"14":[0,0],"15":[0,0]}}
,"E:\\mini-coursera-ui-tailwind\\src\\components\\layout\\LearnerNavbar.jsx": {"path":"E:\\mini-coursera-ui-tailwind\\src\\components\\layout\\LearnerNavbar.jsx","statementMap":{"0":{"start":{"line":16,"column":22},"end":{"line":223,"column":1}},"1":{"start":{"line":17,"column":28},"end":{"line":17,"column":37}},"2":{"start":{"line":18,"column":19},"end":{"line":18,"column":32}},"3":{"start":{"line":19,"column":48},"end":{"line":19,"column":63}},"4":{"start":{"line":20,"column":44},"end":{"line":20,"column":55}},"5":{"start":{"line":23,"column":2},"end":{"line":42,"column":9}},"6":{"start":{"line":24,"column":28},"end":{"line":35,"column":5}},"7":{"start":{"line":25,"column":6},"end":{"line":34,"column":7}},"8":{"start":{"line":26,"column":26},"end":{"line":26,"column":54}},"9":{"start":{"line":27,"column":8},"end":{"line":30,"column":9}},"10":{"start":{"line":28,"column":29},"end":{"line":28,"column":50}},"11":{"start":{"line":29,"column":10},"end":{"line":29,"column":46}},"12":{"start":{"line":32,"column":8},"end":{"line":32,"column":58}},"13":{"start":{"line":33,"column":8},"end":{"line":33,"column":28}},"14":{"start":{"line":37,"column":4},"end":{"line":37,"column":22}},"15":{"start":{"line":40,"column":4},"end":{"line":40,"column":56}},"16":{"start":{"line":41,"column":4},"end":{"line":41,"column":72}},"17":{"start":{"line":41,"column":17},"end":{"line":41,"column":71}},"18":{"start":{"line":44,"column":23},"end":{"line":55,"column":3}},"19":{"start":{"line":46,"column":4},"end":{"line":46,"column":37}},"20":{"start":{"line":47,"column":4},"end":{"line":47,"column":36}},"21":{"start":{"line":48,"column":4},"end":{"line":48,"column":36}},"22":{"start":{"line":51,"column":4},"end":{"line":51,"column":13}},"23":{"start":{"line":54,"column":4},"end":{"line":54,"column":37}},"24":{"start":{"line":57,"column":22},"end":{"line":60,"column":3}},"25":{"start":{"line":58,"column":4},"end":{"line":58,"column":26}},"26":{"start":{"line":58,"column":15},"end":{"line":58,"column":26}},"27":{"start":{"line":59,"column":4},"end":{"line":59,"column":83}},"28":{"start":{"line":59,"column":39},"end":{"line":59,"column":46}},"29":{"start":{"line":62,"column":28},"end":{"line":64,"column":3}},"30":{"start":{"line":63,"column":4},"end":{"line":63,"column":41}},"31":{"start":{"line":66,"column":2},"end":{"line":222,"column":4}},"32":{"start":{"line":168,"column":35},"end":{"line":168,"column":60}},"33":{"start":{"line":177,"column":35},"end":{"line":177,"column":60}},"34":{"start":{"line":186,"column":35},"end":{"line":186,"column":60}},"35":{"start":{"line":195,"column":35},"end":{"line":195,"column":60}}},"fnMap":{"0":{"name":"(anonymous_0)","decl":{"start":{"line":16,"column":22},"end":{"line":16,"column":23}},"loc":{"start":{"line":16,"column":28},"end":{"line":223,"column":1}},"line":16},"1":{"name":"(anonymous_1)","decl":{"start":{"line":23,"column":12},"end":{"line":23,"column":13}},"loc":{"start":{"line":23,"column":18},"end":{"line":42,"column":3}},"line":23},"2":{"name":"(anonymous_2)","decl":{"start":{"line":24,"column":28},"end":{"line":24,"column":29}},"loc":{"start":{"line":24,"column":34},"end":{"line":35,"column":5}},"line":24},"3":{"name":"(anonymous_3)","decl":{"start":{"line":41,"column":11},"end":{"line":41,"column":12}},"loc":{"start":{"line":41,"column":17},"end":{"line":41,"column":71}},"line":41},"4":{"name":"(anonymous_4)","decl":{"start":{"line":44,"column":23},"end":{"line":44,"column":24}},"loc":{"start":{"line":44,"column":29},"end":{"line":55,"column":3}},"line":44},"5":{"name":"(anonymous_5)","decl":{"start":{"line":57,"column":22},"end":{"line":57,"column":23}},"loc":{"start":{"line":57,"column":32},"end":{"line":60,"column":3}},"line":57},"6":{"name":"(anonymous_6)","decl":{"start":{"line":59,"column":31},"end":{"line":59,"column":32}},"loc":{"start":{"line":59,"column":39},"end":{"line":59,"column":46}},"line":59},"7":{"name":"(anonymous_7)","decl":{"start":{"line":62,"column":28},"end":{"line":62,"column":29}},"loc":{"start":{"line":62,"column":34},"end":{"line":64,"column":3}},"line":62},"8":{"name":"(anonymous_8)","decl":{"start":{"line":168,"column":29},"end":{"line":168,"column":30}},"loc":{"start":{"line":168,"column":35},"end":{"line":168,"column":60}},"line":168},"9":{"name":"(anonymous_9)","decl":{"start":{"line":177,"column":29},"end":{"line":177,"column":30}},"loc":{"start":{"line":177,"column":35},"end":{"line":177,"column":60}},"line":177},"10":{"name":"(anonymous_10)","decl":{"start":{"line":186,"column":29},"end":{"line":186,"column":30}},"loc":{"start":{"line":186,"column":35},"end":{"line":186,"column":60}},"line":186},"11":{"name":"(anonymous_11)","decl":{"start":{"line":195,"column":29},"end":{"line":195,"column":30}},"loc":{"start":{"line":195,"column":35},"end":{"line":195,"column":60}},"line":195}},"branchMap":{"0":{"loc":{"start":{"line":27,"column":8},"end":{"line":30,"column":9}},"type":"if","locations":[{"start":{"line":27,"column":8},"end":{"line":30,"column":9}},{"start":{},"end":{}}],"line":27},"1":{"loc":{"start":{"line":58,"column":4},"end":{"line":58,"column":26}},"type":"if","locations":[{"start":{"line":58,"column":4},"end":{"line":58,"column":26}},{"start":{},"end":{}}],"line":58},"2":{"loc":{"start":{"line":129,"column":15},"end":{"line":133,"column":15}},"type":"binary-expr","locations":[{"start":{"line":129,"column":15},"end":{"line":129,"column":32}},{"start":{"line":130,"column":16},"end":{"line":132,"column":23}}],"line":129},"3":{"loc":{"start":{"line":149,"column":19},"end":{"line":149,"column":65}},"type":"binary-expr","locations":[{"start":{"line":149,"column":19},"end":{"line":149,"column":55}},{"start":{"line":149,"column":59},"end":{"line":149,"column":65}}],"line":149},"4":{"loc":{"start":{"line":155,"column":15},"end":{"line":211,"column":15}},"type":"binary-expr","locations":[{"start":{"line":155,"column":15},"end":{"line":155,"column":30}},{"start":{"line":156,"column":16},"end":{"line":210,"column":22}}],"line":155},"5":{"loc":{"start":{"line":159,"column":23},"end":{"line":159,"column":59}},"type":"binary-expr","locations":[{"start":{"line":159,"column":23},"end":{"line":159,"column":44}},{"start":{"line":159,"column":48},"end":{"line":159,"column":59}}],"line":159}},"s":{"0":0,"1":0,"2":0,"3":0,"4":0,"5":0,"6":0,"7":0,"8":0,"9":0,"10":0,"11":0,"12":0,"13":0,"14":0,"15":0,"16":0,"17":0,"18":0,"19":0,"20":0,"21":0,"22":0,"23":0,"24":0,"25":0,"26":0,"27":0,"28":0,"29":0,"30":0,"31":0,"32":0,"33":0,"34":0,"35":0},"f":{"0":0,"1":0,"2":0,"3":0,"4":0,"5":0,"6":0,"7":0,"8":0,"9":0,"10":0,"11":0},"b":{"0":[0,0],"1":[0,0],"2":[0,0],"3":[0,0],"4":[0,0],"5":[0,0]}}
,"E:\\mini-coursera-ui-tailwind\\src\\components\\layout\\SideNav.jsx": {"path":"E:\\mini-coursera-ui-tailwind\\src\\components\\layout\\SideNav.jsx","statementMap":{"0":{"start":{"line":6,"column":16},"end":{"line":81,"column":1}},"1":{"start":{"line":7,"column":23},"end":{"line":46,"column":3}},"2":{"start":{"line":8,"column":4},"end":{"line":14,"column":5}},"3":{"start":{"line":9,"column":6},"end":{"line":13,"column":8}},"4":{"start":{"line":16,"column":4},"end":{"line":25,"column":5}},"5":{"start":{"line":17,"column":6},"end":{"line":24,"column":8}},"6":{"start":{"line":27,"column":4},"end":{"line":36,"column":5}},"7":{"start":{"line":28,"column":6},"end":{"line":35,"column":8}},"8":{"start":{"line":39,"column":4},"end":{"line":45,"column":6}},"9":{"start":{"line":48,"column":20},"end":{"line":48,"column":38}},"10":{"start":{"line":50,"column":22},"end":{"line":58,"column":3}},"11":{"start":{"line":51,"column":4},"end":{"line":51,"column":32}},"12":{"start":{"line":51,"column":16},"end":{"line":51,"column":31}},"13":{"start":{"line":52,"column":4},"end":{"line":57,"column":5}},"14":{"start":{"line":53,"column":24},"end":{"line":53,"column":47}},"15":{"start":{"line":54,"column":29},"end":{"line":54,"column":49}},"16":{"start":{"line":55,"column":26},"end":{"line":55,"column":44}},"17":{"start":{"line":56,"column":15},"end":{"line":56,"column":35}},"18":{"start":{"line":60,"column":2},"end":{"line":80,"column":4}},"19":{"start":{"line":70,"column":10},"end":{"line":76,"column":14}}},"fnMap":{"0":{"name":"(anonymous_0)","decl":{"start":{"line":6,"column":16},"end":{"line":6,"column":17}},"loc":{"start":{"line":6,"column":30},"end":{"line":81,"column":1}},"line":6},"1":{"name":"(anonymous_1)","decl":{"start":{"line":7,"column":23},"end":{"line":7,"column":24}},"loc":{"start":{"line":7,"column":33},"end":{"line":46,"column":3}},"line":7},"2":{"name":"(anonymous_2)","decl":{"start":{"line":50,"column":22},"end":{"line":50,"column":23}},"loc":{"start":{"line":50,"column":32},"end":{"line":58,"column":3}},"line":50},"3":{"name":"(anonymous_3)","decl":{"start":{"line":69,"column":23},"end":{"line":69,"column":24}},"loc":{"start":{"line":70,"column":10},"end":{"line":76,"column":14}},"line":70}},"branchMap":{"0":{"loc":{"start":{"line":8,"column":4},"end":{"line":14,"column":5}},"type":"if","locations":[{"start":{"line":8,"column":4},"end":{"line":14,"column":5}},{"start":{},"end":{}}],"line":8},"1":{"loc":{"start":{"line":16,"column":4},"end":{"line":25,"column":5}},"type":"if","locations":[{"start":{"line":16,"column":4},"end":{"line":25,"column":5}},{"start":{},"end":{}}],"line":16},"2":{"loc":{"start":{"line":27,"column":4},"end":{"line":36,"column":5}},"type":"if","locations":[{"start":{"line":27,"column":4},"end":{"line":36,"column":5}},{"start":{},"end":{}}],"line":27},"3":{"loc":{"start":{"line":51,"column":4},"end":{"line":51,"column":32}},"type":"if","locations":[{"start":{"line":51,"column":4},"end":{"line":51,"column":32}},{"start":{},"end":{}}],"line":51},"4":{"loc":{"start":{"line":52,"column":4},"end":{"line":57,"column":5}},"type":"switch","locations":[{"start":{"line":53,"column":6},"end":{"line":53,"column":47}},{"start":{"line":54,"column":6},"end":{"line":54,"column":49}},{"start":{"line":55,"column":6},"end":{"line":55,"column":44}},{"start":{"line":56,"column":6},"end":{"line":56,"column":35}}],"line":52},"5":{"loc":{"start":{"line":65,"column":11},"end":{"line":65,"column":59}},"type":"cond-expr","locations":[{"start":{"line":65,"column":18},"end":{"line":65,"column":49}},{"start":{"line":65,"column":52},"end":{"line":65,"column":59}}],"line":65}},"s":{"0":0,"1":0,"2":0,"3":0,"4":0,"5":0,"6":0,"7":0,"8":0,"9":0,"10":0,"11":0,"12":0,"13":0,"14":0,"15":0,"16":0,"17":0,"18":0,"19":0},"f":{"0":0,"1":0,"2":0,"3":0},"b":{"0":[0,0],"1":[0,0],"2":[0,0],"3":[0,0],"4":[0,0,0,0],"5":[0,0]}}
,"E:\\mini-coursera-ui-tailwind\\src\\components\\notifications\\NotificationDropdown.jsx": {"path":"E:\\mini-coursera-ui-tailwind\\src\\components\\notifications\\NotificationDropdown.jsx","statementMap":{"0":{"start":{"line":15,"column":29},"end":{"line":358,"column":1}},"1":{"start":{"line":16,"column":30},"end":{"line":16,"column":45}},"2":{"start":{"line":17,"column":44},"end":{"line":17,"column":56}},"3":{"start":{"line":18,"column":40},"end":{"line":18,"column":51}},"4":{"start":{"line":19,"column":32},"end":{"line":19,"column":47}},"5":{"start":{"line":20,"column":22},"end":{"line":20,"column":34}},"6":{"start":{"line":23,"column":2},"end":{"line":37,"column":15}},"7":{"start":{"line":24,"column":31},"end":{"line":28,"column":5}},"8":{"start":{"line":25,"column":6},"end":{"line":27,"column":7}},"9":{"start":{"line":26,"column":8},"end":{"line":26,"column":25}},"10":{"start":{"line":30,"column":4},"end":{"line":32,"column":5}},"11":{"start":{"line":31,"column":6},"end":{"line":31,"column":65}},"12":{"start":{"line":34,"column":4},"end":{"line":36,"column":6}},"13":{"start":{"line":35,"column":6},"end":{"line":35,"column":68}},"14":{"start":{"line":40,"column":2},"end":{"line":44,"column":9}},"15":{"start":{"line":41,"column":4},"end":{"line":41,"column":23}},"16":{"start":{"line":42,"column":21},"end":{"line":42,"column":57}},"17":{"start":{"line":43,"column":4},"end":{"line":43,"column":41}},"18":{"start":{"line":43,"column":17},"end":{"line":43,"column":40}},"19":{"start":{"line":47,"column":2},"end":{"line":51,"column":15}},"20":{"start":{"line":48,"column":4},"end":{"line":50,"column":5}},"21":{"start":{"line":49,"column":6},"end":{"line":49,"column":27}},"22":{"start":{"line":53,"column":27},"end":{"line":72,"column":3}},"23":{"start":{"line":54,"column":4},"end":{"line":71,"column":5}},"24":{"start":{"line":55,"column":20},"end":{"line":55,"column":49}},"25":{"start":{"line":56,"column":6},"end":{"line":56,"column":25}},"26":{"start":{"line":56,"column":18},"end":{"line":56,"column":25}},"27":{"start":{"line":58,"column":23},"end":{"line":63,"column":8}},"28":{"start":{"line":65,"column":19},"end":{"line":65,"column":40}},"29":{"start":{"line":66,"column":6},"end":{"line":68,"column":7}},"30":{"start":{"line":67,"column":8},"end":{"line":67,"column":35}},"31":{"start":{"line":70,"column":6},"end":{"line":70,"column":59}},"32":{"start":{"line":74,"column":29},"end":{"line":96,"column":3}},"33":{"start":{"line":75,"column":4},"end":{"line":95,"column":5}},"34":{"start":{"line":76,"column":6},"end":{"line":76,"column":23}},"35":{"start":{"line":77,"column":20},"end":{"line":77,"column":49}},"36":{"start":{"line":79,"column":23},"end":{"line":84,"column":8}},"37":{"start":{"line":86,"column":19},"end":{"line":86,"column":40}},"38":{"start":{"line":87,"column":6},"end":{"line":90,"column":7}},"39":{"start":{"line":88,"column":8},"end":{"line":88,"column":45}},"40":{"start":{"line":89,"column":8},"end":{"line":89,"column":41}},"41":{"start":{"line":92,"column":6},"end":{"line":92,"column":60}},"42":{"start":{"line":94,"column":6},"end":{"line":94,"column":24}},"43":{"start":{"line":98,"column":21},"end":{"line":122,"column":3}},"44":{"start":{"line":99,"column":4},"end":{"line":121,"column":5}},"45":{"start":{"line":100,"column":20},"end":{"line":100,"column":49}},"46":{"start":{"line":102,"column":6},"end":{"line":108,"column":9}},"47":{"start":{"line":111,"column":6},"end":{"line":117,"column":8}},"48":{"start":{"line":112,"column":8},"end":{"line":116,"column":9}},"49":{"start":{"line":113,"column":10},"end":{"line":115,"column":19}},"50":{"start":{"line":118,"column":6},"end":{"line":118,"column":52}},"51":{"start":{"line":118,"column":29},"end":{"line":118,"column":50}},"52":{"start":{"line":120,"column":6},"end":{"line":120,"column":53}},"53":{"start":{"line":124,"column":24},"end":{"line":144,"column":3}},"54":{"start":{"line":125,"column":4},"end":{"line":143,"column":5}},"55":{"start":{"line":126,"column":20},"end":{"line":126,"column":49}},"56":{"start":{"line":128,"column":6},"end":{"line":134,"column":9}},"57":{"start":{"line":137,"column":6},"end":{"line":139,"column":8}},"58":{"start":{"line":138,"column":8},"end":{"line":138,"column":75}},"59":{"start":{"line":138,"column":27},"end":{"line":138,"column":73}},"60":{"start":{"line":140,"column":6},"end":{"line":140,"column":24}},"61":{"start":{"line":142,"column":6},"end":{"line":142,"column":57}},"62":{"start":{"line":146,"column":29},"end":{"line":167,"column":3}},"63":{"start":{"line":147,"column":4},"end":{"line":166,"column":5}},"64":{"start":{"line":148,"column":20},"end":{"line":148,"column":49}},"65":{"start":{"line":150,"column":6},"end":{"line":156,"column":9}},"66":{"start":{"line":159,"column":20},"end":{"line":159,"column":68}},"67":{"start":{"line":159,"column":44},"end":{"line":159,"column":67}},"68":{"start":{"line":160,"column":6},"end":{"line":162,"column":7}},"69":{"start":{"line":161,"column":8},"end":{"line":161,"column":54}},"70":{"start":{"line":161,"column":31},"end":{"line":161,"column":52}},"71":{"start":{"line":163,"column":6},"end":{"line":163,"column":74}},"72":{"start":{"line":163,"column":31},"end":{"line":163,"column":72}},"73":{"start":{"line":163,"column":48},"end":{"line":163,"column":71}},"74":{"start":{"line":165,"column":6},"end":{"line":165,"column":59}},"75":{"start":{"line":169,"column":18},"end":{"line":190,"column":3}},"76":{"start":{"line":170,"column":22},"end":{"line":170,"column":31}},"77":{"start":{"line":173,"column":4},"end":{"line":173,"column":81}},"78":{"start":{"line":173,"column":36},"end":{"line":173,"column":81}},"79":{"start":{"line":174,"column":4},"end":{"line":174,"column":75}},"80":{"start":{"line":174,"column":33},"end":{"line":174,"column":75}},"81":{"start":{"line":175,"column":4},"end":{"line":175,"column":81}},"82":{"start":{"line":175,"column":36},"end":{"line":175,"column":81}},"83":{"start":{"line":178,"column":4},"end":{"line":189,"column":5}},"84":{"start":{"line":180,"column":8},"end":{"line":180,"column":53}},"85":{"start":{"line":182,"column":8},"end":{"line":182,"column":53}},"86":{"start":{"line":184,"column":8},"end":{"line":184,"column":55}},"87":{"start":{"line":186,"column":8},"end":{"line":186,"column":50}},"88":{"start":{"line":188,"column":8},"end":{"line":188,"column":46}},"89":{"start":{"line":192,"column":23},"end":{"line":205,"column":3}},"90":{"start":{"line":193,"column":4},"end":{"line":204,"column":5}},"91":{"start":{"line":195,"column":8},"end":{"line":195,"column":44}},"92":{"start":{"line":197,"column":8},"end":{"line":197,"column":40}},"93":{"start":{"line":199,"column":8},"end":{"line":199,"column":46}},"94":{"start":{"line":201,"column":8},"end":{"line":201,"column":42}},"95":{"start":{"line":203,"column":8},"end":{"line":203,"column":42}},"96":{"start":{"line":207,"column":21},"end":{"line":220,"column":3}},"97":{"start":{"line":208,"column":17},"end":{"line":208,"column":37}},"98":{"start":{"line":209,"column":16},"end":{"line":209,"column":26}},"99":{"start":{"line":210,"column":17},"end":{"line":210,"column":27}},"100":{"start":{"line":211,"column":20},"end":{"line":211,"column":44}},"101":{"start":{"line":212,"column":18},"end":{"line":212,"column":44}},"102":{"start":{"line":213,"column":17},"end":{"line":213,"column":44}},"103":{"start":{"line":215,"column":4},"end":{"line":215,"column":39}},"104":{"start":{"line":215,"column":21},"end":{"line":215,"column":39}},"105":{"start":{"line":216,"column":4},"end":{"line":216,"column":53}},"106":{"start":{"line":216,"column":22},"end":{"line":216,"column":53}},"107":{"start":{"line":217,"column":4},"end":{"line":217,"column":48}},"108":{"start":{"line":217,"column":20},"end":{"line":217,"column":48}},"109":{"start":{"line":218,"column":4},"end":{"line":218,"column":46}},"110":{"start":{"line":218,"column":18},"end":{"line":218,"column":46}},"111":{"start":{"line":219,"column":4},"end":{"line":219,"column":44}},"112":{"start":{"line":222,"column":2},"end":{"line":357,"column":4}},"113":{"start":{"line":226,"column":23},"end":{"line":226,"column":41}},"114":{"start":{"line":274,"column":18},"end":{"line":336,"column":24}},"115":{"start":{"line":294,"column":45},"end":{"line":294,"column":72}},"116":{"start":{"line":314,"column":34},"end":{"line":314,"column":86}},"117":{"start":{"line":315,"column":34},"end":{"line":317,"column":35}},"118":{"start":{"line":316,"column":36},"end":{"line":316,"column":64}},"119":{"start":{"line":318,"column":34},"end":{"line":318,"column":51}},"120":{"start":{"line":326,"column":45},"end":{"line":326,"column":80}},"121":{"start":{"line":347,"column":31},"end":{"line":347,"column":47}}},"fnMap":{"0":{"name":"(anonymous_0)","decl":{"start":{"line":15,"column":29},"end":{"line":15,"column":30}},"loc":{"start":{"line":15,"column":35},"end":{"line":358,"column":1}},"line":15},"1":{"name":"(anonymous_1)","decl":{"start":{"line":23,"column":12},"end":{"line":23,"column":13}},"loc":{"start":{"line":23,"column":18},"end":{"line":37,"column":3}},"line":23},"2":{"name":"(anonymous_2)","decl":{"start":{"line":24,"column":31},"end":{"line":24,"column":32}},"loc":{"start":{"line":24,"column":42},"end":{"line":28,"column":5}},"line":24},"3":{"name":"(anonymous_3)","decl":{"start":{"line":34,"column":11},"end":{"line":34,"column":12}},"loc":{"start":{"line":34,"column":17},"end":{"line":36,"column":5}},"line":34},"4":{"name":"(anonymous_4)","decl":{"start":{"line":40,"column":12},"end":{"line":40,"column":13}},"loc":{"start":{"line":40,"column":18},"end":{"line":44,"column":3}},"line":40},"5":{"name":"(anonymous_5)","decl":{"start":{"line":43,"column":11},"end":{"line":43,"column":12}},"loc":{"start":{"line":43,"column":17},"end":{"line":43,"column":40}},"line":43},"6":{"name":"(anonymous_6)","decl":{"start":{"line":47,"column":12},"end":{"line":47,"column":13}},"loc":{"start":{"line":47,"column":18},"end":{"line":51,"column":3}},"line":47},"7":{"name":"(anonymous_7)","decl":{"start":{"line":53,"column":27},"end":{"line":53,"column":28}},"loc":{"start":{"line":53,"column":39},"end":{"line":72,"column":3}},"line":53},"8":{"name":"(anonymous_8)","decl":{"start":{"line":74,"column":29},"end":{"line":74,"column":30}},"loc":{"start":{"line":74,"column":41},"end":{"line":96,"column":3}},"line":74},"9":{"name":"(anonymous_9)","decl":{"start":{"line":98,"column":21},"end":{"line":98,"column":22}},"loc":{"start":{"line":98,"column":47},"end":{"line":122,"column":3}},"line":98},"10":{"name":"(anonymous_10)","decl":{"start":{"line":111,"column":23},"end":{"line":111,"column":24}},"loc":{"start":{"line":112,"column":8},"end":{"line":116,"column":9}},"line":112},"11":{"name":"(anonymous_11)","decl":{"start":{"line":112,"column":17},"end":{"line":112,"column":18}},"loc":{"start":{"line":113,"column":10},"end":{"line":115,"column":19}},"line":113},"12":{"name":"(anonymous_12)","decl":{"start":{"line":118,"column":21},"end":{"line":118,"column":22}},"loc":{"start":{"line":118,"column":29},"end":{"line":118,"column":50}},"line":118},"13":{"name":"(anonymous_13)","decl":{"start":{"line":124,"column":24},"end":{"line":124,"column":25}},"loc":{"start":{"line":124,"column":36},"end":{"line":144,"column":3}},"line":124},"14":{"name":"(anonymous_14)","decl":{"start":{"line":137,"column":23},"end":{"line":137,"column":24}},"loc":{"start":{"line":138,"column":8},"end":{"line":138,"column":75}},"line":138},"15":{"name":"(anonymous_15)","decl":{"start":{"line":138,"column":17},"end":{"line":138,"column":18}},"loc":{"start":{"line":138,"column":27},"end":{"line":138,"column":73}},"line":138},"16":{"name":"(anonymous_16)","decl":{"start":{"line":146,"column":29},"end":{"line":146,"column":30}},"loc":{"start":{"line":146,"column":55},"end":{"line":167,"column":3}},"line":146},"17":{"name":"(anonymous_17)","decl":{"start":{"line":159,"column":39},"end":{"line":159,"column":40}},"loc":{"start":{"line":159,"column":44},"end":{"line":159,"column":67}},"line":159},"18":{"name":"(anonymous_18)","decl":{"start":{"line":161,"column":23},"end":{"line":161,"column":24}},"loc":{"start":{"line":161,"column":31},"end":{"line":161,"column":52}},"line":161},"19":{"name":"(anonymous_19)","decl":{"start":{"line":163,"column":23},"end":{"line":163,"column":24}},"loc":{"start":{"line":163,"column":31},"end":{"line":163,"column":72}},"line":163},"20":{"name":"(anonymous_20)","decl":{"start":{"line":163,"column":43},"end":{"line":163,"column":44}},"loc":{"start":{"line":163,"column":48},"end":{"line":163,"column":71}},"line":163},"21":{"name":"(anonymous_21)","decl":{"start":{"line":169,"column":18},"end":{"line":169,"column":19}},"loc":{"start":{"line":169,"column":38},"end":{"line":190,"column":3}},"line":169},"22":{"name":"(anonymous_22)","decl":{"start":{"line":192,"column":23},"end":{"line":192,"column":24}},"loc":{"start":{"line":192,"column":33},"end":{"line":205,"column":3}},"line":192},"23":{"name":"(anonymous_23)","decl":{"start":{"line":207,"column":21},"end":{"line":207,"column":22}},"loc":{"start":{"line":207,"column":37},"end":{"line":220,"column":3}},"line":207},"24":{"name":"(anonymous_24)","decl":{"start":{"line":226,"column":17},"end":{"line":226,"column":18}},"loc":{"start":{"line":226,"column":23},"end":{"line":226,"column":41}},"line":226},"25":{"name":"(anonymous_25)","decl":{"start":{"line":273,"column":35},"end":{"line":273,"column":36}},"loc":{"start":{"line":274,"column":18},"end":{"line":336,"column":24}},"line":274},"26":{"name":"(anonymous_26)","decl":{"start":{"line":294,"column":39},"end":{"line":294,"column":40}},"loc":{"start":{"line":294,"column":45},"end":{"line":294,"column":72}},"line":294},"27":{"name":"(anonymous_27)","decl":{"start":{"line":313,"column":41},"end":{"line":313,"column":42}},"loc":{"start":{"line":313,"column":48},"end":{"line":319,"column":33}},"line":313},"28":{"name":"(anonymous_28)","decl":{"start":{"line":326,"column":39},"end":{"line":326,"column":40}},"loc":{"start":{"line":326,"column":45},"end":{"line":326,"column":80}},"line":326},"29":{"name":"(anonymous_29)","decl":{"start":{"line":347,"column":25},"end":{"line":347,"column":26}},"loc":{"start":{"line":347,"column":31},"end":{"line":347,"column":47}},"line":347}},"branchMap":{"0":{"loc":{"start":{"line":25,"column":6},"end":{"line":27,"column":7}},"type":"if","locations":[{"start":{"line":25,"column":6},"end":{"line":27,"column":7}},{"start":{},"end":{}}],"line":25},"1":{"loc":{"start":{"line":25,"column":10},"end":{"line":25,"column":76}},"type":"binary-expr","locations":[{"start":{"line":25,"column":10},"end":{"line":25,"column":29}},{"start":{"line":25,"column":33},"end":{"line":25,"column":76}}],"line":25},"2":{"loc":{"start":{"line":30,"column":4},"end":{"line":32,"column":5}},"type":"if","locations":[{"start":{"line":30,"column":4},"end":{"line":32,"column":5}},{"start":{},"end":{}}],"line":30},"3":{"loc":{"start":{"line":48,"column":4},"end":{"line":50,"column":5}},"type":"if","locations":[{"start":{"line":48,"column":4},"end":{"line":50,"column":5}},{"start":{},"end":{}}],"line":48},"4":{"loc":{"start":{"line":48,"column":8},"end":{"line":48,"column":44}},"type":"binary-expr","locations":[{"start":{"line":48,"column":8},"end":{"line":48,"column":14}},{"start":{"line":48,"column":18},"end":{"line":48,"column":44}}],"line":48},"5":{"loc":{"start":{"line":56,"column":6},"end":{"line":56,"column":25}},"type":"if","locations":[{"start":{"line":56,"column":6},"end":{"line":56,"column":25}},{"start":{},"end":{}}],"line":56},"6":{"loc":{"start":{"line":66,"column":6},"end":{"line":68,"column":7}},"type":"if","locations":[{"start":{"line":66,"column":6},"end":{"line":68,"column":7}},{"start":{},"end":{}}],"line":66},"7":{"loc":{"start":{"line":87,"column":6},"end":{"line":90,"column":7}},"type":"if","locations":[{"start":{"line":87,"column":6},"end":{"line":90,"column":7}},{"start":{},"end":{}}],"line":87},"8":{"loc":{"start":{"line":113,"column":10},"end":{"line":115,"column":19}},"type":"cond-expr","locations":[{"start":{"line":114,"column":14},"end":{"line":114,"column":60}},{"start":{"line":115,"column":14},"end":{"line":115,"column":19}}],"line":113},"9":{"loc":{"start":
[...]
,"E:\\mini-coursera-ui-tailwind\\src\\utils\\validation.js": {"path":"E:\\mini-coursera-ui-tailwind\\src\\utils\\validation.js","statementMap":{"0":{"start":{"line":9,"column":4},"end":{"line":9,"column":21}},"1":{"start":{"line":14,"column":4},"end":{"line":14,"column":21}},"2":{"start":{"line":15,"column":4},"end":{"line":15,"column":16}},"3":{"start":{"line":20,"column":4},"end":{"line":20,"column":49}},"4":{"start":{"line":25,"column":4},"end":{"line":25,"column":23}},"5":{"start":{"line":30,"column":4},"end":{"line":30,"column":30}},"6":{"start":{"line":35,"column":4},"end":{"line":35,"column":33}},"7":{"start":{"line":36,"column":4},"end":{"line":36,"column":16}},"8":{"start":{"line":41,"column":4},"end":{"line":43,"column":5}},"9":{"start":{"line":42,"column":6},"end":{"line":42,"column":36}},"10":{"start":{"line":44,"column":4},"end":{"line":44,"column":16}},"11":{"start":{"line":49,"column":4},"end":{"line":51,"column":5}},"12":{"start":{"line":50,"column":6},"end":{"line":50,"column":36}},"13":{"start":{"line":52,"column":4},"end":{"line":52,"column":16}},"14":{"start":{"line":57,"column":4},"end":{"line":59,"column":5}},"15":{"start":{"line":58,"column":6},"end":{"line":58,"column":36}},"16":{"start":{"line":60,"column":4},"end":{"line":60,"column":16}},"17":{"start":{"line":65,"column":4},"end":{"line":73,"column":5}},"18":{"start":{"line":66,"column":21},"end":{"line":66,"column":33}},"19":{"start":{"line":67,"column":6},"end":{"line":69,"column":7}},"20":{"start":{"line":68,"column":8},"end":{"line":68,"column":81}},"21":{"start":{"line":70,"column":6},"end":{"line":72,"column":7}},"22":{"start":{"line":71,"column":8},"end":{"line":71,"column":85}},"23":{"start":{"line":74,"column":4},"end":{"line":74,"column":16}},"24":{"start":{"line":79,"column":4},"end":{"line":81,"column":5}},"25":{"start":{"line":80,"column":6},"end":{"line":80,"column":36}},"26":{"start":{"line":82,"column":4},"end":{"line":82,"column":16}},"27":{"start":{"line":87,"column":4},"end":{"line":89,"column":5}},"28":{"start":{"line":88,"column":6},"end":{"line":88,"column":43}},"29":{"start":{"line":90,"column":4},"end":{"line":90,"column":16}},"30":{"start":{"line":95,"column":16},"end":{"line":95,"column":29}},"31":{"start":{"line":96,"column":4},"end":{"line":102,"column":5}},"32":{"start":{"line":97,"column":6},"end":{"line":97,"column":61}},"33":{"start":{"line":98,"column":11},"end":{"line":102,"column":5}},"34":{"start":{"line":99,"column":6},"end":{"line":99,"column":80}},"35":{"start":{"line":100,"column":11},"end":{"line":102,"column":5}},"36":{"start":{"line":101,"column":6},"end":{"line":101,"column":80}},"37":{"start":{"line":103,"column":4},"end":{"line":103,"column":16}},"38":{"start":{"line":108,"column":4},"end":{"line":111,"column":5}},"39":{"start":{"line":109,"column":24},"end":{"line":109,"column":57}},"40":{"start":{"line":110,"column":6},"end":{"line":110,"column":80}},"41":{"start":{"line":112,"column":4},"end":{"line":112,"column":16}},"42":{"start":{"line":117,"column":4},"end":{"line":119,"column":5}},"43":{"start":{"line":118,"column":6},"end":{"line":118,"column":74}},"44":{"start":{"line":120,"column":4},"end":{"line":120,"column":16}},"45":{"start":{"line":125,"column":33},"end":{"line":162,"column":1}},"46":{"start":{"line":127,"column":4},"end":{"line":130,"column":67}},"47":{"start":{"line":134,"column":4},"end":{"line":142,"column":91}},"48":{"start":{"line":146,"column":4},"end":{"line":153,"column":83}},"49":{"start":{"line":157,"column":4},"end":{"line":160,"column":34}},"50":{"start":{"line":165,"column":28},"end":{"line":171,"column":1}},"51":{"start":{"line":166,"column":20},"end":{"line":166,"column":72}},"52":{"start":{"line":167,"column":2},"end":{"line":170,"column":4}},"53":{"start":{"line":174,"column":32},"end":{"line":204,"column":1}},"54":{"start":{"line":176,"column":23},"end":{"line":176,"column":53}},"55":{"start":{"line":177,"column":4},"end":{"line":177,"column":34}},"56":{"start":{"line":181,"column":4},"end":{"line":186,"column":5}},"57":{"start":{"line":182,"column":6},"end":{"line":182,"column":19}},"58":{"start":{"line":183,"column":6},"end":{"line":183,"column":18}},"59":{"start":{"line":185,"column":6},"end":{"line":185,"column":19}},"60":{"start":{"line":191,"column":32},"end":{"line":191,"column":87}},"61":{"start":{"line":192,"column":4},"end":{"line":192,"column":46}},"62":{"start":{"line":196,"column":17},"end":{"line":196,"column":37}},"63":{"start":{"line":197,"column":4},"end":{"line":197,"column":48}},"64":{"start":{"line":201,"column":17},"end":{"line":201,"column":37}},"65":{"start":{"line":202,"column":4},"end":{"line":202,"column":29}}},"fnMap":{"0":{"name":"(anonymous_0)","decl":{"start":{"line":8,"column":2},"end":{"line":8,"column":3}},"loc":{"start":{"line":8,"column":16},"end":{"line":10,"column":3}},"line":8},"1":{"name":"(anonymous_1)","decl":{"start":{"line":13,"column":2},"end":{"line":13,"column":3}},"loc":{"start":{"line":13,"column":10},"end":{"line":16,"column":3}},"line":13},"2":{"name":"(anonymous_2)","decl":{"start":{"line":19,"column":2},"end":{"line":19,"column":3}},"loc":{"start":{"line":19,"column":12},"end":{"line":21,"column":3}},"line":19},"3":{"name":"(anonymous_3)","decl":{"start":{"line":24,"column":2},"end":{"line":24,"column":3}},"loc":{"start":{"line":24,"column":14},"end":{"line":26,"column":3}},"line":24},"4":{"name":"(anonymous_4)","decl":{"start":{"line":29,"column":2},"end":{"line":29,"column":3}},"loc":{"start":{"line":29,"column":18},"end":{"line":31,"column":3}},"line":29},"5":{"name":"(anonymous_5)","decl":{"start":{"line":34,"column":2},"end":{"line":34,"column":3}},"loc":{"start":{"line":34,"column":27},"end":{"line":37,"column":3}},"line":34},"6":{"name":"(anonymous_6)","decl":{"start":{"line":40,"column":2},"end":{"line":40,"column":3}},"loc":{"start":{"line":40,"column":59},"end":{"line":45,"column":3}},"line":40},"7":{"name":"(anonymous_7)","decl":{"start":{"line":48,"column":2},"end":{"line":48,"column":3}},"loc":{"start":{"line":48,"column":54},"end":{"line":53,"column":3}},"line":48},"8":{"name":"(anonymous_8)","decl":{"start":{"line":56,"column":2},"end":{"line":56,"column":3}},"loc":{"start":{"line":56,"column":103},"end":{"line":61,"column":3}},"line":56},"9":{"name":"(anonymous_9)","decl":{"start":{"line":64,"column":2},"end":{"line":64,"column":3}},"loc":{"start":{"line":64,"column":42},"end":{"line":75,"column":3}},"line":64},"10":{"name":"(anonymous_10)","decl":{"start":{"line":78,"column":2},"end":{"line":78,"column":3}},"loc":{"start":{"line":78,"column":43},"end":{"line":83,"column":3}},"line":78},"11":{"name":"(anonymous_11)","decl":{"start":{"line":86,"column":2},"end":{"line":86,"column":3}},"loc":{"start":{"line":86,"column":116},"end":{"line":91,"column":3}},"line":86},"12":{"name":"(anonymous_12)","decl":{"start":{"line":94,"column":2},"end":{"line":94,"column":3}},"loc":{"start":{"line":94,"column":41},"end":{"line":104,"column":3}},"line":94},"13":{"name":"(anonymous_13)","decl":{"start":{"line":107,"column":2},"end":{"line":107,"column":3}},"loc":{"start":{"line":107,"column":42},"end":{"line":113,"column":3}},"line":107},"14":{"name":"(anonymous_14)","decl":{"start":{"line":116,"column":2},"end":{"line":116,"column":3}},"loc":{"start":{"line":116,"column":47},"end":{"line":121,"column":3}},"line":116},"15":{"name":"(anonymous_15)","decl":{"start":{"line":126,"column":9},"end":{"line":126,"column":10}},"loc":{"start":{"line":126,"column":19},"end":{"line":131,"column":3}},"line":126},"16":{"name":"(anonymous_16)","decl":{"start":{"line":133,"column":12},"end":{"line":133,"column":13}},"loc":{"start":{"line":133,"column":22},"end":{"line":143,"column":3}},"line":133},"17":{"name":"(anonymous_17)","decl":{"start":{"line":145,"column":10},"end":{"line":145,"column":11}},"loc":{"start":{"line":145,"column":20},"end":{"line":154,"column":3}},"line":145},"18":{"name":"(anonymous_18)","decl":{"start":{"line":156,"column":11},"end":{"line":156,"column":12}},"loc":{"start":{"line":156,"column":21},"end":{"line":161,"column":3}},"line":156},"19":{"name":"(anonymous_19)","decl":{"start":{"line":165,"column":28},"end":{"line":165,"column":29}},"loc":{"start":{"line":165,"column":46},"end":{"line":171,"column":1}},"line":165},"20":{"name":"(anonymous_20)","decl":{"start":{"line":175,"column":16},"end":{"line":175,"column":17}},"loc":{"start":{"line":175,"column":27},"end":{"line":178,"column":3}},"line":175},"21":{"name":"(anonymous_21)","decl":{"start":{"line":180,"column":14},"end":{"line":180,"column":15}},"loc":{"start":{"line":180,"column":23},"end":{"line":187,"column":3}},"line":180},"22":{"name":"(anonymous_22)","decl":{"start":{"line":189,"column":20},"end":{"line":189,"column":21}},"loc":{"start":{"line":189,"column":34},"end":{"line":193,"column":3}},"line":189},"23":{"name":"(anonymous_23)","decl":{"start":{"line":195,"column":15},"end":{"line":195,"column":16}},"loc":{"start":{"line":195,"column":31},"end":{"line":198,"column":3}},"line":195},"24":{"name":"(anonymous_24)","decl":{"start":{"line":200,"column":16},"end":{"line":200,"column":17}},"loc":{"start":{"line":200,"column":32},"end":{"line":203,"column":3}},"line":200}},"branchMap":{"0":{"loc":{"start":{"line":40,"column":25},"end":{"line":40,"column":57}},"type":"default-arg","locations":[{"start":{"line":40,"column":35},"end":{"line":40,"column":57}}],"line":40},"1":{"loc":{"start":{"line":41,"column":4},"end":{"line":43,"column":5}},"type":"if","locations":[{"start":{"line":41,"column":4},"end":{"line":43,"column":5}},{"start":{},"end":{}}],"line":41},"2":{"loc":{"start":{"line":41,"column":8},"end":{"line":41,"column":68}},"type":"binary-expr","locations":[{"start":{"line":41,"column":8},"end":{"line":41,"column":14}},{"start":{"line":41,"column":19},"end":{"line":41,"column":44}},{"start":{"line":41,"column":48},"end":{"line":41,"column":67}}],"line":41},"3":{"loc":{"start":{"line":48,"column":22},"end":{"line":48,"column":52}},"type":"default-arg","locations":[{"start":{"line":48,"column":32},"end":{"line":48,"column":52}}],"line":48},"4":{"loc":{"start":{"line":49,"column":4},"end":{"line":51,"column":5}},"type":"if","locations":[{"start":{"line":49,"column":4},"end":{"line":51,"column":5}},{"start":{},"end":{}}],"line":49},"5":{"loc":{"start":{"line":49,"column":8},"end":{"line":49,"column":52}},"type":"binary-expr","locations":[{"start":{"line":49,"column":8},"end":{"line":49,"column":13}},{"start":{"line":49,"column":17},"end":{"line":49,"column":52}}],"line":49},"6":{"loc":{"start":{"line":56,"column":25},"end":{"line":56,"column":101}},"type":"default-arg","locations":[{"start":{"line":56,"column":35},"end":{"line":56,"column":101}}],"line":56},"7":{"loc":{"start":{"line":57,"column":4},"end":{"line":59,"column":5}},"type":"if","locations":[{"start":{"line":57,"column":4},"end":{"line":59,"column":5}},{"start":{},"end":{}}],"line":57},"8":{"loc":{"start":{"line":57,"column":8},"end":{"line":57,"column":62}},"type":"binary-expr","locations":[{"start":{"line":57,"column":8},"end":{"line":57,"column":13}},{"start":{"line":57,"column":17},"end":{"line":57,"column":62}}],"line":57},"9":{"loc":{"start":{"line":65,"column":4},"end":{"line":73,"column":5}},"type":"if","locations":[{"start":{"line":65,"column":4},"end":{"line":73,"column":5}},{"start":{},"end":{}}],"line":65},"10":{"loc":{"start":{"line":67,"column":6},"end":{"line":69,"column":7}},"type":"if","locations":[{"start":{"line":67,"column":6},"end":{"line":69,"column":7}},{"start":{},"end":{}}],"line":67},"11":{"loc":{"start":{"line":67,"column":10},"end":{"line":67,"column":29}},"type":"binary-expr","locations":[{"start":{"line":67,"column":10},"end":{"line":67,"column":13}},{"start":{"line":67,"column":17},"end":{"line":67,"column":29}}],"line":67},"12":{"loc":{"start":{"line":68,"column":29},"end":{"line":68,"column":79}},"type":"binary-expr","locations":[{"start":{"line":68,"column":29},"end":{"line":68,"column":36}},{"start":{"line":68,"column":40},"end":{"line":68,"column":79}}],"line":68},"13":{"loc":{"start":{"line":70,"column":6},"end":{"line":72,"column":7}},"type":"if","locations":[{"start":{"line":70,"column":6},"end":{"line":72,"column":7}},{"start":{},"end":{}}],"line":70},"14":{"loc":{"start":{"line":70,"column":10},"end":{"line":70,"column":29}},"type":"binary-expr","locations":[{"start":{"line":70,"column":10},"end":{"line":70,"column":13}},{"start":{"line":70,"column":17},"end":{"line":70,"column":29}}],"line":70},"15":{"loc":{"start":{"line":71,"column":29},"end":{"line":71,"column":83}},"type":"binary-expr","locations":[{"start":{"line":71,"column":29},"end":{"line":71,"column":36}},{"start":{"line":71,"column":40},"end":{"line":71,"column":83}}],"line":71},"16":{"loc":{"start":{"line":79,"column":4},"end":{"line":81,"column":5}},"type":"if","locations":[{"start":{"line":79,"column":4},"end":{"line":81,"column":5}},{"start":{},"end":{}}],"line":79},"17":{"loc":{"start":{"line":86,"column":74},"end":{"line":86,"column":114}},"type":"default-arg","locations":[{"start":{"line":86,"column":84},"end":{"line":86,"column":114}}],"line":86},"18":{"loc":{"start":{"line":87,"column":4},"end":{"line":89,"column":5}},"type":"if","locations":[{"start":{"line":87,"column":4},"end":{"line":89,"column":5}},{"start":{},"end":{}}],"line":87},"19":{"loc":{"start":{"line":96,"column":4},"end":{"line":102,"column":5}},"type":"if","locations":[{"start":{"line":96,"column":4},"end":{"line":102,"column":5}},{"start":{"line":98,"column":11},"end":{"line":102,"column":5}}],"line":96},"20":{"loc":{"start":{"line":97,"column":27},"end":{"line":97,"column":59}},"type":"binary-expr","locations":[{"start":{"line":97,"column":27},"end":{"line":97,"column":34}},{"start":{"line":97,"column":38},"end":{"line":97,"column":59}}],"line":97},"21":{"loc":{"start":{"line":98,"column":11},"end":{"line":102,"column":5}},"type":"if","locations":[{"start":{"line":98,"column":11},"end":{"line":102,"column":5}},{"start":{"line":100,"column":11},"end":{"line":102,"column":5}}],"line":98},"22":{"loc":{"start":{"line":98,"column":15},"end":{"line":98,"column":45}},"type":"binary-expr","locations":[{"start":{"line":98,"column":15},"end":{"line":98,"column":32}},{"start":{"line":98,"column":36},"end":{"line":98,"column":45}}],"line":98},"23":{"loc":{"start":{"line":99,"column":27},"end":{"line":99,"column":78}},"type":"binary-expr","locations":[{"start":{"line":99,"column":27},"end":{"line":99,"column":34}},{"start":{"line":99,"column":38},"end":{"line":99,"column":78}}],"line":99},"24":{"loc":{"start":{"line":100,"column":11},"end":{"line":102,"column":5}},"type":"if","locations":[{"start":{"line":100,"column":11},"end":{"line":102,"column":5}},{"start":{},"end":{}}],"line":100},"25":{"loc":{"start":{"line":100,"column":15},"end":{"line":100,"column":45}},"type":"binary-expr","locations":[{"start":{"line":100,"column":15},"end":{"line":100,"column":32}},{"start":{"line":100,"column":36},"end":{"line":100,"column":45}}],"line":100},"26":{"loc":{"start":{"line":101,"column":27},"end":{"line":101,"column":78}},"type":"binary-expr","locations":[{"start":{"line":101,"column":27},"end":{"line":101,"column":34}},{"start":{"line":101,"column":38},"end":{"line":101,"column":78}}],"line":101},"27":{"loc":{"start":{"line":108,"column":4},"end":{"line":111,"column":5}},"type":"if","locations":[{"start":{"line":108,"column":4},"end":{"line":111,"column":5}},{"start":{},"end":{}}],"line":108},"28":{"loc":{"start":{"line":108,"column":8},"end":{"line":108,"column":35}},"type":"binary-expr","locations":[{"start":{"line":108,"column":8},"end":{"line":108,"column":12}},{"start":{"line":108,"column":16},"end":{"line":108,"column":35}}],"line":108},"29":{"loc":{"start":{"line":110,"column":27},"end":{"line":110,"column":78}},"type":"binary-expr","locations":[{"start":{"line":110,"column":27},"end":{"line":110,"column":34}},{"start":{"line":110,"column":38},"end":{"line":110,"column":78}}],"line":110},"30":{"loc":{"start":{"line":117,"column":4},"end":{"line":119,"column":5}},"type":"if","locations":[{"start":{"line":117,"column":4},"end":{"line":119,"column":5}},{"start":{},"end":{}}],"line":117},"31":{"loc":{"start":{"line":117,"column":8},"end":{"line":117,"column":49}},"type":"binary-expr","locations":[{"start":{"line":117,"column":8},"end":{"line":117,"column":12}},{"start":{"line":117,"column":16},"end":{"line":117,"column":49}}],"line":117},"32":{"loc":{"start":{"line":118,"column":27},"end":{"line":118,"column":72}},"type":"binary-expr","locations":[{"start":{"line":118,"column":27},"end":{"line":118,"column":34}},{"start":{"line":118,"column":38},"end":{"line":118,"column":72}}],"line":118},"33":{"loc":{"start":{"line":166,"column":20},"end":{"line":166,"column":72}},"type":"cond-expr","locations":[{"start":{"line":166,"column":51},"end":{"line":166,"column":63}},{"start":{"line":166,"column":66},"end":{"line":166,"column":72}}],"line":166},"34":{"loc":{"start":{"line":197,"column":11},"end":{"line":197,"column":47}},"type":"binary-expr","locations":[{"start":{"line":197,"column":11},"end":{"line":197,"column":31}},{"start":{"line":197,"column":35},"end":{"line":197,"column":47}}],"line":197}},"s":{"0":0,"1":0,"2":0,"3":0,"4":0,"5":0,"6":0,"7":0,"8":0,"9":0,"10":0,"11":0,"12":0,"13":0,"14":0,"15":0,"16":0,"17":0,"18":0,"19":0,"20":0,"21":0,"22":0,"23":0,"24":0,"25":0,"26":0,"27":0,"28":0,"29":0,"30":0,"31":0,"32":0,"33":0,"34":0,"35":0,"36":0,"37":0,"38":0,"39":0,"40":0,"41":0,"42":0,"43":0,"44":0,"45":0,"46":0,"47":0,"48":0,"49":0,"50":0,"51":0,"52":0,"53":0,"54":0,"55":0,"56":0,"57":0,"58":0,"59":0,"60":0,"61":0,"62":0,"63":0,"64":0,"65":0},"f":{"0":0,"1":0,"2":0,"3":0,"4":0,"5":0,"6":0,"7":0,"8":0,"9":0,"10":0,"11":0,"12":0,"13":0,"14":0,"15":0,"16":0,"17":0,"18":0,"19":0,"20":0,"21":0,"22":0,"23":0,"24":0},"b":{"0":[0],"1":[0,0],"2":[0,0,0],"3":[0],"4":[0,0],"5":[0,0],"6":[0],"7":[0,0],"8":[0,0],"9":[0,0],"10":[0,0],"11":[0,0],"12":[0,0],"13":[0,0],"14":[0,0],"15":[0,0],"16":[0,0],"17":[0],"18":[0,0],"19":[0,0],"20":[0,0],"21":[0,0],"22":[0,0],"23":[0,0],"24":[0,0],"25":[0,0],"26":[0,0],"27":[0,0],"28":[0,0],"29":[0,0],"30":[0,0],"31":[0,0],"32":[0,0],"33":[0,0],"34":[0,0]}}
}
