TN:
SF:src\App.jsx
FN:8,App
FNF:1
FNH:0
FNDA:0,App
DA:9,0
LF:1
LH:0
BRDA:16,0,0,0
BRDA:16,0,1,0
BRF:2
BRH:0
end_of_record
TN:
SF:src\AppMinimal.jsx
FN:6,AppMinimal
FNF:1
FNH:0
FNDA:0,AppMinimal
DA:7,0
LF:1
LH:0
BRF:0
BRH:0
end_of_record
TN:
SF:src\index.js
FNF:0
FNH:0
LF:0
LH:0
BRF:0
BRH:0
end_of_record
TN:
SF:src\components\analytics\AnalyticsDashboard.jsx
FN:25,AnalyticsDashboard
FN:81,(anonymous_1)
FN:84,(anonymous_2)
FN:90,(anonymous_3)
FN:143,(anonymous_4)
FN:202,(anonymous_5)
FN:220,(anonymous_6)
FN:245,(anonymous_7)
FN:284,(anonymous_8)
FN:289,(anonymous_9)
FN:302,(anonymous_10)
FNF:11
FNH:0
FNDA:0,AnalyticsDashboard
FNDA:0,(anonymous_1)
FNDA:0,(anonymous_2)
FNDA:0,(anonymous_3)
FNDA:0,(anonymous_4)
FNDA:0,(anonymous_5)
FNDA:0,(anonymous_6)
FNDA:0,(anonymous_7)
FNDA:0,(anonymous_8)
FNDA:0,(anonymous_9)
FNDA:0,(anonymous_10)
DA:23,0
DA:26,0
DA:27,0
DA:28,0
DA:29,0
DA:32,0
DA:81,0
DA:83,0
DA:84,0
DA:85,0
DA:86,0
DA:90,0
DA:91,0
DA:92,0
DA:96,0
DA:122,0
DA:123,0
DA:131,0
DA:143,0
DA:202,0
DA:220,0
DA:246,0
DA:284,0
DA:290,0
DA:303,0
LF:25
LH:0
BRDA:90,0,0,0
BRDA:92,1,0,0
BRDA:92,1,1,0
BRDA:93,2,0,0
BRDA:93,2,1,0
BRDA:108,3,0,0
BRDA:108,3,1,0
BRDA:113,4,0,0
BRDA:113,4,1,0
BRDA:122,5,0,0
BRDA:122,5,1,0
BRF:11
BRH:0
end_of_record
TN:
SF:src\components\common\LazyWrapper.jsx
FN:8,(anonymous_0)
FNF:1
FNH:0
FNDA:0,(anonymous_0)
DA:8,0
DA:9,0
LF:2
LH:0
BRDA:8,0,0,0
BRF:1
BRH:0
end_of_record
TN:
SF:src\components\common\OfflineIndicator.jsx
FN:6,(anonymous_0)
FN:29,(anonymous_1)
FNF:2
FNH:0
FNDA:0,(anonymous_0)
FNDA:0,(anonymous_1)
DA:6,0
DA:7,0
DA:9,0
DA:29,0
DA:30,0
LF:5
LH:0
BRDA:6,0,0,0
BRDA:6,1,0,0
BRDA:7,2,0,0
BRDA:7,2,1,0
BRDA:18,3,0,0
BRDA:18,3,1,0
BRF:6
BRH:0
end_of_record
TN:
SF:src\components\course\CourseCard.jsx
FN:10,(anonymous_0)
FN:17,(anonymous_1)
FN:18,(anonymous_2)
FN:21,(anonymous_3)
FN:22,(anonymous_4)
FN:22,(anonymous_5)
FN:26,(anonymous_6)
FN:61,(anonymous_7)
FNF:8
FNH:0
FNDA:0,(anonymous_0)
FNDA:0,(anonymous_1)
FNDA:0,(anonymous_2)
FNDA:0,(anonymous_3)
FNDA:0,(anonymous_4)
FNDA:0,(anonymous_5)
FNDA:0,(anonymous_6)
FNDA:0,(anonymous_7)
DA:10,0
DA:11,0
DA:13,0
DA:14,0
DA:17,0
DA:18,0
DA:21,0
DA:22,0
DA:26,0
DA:27,0
DA:31,0
DA:32,0
DA:42,0
DA:62,0
LF:14
LH:0
BRDA:31,0,0,0
BRDA:31,0,1,0
BRF:2
BRH:0
end_of_record
TN:
SF:src\components\course\CourseDetail.jsx
FN:9,(anonymous_0)
FN:11,(anonymous_1)
FN:12,(anonymous_2)
FN:13,(anonymous_3)
FN:14,(anonymous_4)
FN:14,(anonymous_5)
FN:23,(anonymous_6)
FN:88,(anonymous_7)
FNF:8
FNH:0
FNDA:0,(anonymous_0)
FNDA:0,(anonymous_1)
FNDA:0,(anonymous_2)
FNDA:0,(anonymous_3)
FNDA:0,(anonymous_4)
FNDA:0,(anonymous_5)
FNDA:0,(anonymous_6)
FNDA:0,(anonymous_7)
DA:9,0
DA:11,0
DA:12,0
DA:13,0
DA:14,0
DA:16,0
DA:24,0
DA:89,0
LF:8
LH:0
BRDA:11,0,0,0
BRDA:11,0,1,0
BRDA:47,1,0,0
BRDA:47,1,1,0
BRDA:61,2,0,0
BRDA:61,2,1,0
BRDA:67,3,0,0
BRDA:67,3,1,0
BRDA:78,4,0,0
BRDA:78,4,1,0
BRF:10
BRH:0
end_of_record
TN:
SF:src\components\course\CoursePlayer.jsx
FN:5,(anonymous_0)
FN:6,(anonymous_1)
FN:58,(anonymous_2)
FNF:3
FNH:0
FNDA:0,(anonymous_0)
FNDA:0,(anonymous_1)
FNDA:0,(anonymous_2)
DA:5,0
DA:6,0
DA:7,0
DA:9,0
DA:59,0
LF:5
LH:0
BRDA:22,0,0,0
BRDA:22,0,1,0
BRDA:62,1,0,0
BRDA:62,1,1,0
BRDA:76,2,0,0
BRDA:76,2,1,0
BRDA:83,3,0,0
BRDA:83,3,1,0
BRF:8
BRH:0
end_of_record
TN:
SF:src\components\course\EnhancedCourseDetail.jsx
FN:12,(anonymous_0)
FN:19,(anonymous_1)
FN:20,(anonymous_2)
FN:21,(anonymous_3)
FN:22,(anonymous_4)
FN:22,(anonymous_5)
FN:153,(anonymous_6)
FN:183,(anonymous_7)
FN:217,(anonymous_8)
FN:235,(anonymous_9)
FN:238,(anonymous_10)
FN:330,(anonymous_11)
FN:335,(anonymous_12)
FN:341,(anonymous_13)
FN:412,(anonymous_14)
FN:421,(anonymous_15)
FN:434,(anonymous_16)
FN:469,(anonymous_17)
FN:477,(anonymous_18)
FN:536,(anonymous_19)
FNF:20
FNH:0
FNDA:0,(anonymous_0)
FNDA:0,(anonymous_1)
FNDA:0,(anonymous_2)
FNDA:0,(anonymous_3)
FNDA:0,(anonymous_4)
FNDA:0,(anonymous_5)
FNDA:0,(anonymous_6)
FNDA:0,(anonymous_7)
FNDA:0,(anonymous_8)
FNDA:0,(anonymous_9)
FNDA:0,(anonymous_10)
FNDA:0,(anonymous_11)
FNDA:0,(anonymous_12)
FNDA:0,(anonymous_13)
FNDA:0,(anonymous_14)
FNDA:0,(anonymous_15)
FNDA:0,(anonymous_16)
FNDA:0,(anonymous_17)
FNDA:0,(anonymous_18)
FNDA:0,(anonymous_19)
DA:12,0
DA:13,0
DA:14,0
DA:15,0
DA:16,0
DA:19,0
DA:20,0
DA:21,0
DA:22,0
DA:24,0
DA:75,0
DA:85,0
DA:112,0
DA:139,0
DA:146,0
DA:153,0
DA:184,0
DA:217,0
DA:236,0
DA:238,0
DA:330,0
DA:336,0
DA:341,0
DA:413,0
DA:422,0
DA:435,0
DA:469,0
DA:477,0
DA:537,0
LF:29
LH:0
BRDA:19,0,0,0
BRDA:19,0,1,0
BRDA:209,1,0,0
BRDA:209,1,1,0
BRDA:240,2,0,0
BRDA:240,2,1,0
BRDA:253,3,0,0
BRDA:253,3,1,0
BRDA:325,4,0,0
BRDA:325,4,1,0
BRDA:330,5,0,0
BRDA:330,5,1,0
BRDA:339,6,0,0
BRDA:339,6,1,0
BRDA:344,7,0,0
BRDA:344,7,1,0
BRDA:349,8,0,0
BRDA:349,8,1,0
BRDA:350,9,0,0
BRDA:350,9,1,0
BRDA:351,10,0,0
BRDA:351,10,1,0
BRDA:359,11,0,0
BRDA:359,11,1,0
BRDA:371,12,0,0
BRDA:371,12,1,0
BRDA:406,13,0,0
BRDA:406,13,1,0
BRDA:493,14,0,0
BRDA:493,14,1,0
BRF:30
BRH:0
end_of_record
TN:
SF:src\components\debug\ApiDebugPanel.jsx
FN:8,(anonymous_0)
FN:17,(anonymous_1)
FN:30,(anonymous_2)
FN:47,(anonymous_3)
FN:94,(anonymous_4)
FN:108,(anonymous_5)
FNF:6
FNH:0
FNDA:0,(anonymous_0)
FNDA:0,(anonymous_1)
FNDA:0,(anonymous_2)
FNDA:0,(anonymous_3)
FNDA:0,(anonymous_4)
FNDA:0,(anonymous_5)
DA:8,0
DA:9,0
DA:10,0
DA:15,0
DA:17,0
DA:19,0
DA:26,0
DA:27,0
DA:30,0
DA:40,0
DA:47,0
DA:95,0
DA:96,0
DA:97,0
DA:99,0
DA:109,0
DA:110,0
DA:111,0
DA:113,0
LF:19
LH:0
BRDA:20,0,0,0
BRDA:20,0,1,0
BRDA:21,1,0,0
BRDA:21,1,1,0
BRDA:22,2,0,0
BRDA:22,2,1,0
BRDA:26,3,0,0
BRDA:26,3,1,0
BRF:8
BRH:0
end_of_record
TN:
SF:src\components\layout\AppLayout.jsx
FN:5,(anonymous_0)
FNF:1
FNH:0
FNDA:0,(anonymous_0)
DA:5,0
DA:6,0
LF:2
LH:0
BRF:0
BRH:0
end_of_record
TN:
SF:src\components\layout\Footer.jsx
FN:6,(anonymous_0)
FN:59,(anonymous_1)
FN:78,(anonymous_2)
FN:94,(anonymous_3)
FN:111,(anonymous_4)
FN:116,(anonymous_5)
FN:193,(anonymous_6)
FNF:7
FNH:0
FNDA:0,(anonymous_0)
FNDA:0,(anonymous_1)
FNDA:0,(anonymous_2)
FNDA:0,(anonymous_3)
FNDA:0,(anonymous_4)
FNDA:0,(anonymous_5)
FNDA:0,(anonymous_6)
DA:6,0
DA:7,0
DA:8,0
DA:19,0
DA:30,0
DA:36,0
DA:44,0
DA:60,0
DA:79,0
DA:95,0
DA:112,0
DA:117,0
DA:118,0
DA:193,0
LF:14
LH:0
BRDA:62,0,0,0
BRDA:62,0,1,0
BRF:2
BRH:0
end_of_record
TN:
SF:src\components\layout\GuestHeader.jsx
FN:6,(anonymous_0)
FN:65,(anonymous_1)
FN:71,(anonymous_2)
FN:72,(anonymous_3)
FN:83,(anonymous_4)
FN:84,(anonymous_5)
FN:86,(anonymous_6)
FN:91,(anonymous_7)
FN:105,(anonymous_8)
FN:123,(anonymous_9)
FN:129,(anonymous_10)
FN:139,(anonymous_11)
FN:155,(anonymous_12)
FN:161,(anonymous_13)
FN:168,(anonymous_14)
FN:173,(anonymous_15)
FN:188,(anonymous_16)
FN:206,(anonymous_17)
FN:212,(anonymous_18)
FNF:19
FNH:0
FNDA:0,(anonymous_0)
FNDA:0,(anonymous_1)
FNDA:0,(anonymous_2)
FNDA:0,(anonymous_3)
FNDA:0,(anonymous_4)
FNDA:0,(anonymous_5)
FNDA:0,(anonymous_6)
FNDA:0,(anonymous_7)
FNDA:0,(anonymous_8)
FNDA:0,(anonymous_9)
FNDA:0,(anonymous_10)
FNDA:0,(anonymous_11)
FNDA:0,(anonymous_12)
FNDA:0,(anonymous_13)
FNDA:0,(anonymous_14)
FNDA:0,(anonymous_15)
FNDA:0,(anonymous_16)
FNDA:0,(anonymous_17)
FNDA:0,(anonymous_18)
DA:6,0
DA:7,0
DA:8,0
DA:9,0
DA:11,0
DA:31,0
DA:66,0
DA:71,0
DA:72,0
DA:83,0
DA:84,0
DA:87,0
DA:92,0
DA:93,0
DA:106,0
DA:107,0
DA:108,0
DA:123,0
DA:129,0
DA:139,0
DA:156,0
DA:161,0
DA:169,0
DA:174,0
DA:175,0
DA:189,0
DA:190,0
DA:191,0
DA:206,0
DA:212,0
LF:30
LH:0
BRDA:67,0,0,0
BRDA:67,0,1,0
BRDA:81,1,0,0
BRDA:81,1,1,0
BRDA:106,2,0,0
BRDA:106,2,1,0
BRDA:106,3,0,0
BRDA:106,3,1,0
BRDA:106,3,2,0
BRDA:106,3,3,0
BRDA:141,4,0,0
BRDA:141,4,1,0
BRDA:151,5,0,0
BRDA:151,5,1,0
BRDA:157,6,0,0
BRDA:157,6,1,0
BRDA:164,7,0,0
BRDA:164,7,1,0
BRDA:166,8,0,0
BRDA:166,8,1,0
BRDA:189,9,0,0
BRDA:189,9,1,0
BRDA:189,10,0,0
BRDA:189,10,1,0
BRDA:189,10,2,0
BRDA:189,10,3,0
BRF:26
BRH:0
end_of_record
TN:
SF:src\components\layout\Header.jsx
FN:10,(anonymous_0)
FN:15,(anonymous_1)
FN:21,(anonymous_2)
FN:30,(anonymous_3)
FN:64,(anonymous_4)
FN:188,(anonymous_5)
FNF:6
FNH:0
FNDA:0,(anonymous_0)
FNDA:0,(anonymous_1)
FNDA:0,(anonymous_2)
FNDA:0,(anonymous_3)
FNDA:0,(anonymous_4)
FNDA:0,(anonymous_5)
DA:10,0
DA:11,0
DA:12,0
DA:13,0
DA:15,0
DA:16,0
DA:17,0
DA:18,0
DA:21,0
DA:22,0
DA:23,0
DA:24,0
DA:26,0
DA:30,0
DA:31,0
DA:32,0
DA:33,0
DA:34,0
DA:35,0
DA:39,0
DA:64,0
DA:188,0
LF:22
LH:0
BRDA:18,0,0,0
BRDA:18,0,1,0
BRDA:31,1,0,0
BRDA:31,1,1,0
BRDA:31,1,2,0
BRDA:31,1,3,0
BRDA:61,2,0,0
BRDA:61,2,1,0
BRDA:68,3,0,0
BRDA:68,3,1,0
BRDA:68,3,2,0
BRDA:71,4,0,0
BRDA:71,4,1,0
BRDA:71,4,2,0
BRDA:77,5,0,0
BRDA:77,5,1,0
BRDA:80,6,0,0
BRDA:80,6,1,0
BRDA:80,6,2,0
BRDA:81,7,0,0
BRDA:81,7,1,0
BRDA:96,8,0,0
BRDA:96,8,1,0
BRDA:106,9,0,0
BRDA:106,9,1,0
BRDA:116,10,0,0
BRDA:116,10,1,0
BRDA:162,11,0,0
BRDA:162,11,1,0
BRDA:164,12,0,0
BRDA:164,12,1,0
BRDA:169,13,0,0
BRDA:169,13,1,0
BRDA:174,14,0,0
BRDA:174,14,1,0
BRDA:185,15,0,0
BRDA:185,15,1,0
BRF:37
BRH:0
end_of_record
TN:
SF:src\components\layout\LearnerNavbar.jsx
FN:16,(anonymous_0)
FN:23,(anonymous_1)
FN:24,(anonymous_2)
FN:41,(anonymous_3)
FN:44,(anonymous_4)
FN:57,(anonymous_5)
FN:59,(anonymous_6)
FN:62,(anonymous_7)
FN:168,(anonymous_8)
FN:177,(anonymous_9)
FN:186,(anonymous_10)
FN:195,(anonymous_11)
FNF:12
FNH:0
FNDA:0,(anonymous_0)
FNDA:0,(anonymous_1)
FNDA:0,(anonymous_2)
FNDA:0,(anonymous_3)
FNDA:0,(anonymous_4)
FNDA:0,(anonymous_5)
FNDA:0,(anonymous_6)
FNDA:0,(anonymous_7)
FNDA:0,(anonymous_8)
FNDA:0,(anonymous_9)
FNDA:0,(anonymous_10)
FNDA:0,(anonymous_11)
DA:16,0
DA:17,0
DA:18,0
DA:19,0
DA:20,0
DA:23,0
DA:24,0
DA:25,0
DA:26,0
DA:27,0
DA:28,0
DA:29,0
DA:32,0
DA:33,0
DA:37,0
DA:40,0
DA:41,0
DA:44,0
DA:46,0
DA:47,0
DA:48,0
DA:51,0
DA:54,0
DA:57,0
DA:58,0
DA:59,0
DA:62,0
DA:63,0
DA:66,0
DA:168,0
DA:177,0
DA:186,0
DA:195,0
LF:33
LH:0
BRDA:27,0,0,0
BRDA:27,0,1,0
BRDA:58,1,0,0
BRDA:58,1,1,0
BRDA:129,2,0,0
BRDA:129,2,1,0
BRDA:149,3,0,0
BRDA:149,3,1,0
BRDA:155,4,0,0
BRDA:155,4,1,0
BRDA:159,5,0,0
BRDA:159,5,1,0
BRF:12
BRH:0
end_of_record
TN:
SF:src\components\layout\SideNav.jsx
FN:6,(anonymous_0)
FN:7,(anonymous_1)
FN:50,(anonymous_2)
FN:69,(anonymous_3)
FNF:4
FNH:0
FNDA:0,(anonymous_0)
FNDA:0,(anonymous_1)
FNDA:0,(anonymous_2)
FNDA:0,(anonymous_3)
DA:6,0
DA:7,0
DA:8,0
DA:9,0
DA:16,0
DA:17,0
DA:27,0
DA:28,0
DA:39,0
DA:48,0
DA:50,0
DA:51,0
DA:52,0
DA:53,0
DA:54,0
DA:55,0
DA:56,0
DA:60,0
DA:70,0
LF:19
LH:0
BRDA:8,0,0,0
BRDA:8,0,1,0
BRDA:16,1,0,0
BRDA:16,1,1,0
BRDA:27,2,0,0
BRDA:27,2,1,0
BRDA:51,3,0,0
BRDA:51,3,1,0
BRDA:52,4,0,0
BRDA:52,4,1,0
BRDA:52,4,2,0
BRDA:52,4,3,0
BRDA:65,5,0,0
BRDA:65,5,1,0
BRF:14
BRH:0
end_of_record
TN:
SF:src\components\notifications\NotificationDropdown.jsx
FN:15,(anonymous_0)
FN:23,(anonymous_1)
FN:24,(anonymous_2)
FN:34,(anonymous_3)
FN:40,(anonymous_4)
FN:43,(anonymous_5)
FN:47,(anonymous_6)
FN:53,(anonymous_7)
FN:74,(anonymous_8)
FN:98,(anonymous_9)
FN:111,(anonymous_10)
FN:112,(anonymous_11)
FN:118,(anonymous_12)
FN:124,(anonymous_13)
FN:137,(anonymous_14)
FN:138,(anonymous_15)
FN:146,(anonymous_16)
FN:159,(anonymous_17)
FN:161,(anonymous_18)
FN:163,(anonymous_19)
FN:163,(anonymous_20)
FN:169,(anonymous_21)
FN:192,(anonymous_22)
FN:207,(anonymous_23)
FN:226,(anonymous_24)
FN:273,(anonymous_25)
FN:294,(anonymous_26)
FN:313,(anonymous_27)
FN:326,(anonymous_28)
FN:347,(anonymous_29)
FNF:30
FNH:0
FNDA:0,(anonymous_0)
FNDA:0,(anonymous_1)
FNDA:0,(anonymous_2)
FNDA:0,(anonymous_3)
FNDA:0,(anonymous_4)
FNDA:0,(anonymous_5)
FNDA:0,(anonymous_6)
FNDA:0,(anonymous_7)
FNDA:0,(anonymous_8)
FNDA:0,(anonymous_9)
FNDA:0,(anonymous_10)
FNDA:0,(anonymous_11)
FNDA:0,(anonymous_12)
FNDA:0,(anonymous_13)
FNDA:0,(anonymous_14)
FNDA:0,(anonymous_15)
FNDA:0,(anonymous_16)
FNDA:0,(anonymous_17)
FNDA:0,(anonymous_18)
FNDA:0,(anonymous_19)
FNDA:0,(anonymous_20)
FNDA:0,(anonymous_21)
FNDA:0,(anonymous_22)
FNDA:0,(anonymous_23)
FNDA:0,(anonymous_24)
FNDA:0,(anonymous_25)
FNDA:0,(anonymous_26)
FNDA:0,(anonymous_27)
FNDA:0,(anonymous_28)
FNDA:0,(anonymous_29)
DA:15,0
DA:16,0
DA:17,0
DA:18,0
DA:19,0
DA:20,0
DA:23,0
DA:24,0
DA:25,0
DA:26,0
DA:30,0
DA:31,0
DA:34,0
DA:35,0
DA:40,0
DA:41,0
DA:42,0
DA:43,0
DA:47,0
DA:48,0
DA:49,0
DA:53,0
DA:54,0
DA:55,0
DA:56,0
DA:58,0
DA:65,0
DA:66,0
DA:67,0
DA:70,0
DA:74,0
DA:75,0
DA:76,0
DA:77,0
DA:79,0
DA:86,0
DA:87,0
DA:88,0
DA:89,0
DA:92,0
DA:94,0
DA:98,0
DA:99,0
DA:100,0
DA:102,0
DA:111,0
DA:112,0
DA:113,0
DA:118,0
DA:120,0
DA:124,0
DA:125,0
DA:126,0
DA:128,0
DA:137,0
DA:138,0
DA:140,0
DA:142,0
DA:146,0
DA:147,0
DA:148,0
DA:150,0
DA:159,0
DA:160,0
DA:161,0
DA:163,0
DA:165,0
DA:169,0
DA:170,0
DA:173,0
DA:174,0
DA:175,0
DA:178,0
DA:180,0
DA:182,0
DA:184,0
DA:186,0
DA:188,0
DA:192,0
DA:193,0
DA:195,0
DA:197,0
DA:199,0
DA:201,0
DA:203,0
DA:207,0
DA:208,0
DA:209,0
DA:210,0
DA:211,0
DA:212,0
DA:213,0
DA:215,0
DA:216,0
DA:217,0
DA:218,0
DA:219,0
DA:222,0
DA:226,0
DA:274,0
DA:294,0
DA:314,0
DA:315,0
DA:316,0
DA:318,0
DA:326,0
DA:347,0
LF:107
LH:0
BRDA:25,0,0,0
BRDA:25,0,1,0
BRDA:25,1,0,0
BRDA:25,1,1,0
BRDA:30,2,0,0
BRDA:30,2,1,0
BRDA:48,3,0,0
BRDA:48,3,1,0
BRDA:48,4,0,0
BRDA:48,4,1,0
BRDA:56,5,0,0
BRDA:56,5,1,0
BRDA:66,6,0,0
BRDA:66,6,1,0
BRDA:87,7,0,0
BRDA:87,7,1,0
BRDA:113,8,0,0
BRDA:113,8,1,0
BRDA:160,9,0,0
BRDA:160,9,1,0
BRDA:160,10,0,0
BRDA:160,10,1,0
BRDA:173,11,0,0
BRDA:173,11,1,0
BRDA:174,12,0,0
BRDA:174,12,1,0
BRDA:175,13,0,0
BRDA:175,13,1,0
BRDA:178,14,0,0
BRDA:178,14,1,0
BRDA:178,14,2,0
BRDA:178,14,3,0
BRDA:178,14,4,0
BRDA:193,15,0,0
BRDA:193,15,1,0
BRDA:193,15,2,0
BRDA:193,15,3,0
BRDA:193,15,4,0
BRDA:215,16,0,0
BRDA:215,16,1,0
BRDA:216,17,0,0
BRDA:216,17,1,0
BRDA:217,18,0,0
BRDA:217,18,1,0
BRDA:218,19,0,0
BRDA:218,19,1,0
BRDA:230,20,0,0
BRDA:230,20,1,0
BRDA:232,21,0,0
BRDA:232,21,1,0
BRDA:238,22,0,0
BRDA:238,22,1,0
BRDA:244,23,0,0
BRDA:244,23,1,0
BRDA:250,24,0,0
BRDA:250,24,1,0
BRDA:262,25,0,0
BRDA:262,25,1,0
BRDA:266,26,0,0
BRDA:266,26,1,0
BRDA:277,27,0,0
BRDA:277,27,1,0
BRDA:289,28,0,0
BRDA:289,28,1,0
BRDA:292,29,0,0
BRDA:292,29,1,0
BRDA:310,30,0,0
BRDA:310,30,1,0
BRDA:315,31,0,0
BRDA:315,31,1,0
BRDA:343,32,0,0
BRDA:343,32,1,0
BRF:72
BRH:0
end_of_record
TN:
SF:src\components\payment\PaymentComponents.jsx
FN:43,PaymentForm
FN:56,(anonymous_1)
FN:61,(anonymous_2)
FN:80,(anonymous_3)
FN:112,(anonymous_4)
FN:119,(anonymous_5)
FN:212,(anonymous_6)
FN:318,PaymentModal
FN:321,(anonymous_8)
FN:326,(anonymous_9)
FN:375,(anonymous_10)
FN:386,SubscriptionPlans
FN:437,(anonymous_12)
FN:453,(anonymous_13)
FNF:14
FNH:0
FNDA:0,PaymentForm
FNDA:0,(anonymous_1)
FNDA:0,(anonymous_2)
FNDA:0,(anonymous_3)
FNDA:0,(anonymous_4)
FNDA:0,(anonymous_5)
FNDA:0,(anonymous_6)
FNDA:0,PaymentModal
FNDA:0,(anonymous_8)
FNDA:0,(anonymous_9)
FNDA:0,(anonymous_10)
FNDA:0,SubscriptionPlans
FNDA:0,(anonymous_12)
FNDA:0,(anonymous_13)
DA:26,0
DA:28,0
DA:44,0
DA:45,0
DA:46,0
DA:47,0
DA:49,0
DA:50,0
DA:51,0
DA:52,0
DA:53,0
DA:54,0
DA:56,0
DA:58,0
DA:61,0
DA:62,0
DA:63,0
DA:70,0
DA:71,0
DA:72,0
DA:75,0
DA:76,0
DA:80,0
DA:81,0
DA:83,0
DA:84,0
DA:89,0
DA:90,0
DA:91,0
DA:94,0
DA:96,0
DA:103,0
DA:105,0
DA:108,0
DA:112,0
DA:113,0
DA:114,0
DA:115,0
DA:116,0
DA:119,0
DA:120,0
DA:122,0
DA:123,0
DA:126,0
DA:127,0
DA:129,0
DA:132,0
DA:145,0
DA:146,0
DA:147,0
DA:150,0
DA:152,0
DA:159,0
DA:160,0
DA:165,0
DA:168,0
DA:169,0
DA:171,0
DA:175,0
DA:212,0
DA:319,0
DA:321,0
DA:322,0
DA:323,0
DA:326,0
DA:327,0
DA:328,0
DA:331,0
DA:333,0
DA:375,0
DA:387,0
DA:435,0
DA:438,0
DA:454,0
LF:74
LH:0
BRDA:26,0,0,0
BRDA:26,0,1,0
BRDA:70,1,0,0
BRDA:70,1,1,0
BRDA:81,2,0,0
BRDA:81,2,1,0
BRDA:89,3,0,0
BRDA:89,3,1,0
BRDA:91,4,0,0
BRDA:91,4,1,0
BRDA:105,5,0,0
BRDA:105,5,1,0
BRDA:122,6,0,0
BRDA:122,6,1,0
BRDA:122,7,0,0
BRDA:122,7,1,0
BRDA:145,8,0,0
BRDA:145,8,1,0
BRDA:159,9,0,0
BRDA:159,9,1,0
BRDA:165,10,0,0
BRDA:165,10,1,0
BRDA:181,11,0,0
BRDA:181,11,1,0
BRDA:217,12,0,0
BRDA:217,12,1,0
BRDA:227,13,0,0
BRDA:227,13,1,0
BRDA:232,14,0,0
BRDA:232,14,1,0
BRDA:260,15,0,0
BRDA:260,15,1,0
BRDA:274,16,0,0
BRDA:274,16,1,0
BRDA:284,17,0,0
BRDA:284,17,1,0
BRDA:287,18,0,0
BRDA:287,18,1,0
BRDA:331,19,0,0
BRDA:331,19,1,0
BRDA:345,20,0,0
BRDA:345,20,1,0
BRDA:355,21,0,0
BRDA:355,21,1,0
BRDA:368,22,0,0
BRDA:368,22,1,0
BRDA:438,23,0,0
BRDA:438,23,1,0
BRDA:439,24,0,0
BRDA:439,24,1,0
BRDA:462,25,0,0
BRDA:462,25,1,0
BRDA:464,26,0,0
BRDA:464,26,1,0
BRF:54
BRH:0
end_of_record
TN:
SF:src\components\ui\badge.jsx
FN:3,Badge
FNF:1
FNH:0
FNDA:0,Badge
DA:4,0
DA:5,0
LF:2
LH:0
BRDA:3,0,0,0
BRDA:5,1,0,0
BRDA:5,1,1,0
BRF:3
BRH:0
end_of_record
TN:
SF:src\components\ui\button.jsx
FN:4,Button
FNF:1
FNH:0
FNDA:0,Button
DA:5,0
DA:6,0
DA:7,0
DA:8,0
DA:9,0
LF:5
LH:0
BRDA:4,0,0,0
BRDA:4,1,0,0
BRDA:5,2,0,0
BRDA:5,2,1,0
BRDA:9,3,0,0
BRDA:9,3,1,0
BRDA:9,4,0,0
BRDA:9,4,1,0
BRF:8
BRH:0
end_of_record
TN:
SF:src\components\ui\card.jsx
FN:3,Card
FN:4,CardHeader
FN:5,CardTitle
FN:6,CardDescription
FN:7,CardContent
FNF:5
FNH:0
FNDA:0,Card
FNDA:0,CardHeader
FNDA:0,CardTitle
FNDA:0,CardDescription
FNDA:0,CardContent
DA:3,0
DA:4,0
DA:5,0
DA:6,0
DA:7,0
LF:5
LH:0
BRF:0
BRH:0
end_of_record
TN:
SF:src\components\ui\chat.jsx
FN:14,CourseChat
FN:36,(anonymous_1)
FN:41,(anonymous_2)
FN:55,(anonymous_3)
FN:61,(anonymous_4)
FN:79,(anonymous_5)
FN:84,(anonymous_6)
FN:115,(anonymous_7)
FN:169,(anonymous_8)
FN:199,ChatToggle
FN:208,(anonymous_10)
FN:227,(anonymous_11)
FN:239,(anonymous_12)
FN:246,ChatSidebar
FNF:14
FNH:0
FNDA:0,CourseChat
FNDA:0,(anonymous_1)
FNDA:0,(anonymous_2)
FNDA:0,(anonymous_3)
FNDA:0,(anonymous_4)
FNDA:0,(anonymous_5)
FNDA:0,(anonymous_6)
FNDA:0,(anonymous_7)
FNDA:0,(anonymous_8)
FNDA:0,ChatToggle
FNDA:0,(anonymous_10)
FNDA:0,(anonymous_11)
FNDA:0,(anonymous_12)
FNDA:0,ChatSidebar
DA:23,0
DA:25,0
DA:26,0
DA:27,0
DA:28,0
DA:29,0
DA:31,0
DA:32,0
DA:33,0
DA:36,0
DA:37,0
DA:41,0
DA:42,0
DA:44,0
DA:45,0
DA:46,0
DA:50,0
DA:51,0
DA:55,0
DA:56,0
DA:57,0
DA:61,0
DA:62,0
DA:64,0
DA:67,0
DA:70,0
DA:71,0
DA:72,0
DA:74,0
DA:75,0
DA:79,0
DA:80,0
DA:81,0
DA:84,0
DA:85,0
DA:88,0
DA:116,0
DA:169,0
DA:200,0
DA:201,0
DA:202,0
DA:204,0
DA:208,0
DA:227,0
DA:239,0
DA:247,0
DA:248,0
DA:250,0
LF:48
LH:0
BRDA:14,0,0,0
BRDA:44,1,0,0
BRDA:44,1,1,0
BRDA:44,2,0,0
BRDA:44,2,1,0
BRDA:50,3,0,0
BRDA:50,3,1,0
BRDA:64,4,0,0
BRDA:64,4,1,0
BRDA:64,5,0,0
BRDA:64,5,1,0
BRDA:74,6,0,0
BRDA:74,6,1,0
BRDA:95,7,0,0
BRDA:95,7,1,0
BRDA:108,8,0,0
BRDA:108,8,1,0
BRDA:118,9,0,0
BRDA:118,9,1,0
BRDA:121,10,0,0
BRDA:121,10,1,0
BRDA:125,11,0,0
BRDA:125,11,1,0
BRDA:127,12,0,0
BRDA:127,12,1,0
BRDA:132,13,0,0
BRDA:132,13,1,0
BRDA:142,14,0,0
BRDA:142,14,1,0
BRDA:152,15,0,0
BRDA:152,15,1,0
BRDA:170,16,0,0
BRDA:170,16,1,0
BRDA:178,17,0,0
BRDA:178,17,1,0
BRDA:181,18,0,0
BRDA:181,18,1,0
BRDA:189,19,0,0
BRDA:189,19,1,0
BRDA:199,20,0,0
BRDA:213,21,0,0
BRDA:213,21,1,0
BRDA:221,22,0,0
BRDA:221,22,1,0
BRDA:236,23,0,0
BRDA:236,23,1,0
BRDA:246,24,0,0
BRDA:255,25,0,0
BRDA:255,25,1,0
BRDA:256,26,0,0
BRDA:256,26,1,0
BRDA:260,27,0,0
BRDA:260,27,1,0
BRDA:262,28,0,0
BRDA:262,28,1,0
BRF:55
BRH:0
end_of_record
TN:
SF:src\components\ui\input.jsx
FN:3,(anonymous_0)
FNF:1
FNH:0
FNDA:0,(anonymous_0)
DA:3,0
DA:4,0
DA:6,0
LF:3
LH:0
BRF:0
BRH:0
end_of_record
TN:
SF:src\components\ui\loading.jsx
FN:6,(anonymous_0)
FN:51,(anonymous_1)
FN:63,(anonymous_2)
FN:75,(anonymous_3)
FN:82,(anonymous_4)
FN:103,(anonymous_5)
FNF:6
FNH:0
FNDA:0,(anonymous_0)
FNDA:0,(anonymous_1)
FNDA:0,(anonymous_2)
FNDA:0,(anonymous_3)
FNDA:0,(anonymous_4)
FNDA:0,(anonymous_5)
DA:6,0
DA:12,0
DA:19,0
DA:26,0
DA:27,0
DA:36,0
DA:37,0
DA:43,0
DA:51,0
DA:52,0
DA:63,0
DA:64,0
DA:75,0
DA:76,0
DA:82,0
DA:88,0
DA:103,0
DA:109,0
LF:18
LH:0
BRDA:7,0,0,0
BRDA:8,1,0,0
BRDA:9,2,0,0
BRDA:10,3,0,0
BRDA:26,4,0,0
BRDA:26,4,1,0
BRDA:36,5,0,0
BRDA:36,5,1,0
BRDA:51,6,0,0
BRDA:63,7,0,0
BRDA:63,8,0,0
BRDA:75,9,0,0
BRDA:83,10,0,0
BRDA:84,11,0,0
BRDA:86,12,0,0
BRDA:106,13,0,0
BRDA:107,14,0,0
BRDA:117,15,0,0
BRDA:117,15,1,0
BRF:19
BRH:0
end_of_record
TN:
SF:src\components\ui\notifications.jsx
FN:12,NotificationCenter
FN:23,(anonymous_1)
FN:27,(anonymous_2)
FN:42,(anonymous_3)
FN:57,(anonymous_4)
FN:75,(anonymous_5)
FN:112,(anonymous_6)
FN:138,(anonymous_7)
FN:142,(anonymous_8)
FN:179,(anonymous_9)
FN:192,(anonymous_10)
FN:199,NotificationBanner
FN:203,(anonymous_12)
FN:206,(anonymous_13)
FN:213,(anonymous_14)
FN:240,(anonymous_15)
FN:250,ConnectionStatus
FNF:17
FNH:0
FNDA:0,NotificationCenter
FNDA:0,(anonymous_1)
FNDA:0,(anonymous_2)
FNDA:0,(anonymous_3)
FNDA:0,(anonymous_4)
FNDA:0,(anonymous_5)
FNDA:0,(anonymous_6)
FNDA:0,(anonymous_7)
FNDA:0,(anonymous_8)
FNDA:0,(anonymous_9)
FNDA:0,(anonymous_10)
FNDA:0,NotificationBanner
FNDA:0,(anonymous_12)
FNDA:0,(anonymous_13)
FNDA:0,(anonymous_14)
FNDA:0,(anonymous_15)
FNDA:0,ConnectionStatus
DA:18,0
DA:20,0
DA:21,0
DA:23,0
DA:24,0
DA:27,0
DA:28,0
DA:30,0
DA:32,0
DA:34,0
DA:36,0
DA:38,0
DA:42,0
DA:43,0
DA:45,0
DA:47,0
DA:49,0
DA:51,0
DA:53,0
DA:57,0
DA:58,0
DA:59,0
DA:60,0
DA:61,0
DA:63,0
DA:64,0
DA:65,0
DA:66,0
DA:69,0
DA:75,0
DA:112,0
DA:139,0
DA:142,0
DA:179,0
DA:192,0
DA:200,0
DA:201,0
DA:203,0
DA:205,0
DA:206,0
DA:209,0
DA:210,0
DA:213,0
DA:214,0
DA:219,0
DA:221,0
DA:240,0
DA:251,0
DA:253,0
DA:255,0
LF:50
LH:0
BRDA:28,0,0,0
BRDA:28,0,1,0
BRDA:28,0,2,0
BRDA:28,0,3,0
BRDA:28,0,4,0
BRDA:43,1,0,0
BRDA:43,1,1,0
BRDA:43,1,2,0
BRDA:43,1,3,0
BRDA:43,1,4,0
BRDA:63,2,0,0
BRDA:63,2,1,0
BRDA:64,3,0,0
BRDA:64,3,1,0
BRDA:65,4,0,0
BRDA:65,4,1,0
BRDA:79,5,0,0
BRDA:79,5,1,0
BRDA:81,6,0,0
BRDA:81,6,1,0
BRDA:84,7,0,0
BRDA:84,7,1,0
BRDA:90,8,0,0
BRDA:90,8,1,0
BRDA:96,9,0,0
BRDA:96,9,1,0
BRDA:99,10,0,0
BRDA:99,10,1,0
BRDA:120,11,0,0
BRDA:120,11,1,0
BRDA:131,12,0,0
BRDA:131,12,1,0
BRDA:151,13,0,0
BRDA:151,13,1,0
BRDA:160,14,0,0
BRDA:160,14,1,0
BRDA:173,15,0,0
BRDA:173,15,1,0
BRDA:189,16,0,0
BRDA:189,16,1,0
BRDA:206,17,0,0
BRDA:206,17,1,0
BRDA:209,18,0,0
BRDA:209,18,1,0
BRDA:209,19,0,0
BRDA:209,19,1,0
BRDA:219,20,0,0
BRDA:219,20,1,0
BRDA:223,21,0,0
BRDA:223,21,1,0
BRDA:231,22,0,0
BRDA:231,22,1,0
BRDA:253,23,0,0
BRDA:253,23,1,0
BRDA:257,24,0,0
BRDA:257,24,1,0
BRDA:260,25,0,0
BRDA:260,25,1,0
BRDA:269,26,0,0
BRDA:269,26,1,0
BRF:60
BRH:0
end_of_record
TN:
SF:src\components\ui\progress.jsx
FN:6,(anonymous_0)
FN:18,(anonymous_1)
FN:20,(anonymous_2)
FN:23,(anonymous_3)
FN:77,(anonymous_4)
FN:144,(anonymous_5)
FN:153,(anonymous_6)
FN:211,(anonymous_7)
FN:246,(anonymous_8)
FNF:9
FNH:0
FNDA:0,(anonymous_0)
FNDA:0,(anonymous_1)
FNDA:0,(anonymous_2)
FNDA:0,(anonymous_3)
FNDA:0,(anonymous_4)
FNDA:0,(anonymous_5)
FNDA:0,(anonymous_6)
FNDA:0,(anonymous_7)
FNDA:0,(anonymous_8)
DA:6,0
DA:16,0
DA:18,0
DA:19,0
DA:20,0
DA:21,0
DA:23,0
DA:25,0
DA:29,0
DA:31,0
DA:38,0
DA:47,0
DA:49,0
DA:77,0
DA:86,0
DA:87,0
DA:88,0
DA:89,0
DA:90,0
DA:92,0
DA:99,0
DA:144,0
DA:150,0
DA:154,0
DA:155,0
DA:156,0
DA:158,0
DA:211,0
DA:218,0
DA:219,0
DA:231,0
DA:232,0
DA:244,0
DA:247,0
LF:34
LH:0
BRDA:7,0,0,0
BRDA:8,1,0,0
BRDA:9,2,0,0
BRDA:10,3,0,0
BRDA:11,4,0,0
BRDA:12,5,0,0
BRDA:13,6,0,0
BRDA:14,7,0,0
BRDA:19,8,0,0
BRDA:19,8,1,0
BRDA:51,9,0,0
BRDA:51,9,1,0
BRDA:61,10,0,0
BRDA:61,10,1,0
BRDA:62,11,0,0
BRDA:62,11,1,0
BRDA:65,12,0,0
BRDA:65,12,1,0
BRDA:78,13,0,0
BRDA:79,14,0,0
BRDA:80,15,0,0
BRDA:81,16,0,0
BRDA:82,17,0,0
BRDA:83,18,0,0
BRDA:84,19,0,0
BRDA:130,20,0,0
BRDA:130,20,1,0
BRDA:145,21,0,0
BRDA:146,22,0,0
BRDA:147,23,0,0
BRDA:148,24,0,0
BRDA:165,25,0,0
BRDA:165,25,1,0
BRDA:167,26,0,0
BRDA:167,26,1,0
BRDA:172,27,0,0
BRDA:172,27,1,0
BRDA:184,28,0,0
BRDA:184,28,1,0
BRDA:191,29,0,0
BRDA:191,29,1,0
BRDA:194,30,0,0
BRDA:194,30,1,0
BRDA:212,31,0,0
BRDA:213,32,0,0
BRDA:214,33,0,0
BRDA:215,34,0,0
BRDA:216,35,0,0
BRDA:218,36,0,0
BRDA:218,36,1,0
BRDA:231,37,0,0
BRDA:231,37,1,0
BRDA:251,38,0,0
BRDA:251,38,1,0
BRF:54
BRH:0
end_of_record
TN:
SF:src\components\ui\table.jsx
FN:3,Table
FN:4,TableHeader
FN:5,TableHead
FN:6,TableRow
FN:7,TableBody
FN:8,TableCell
FNF:6
FNH:0
FNDA:0,Table
FNDA:0,TableHeader
FNDA:0,TableHead
FNDA:0,TableRow
FNDA:0,TableBody
FNDA:0,TableCell
DA:3,0
DA:4,0
DA:5,0
DA:6,0
DA:7,0
DA:8,0
LF:6
LH:0
BRF:0
BRH:0
end_of_record
TN:
SF:src\components\ui\tabs.jsx
FN:6,(anonymous_0)
FN:11,(anonymous_1)
FN:27,(anonymous_2)
FN:41,(anonymous_3)
FN:53,(anonymous_4)
FN:68,(anonymous_5)
FNF:6
FNH:0
FNDA:0,(anonymous_0)
FNDA:0,(anonymous_1)
FNDA:0,(anonymous_2)
FNDA:0,(anonymous_3)
FNDA:0,(anonymous_4)
FNDA:0,(anonymous_5)
DA:4,0
DA:6,0
DA:7,0
DA:9,0
DA:11,0
DA:12,0
DA:13,0
DA:15,0
DA:18,0
DA:27,0
DA:28,0
DA:41,0
DA:42,0
DA:44,0
DA:45,0
DA:48,0
DA:50,0
DA:53,0
DA:68,0
DA:69,0
DA:71,0
DA:72,0
DA:75,0
DA:76,0
DA:79,0
LF:25
LH:0
BRDA:7,0,0,0
BRDA:7,0,1,0
BRDA:9,1,0,0
BRDA:9,1,1,0
BRDA:12,2,0,0
BRDA:12,2,1,0
BRDA:44,3,0,0
BRDA:44,3,1,0
BRDA:56,4,0,0
BRDA:56,4,1,0
BRDA:71,5,0,0
BRDA:71,5,1,0
BRDA:75,6,0,0
BRDA:75,6,1,0
BRF:14
BRH:0
end_of_record
TN:
SF:src\components\ui\textarea.jsx
FN:3,(anonymous_0)
FNF:1
FNH:0
FNDA:0,(anonymous_0)
DA:3,0
DA:4,0
DA:6,0
LF:3
LH:0
BRF:0
BRH:0
end_of_record
TN:
SF:src\components\ui\toast.jsx
FN:10,(anonymous_0)
FN:18,(anonymous_1)
FN:21,(anonymous_2)
FN:31,(anonymous_3)
FN:35,(anonymous_4)
FN:43,(anonymous_5)
FN:44,(anonymous_6)
FN:44,(anonymous_7)
FN:47,(anonymous_8)
FN:52,(anonymous_9)
FN:56,(anonymous_10)
FN:60,(anonymous_11)
FN:64,(anonymous_12)
FN:68,(anonymous_13)
FN:96,(anonymous_14)
FN:101,(anonymous_15)
FN:102,(anonymous_16)
FN:108,(anonymous_17)
FN:111,(anonymous_18)
FN:128,(anonymous_19)
FN:182,(anonymous_20)
FN:186,(anonymous_21)
FN:187,(anonymous_22)
FN:188,(anonymous_23)
FN:189,(anonymous_24)
FN:190,(anonymous_25)
FN:191,(anonymous_26)
FN:192,(anonymous_27)
FN:203,(anonymous_28)
FN:210,(anonymous_29)
FN:217,(anonymous_30)
FN:224,(anonymous_31)
FN:231,(anonymous_32)
FNF:33
FNH:0
FNDA:0,(anonymous_0)
FNDA:0,(anonymous_1)
FNDA:0,(anonymous_2)
FNDA:0,(anonymous_3)
FNDA:0,(anonymous_4)
FNDA:0,(anonymous_5)
FNDA:0,(anonymous_6)
FNDA:0,(anonymous_7)
FNDA:0,(anonymous_8)
FNDA:0,(anonymous_9)
FNDA:0,(anonymous_10)
FNDA:0,(anonymous_11)
FNDA:0,(anonymous_12)
FNDA:0,(anonymous_13)
FNDA:0,(anonymous_14)
FNDA:0,(anonymous_15)
FNDA:0,(anonymous_16)
FNDA:0,(anonymous_17)
FNDA:0,(anonymous_18)
FNDA:0,(anonymous_19)
FNDA:0,(anonymous_20)
FNDA:0,(anonymous_21)
FNDA:0,(anonymous_22)
FNDA:0,(anonymous_23)
FNDA:0,(anonymous_24)
FNDA:0,(anonymous_25)
FNDA:0,(anonymous_26)
FNDA:0,(anonymous_27)
FNDA:0,(anonymous_28)
FNDA:0,(anonymous_29)
FNDA:0,(anonymous_30)
FNDA:0,(anonymous_31)
FNDA:0,(anonymous_32)
DA:8,0
DA:10,0
DA:11,0
DA:12,0
DA:13,0
DA:15,0
DA:18,0
DA:19,0
DA:21,0
DA:22,0
DA:23,0
DA:31,0
DA:34,0
DA:35,0
DA:36,0
DA:40,0
DA:43,0
DA:44,0
DA:47,0
DA:48,0
DA:52,0
DA:53,0
DA:56,0
DA:57,0
DA:60,0
DA:61,0
DA:64,0
DA:65,0
DA:68,0
DA:69,0
DA:78,0
DA:96,0
DA:97,0
DA:99,0
DA:102,0
DA:108,0
DA:109,0
DA:111,0
DA:112,0
DA:114,0
DA:116,0
DA:118,0
DA:120,0
DA:122,0
DA:124,0
DA:128,0
DA:129,0
DA:131,0
DA:133,0
DA:135,0
DA:137,0
DA:139,0
DA:141,0
DA:145,0
DA:182,0
DA:183,0
DA:185,0
DA:186,0
DA:187,0
DA:188,0
DA:189,0
DA:190,0
DA:191,0
DA:192,0
DA:203,0
DA:210,0
DA:217,0
DA:224,0
DA:231,0
LF:69
LH:0
BRDA:12,0,0,0
BRDA:12,0,1,0
BRDA:34,1,0,0
BRDA:34,1,1,0
BRDA:52,2,0,0
BRDA:56,3,0,0
BRDA:60,4,0,0
BRDA:64,5,0,0
BRDA:68,6,0,0
BRDA:97,7,0,0
BRDA:97,7,1,0
BRDA:114,8,0,0
BRDA:114,8,1,0
BRDA:114,8,2,0
BRDA:114,8,3,0
BRDA:114,8,4,0
BRDA:131,9,0,0
BRDA:131,9,1,0
BRDA:131,9,2,0
BRDA:131,9,3,0
BRDA:131,9,4,0
BRDA:150,10,0,0
BRDA:150,10,1,0
BRDA:155,11,0,0
BRDA:155,11,1,0
BRDA:167,12,0,0
BRDA:167,12,1,0
BRDA:203,13,0,0
BRDA:210,14,0,0
BRDA:217,15,0,0
BRDA:224,16,0,0
BRDA:231,17,0,0
BRF:32
BRH:0
end_of_record
TN:
SF:src\config\constants.js
FNF:0
FNH:0
DA:6,0
DA:13,0
DA:19,0
DA:26,0
DA:36,0
DA:43,0
DA:50,0
DA:56,0
DA:64,0
DA:71,0
DA:89,0
DA:97,0
DA:108,0
DA:118,0
LF:14
LH:0
BRDA:7,0,0,0
BRDA:7,0,1,0
BRF:2
BRH:0
end_of_record
TN:
SF:src\config\env.js
FN:57,(anonymous_0)
FN:62,(anonymous_1)
FN:67,(anonymous_2)
FNF:3
FNH:0
FNDA:0,(anonymous_0)
FNDA:0,(anonymous_1)
FNDA:0,(anonymous_2)
DA:6,0
DA:12,0
DA:14,0
DA:15,0
DA:16,0
DA:19,0
DA:44,0
DA:47,0
DA:56,0
DA:58,0
DA:59,0
DA:63,0
DA:64,0
DA:68,0
LF:14
LH:0
BRDA:12,0,0,0
BRDA:12,0,1,0
BRDA:28,1,0,0
BRDA:28,1,1,0
BRDA:58,2,0,0
BRDA:58,2,1,0
BRDA:63,3,0,0
BRDA:63,3,1,0
BRDA:63,4,0,0
BRDA:63,4,1,0
BRF:10
BRH:0
end_of_record
TN:
SF:src\contexts\AuthContext.jsx
FN:6,(anonymous_0)
FN:12,(anonymous_1)
FN:16,(anonymous_2)
FN:35,(anonymous_3)
FN:106,(anonymous_4)
FN:153,(anonymous_5)
FN:169,(anonymous_6)
FN:185,(anonymous_7)
FN:213,(anonymous_8)
FNF:9
FNH:0
FNDA:0,(anonymous_0)
FNDA:0,(anonymous_1)
FNDA:0,(anonymous_2)
FNDA:0,(anonymous_3)
FNDA:0,(anonymous_4)
FNDA:0,(anonymous_5)
FNDA:0,(anonymous_6)
FNDA:0,(anonymous_7)
FNDA:0,(anonymous_8)
DA:4,0
DA:6,0
DA:7,0
DA:8,0
DA:9,0
DA:12,0
DA:13,0
DA:16,0
DA:17,0
DA:18,0
DA:19,0
DA:21,0
DA:22,0
DA:23,0
DA:24,0
DA:27,0
DA:28,0
DA:29,0
DA:31,0
DA:35,0
DA:36,0
DA:37,0
DA:38,0
DA:41,0
DA:42,0
DA:43,0
DA:44,0
DA:46,0
DA:47,0
DA:48,0
DA:51,0
DA:52,0
DA:55,0
DA:56,0
DA:58,0
DA:60,0
DA:61,0
DA:64,0
DA:67,0
DA:68,0
DA:71,0
DA:72,0
DA:73,0
DA:74,0
DA:75,0
DA:76,0
DA:77,0
DA:78,0
DA:79,0
DA:82,0
DA:89,0
DA:90,0
DA:92,0
DA:93,0
DA:95,0
DA:96,0
DA:99,0
DA:100,0
DA:102,0
DA:106,0
DA:107,0
DA:108,0
DA:111,0
DA:112,0
DA:113,0
DA:114,0
DA:116,0
DA:117,0
DA:119,0
DA:120,0
DA:122,0
DA:125,0
DA:128,0
DA:135,0
DA:136,0
DA:138,0
DA:139,0
DA:141,0
DA:144,0
DA:146,0
DA:147,0
DA:149,0
DA:153,0
DA:154,0
DA:157,0
DA:158,0
DA:159,0
DA:162,0
DA:163,0
DA:165,0
DA:169,0
DA:170,0
DA:173,0
DA:176,0
DA:179,0
DA:181,0
DA:185,0
DA:186,0
DA:189,0
DA:206,0
DA:213,0
DA:214,0
DA:215,0
DA:216,0
DA:218,0
LF:105
LH:0
BRDA:21,0,0,0
BRDA:21,0,1,0
BRDA:21,1,0,0
BRDA:21,1,1,0
BRDA:46,2,0,0
BRDA:46,2,1,0
BRDA:46,3,0,0
BRDA:46,3,1,0
BRDA:61,4,0,0
BRDA:61,4,1,0
BRDA:71,5,0,0
BRDA:71,5,1,0
BRDA:74,6,0,0
BRDA:74,6,1,0
BRDA:77,7,0,0
BRDA:77,7,1,0
BRDA:113,8,0,0
BRDA:113,8,1,0
BRDA:113,9,0,0
BRDA:113,9,1,0
BRDA:186,10,0,0
BRDA:186,10,1,0
BRDA:215,11,0,0
BRDA:215,11,1,0
BRF:24
BRH:0
end_of_record
TN:
SF:src\contexts\CartContext.jsx
FN:6,(anonymous_0)
FN:14,(anonymous_1)
FN:19,(anonymous_2)
FN:31,(anonymous_3)
FN:35,(anonymous_4)
FN:36,(anonymous_5)
FN:37,(anonymous_6)
FN:57,(anonymous_7)
FN:58,(anonymous_8)
FN:58,(anonymous_9)
FN:62,(anonymous_10)
FN:68,(anonymous_11)
FN:69,(anonymous_12)
FN:72,(anonymous_13)
FN:73,(anonymous_14)
FN:76,(anonymous_15)
FNF:16
FNH:16
FNDA:58,(anonymous_0)
FNDA:54,(anonymous_1)
FNDA:27,(anonymous_2)
FNDA:54,(anonymous_3)
FNDA:80,(anonymous_4)
FNDA:80,(anonymous_5)
FNDA:1238,(anonymous_6)
FNDA:5,(anonymous_7)
FNDA:5,(anonymous_8)
FNDA:9,(anonymous_9)
FNDA:3,(anonymous_10)
FNDA:3,(anonymous_11)
FNDA:2,(anonymous_12)
FNDA:10,(anonymous_13)
FNDA:60,(anonymous_14)
FNDA:9,(anonymous_15)
DA:4,1
DA:6,1
DA:7,58
DA:8,58
DA:9,4
DA:11,54
DA:14,1
DA:15,54
DA:16,54
DA:19,54
DA:20,27
DA:21,27
DA:22,2
DA:23,2
DA:25,1
DA:31,54
DA:32,54
DA:35,54
DA:36,80
DA:37,1238
DA:39,80
DA:40,1
DA:41,1
DA:44,79
DA:45,79
DA:57,54
DA:58,9
DA:59,5
DA:62,54
DA:63,3
DA:64,3
DA:65,3
DA:68,54
DA:69,3
DA:72,54
DA:73,60
DA:76,54
DA:77,9
DA:80,54
LF:39
LH:39
BRDA:8,0,0,4
BRDA:8,0,1,54
BRDA:21,1,0,2
BRDA:21,1,1,25
BRDA:39,2,0,1
BRDA:39,2,1,79
BRF:6
BRH:6
end_of_record
TN:
SF:src\contexts\WebSocketContext.jsx
FN:43,websocketReducer
FN:79,(anonymous_1)
FN:137,WebSocketProvider
FN:143,(anonymous_3)
FN:167,(anonymous_4)
FN:178,(anonymous_5)
FN:188,(anonymous_6)
FN:199,(anonymous_7)
FN:204,(anonymous_8)
FN:214,(anonymous_9)
FN:218,(anonymous_10)
FN:232,(anonymous_11)
FN:240,(anonymous_12)
FN:254,(anonymous_13)
FN:261,(anonymous_14)
FN:269,(anonymous_15)
FN:274,(anonymous_16)
FN:278,(anonymous_17)
FN:286,(anonymous_18)
FN:290,(anonymous_19)
FN:300,(anonymous_20)
FN:308,(anonymous_21)
FN:320,(anonymous_22)
FN:329,(anonymous_23)
FN:336,(anonymous_24)
FN:342,(anonymous_25)
FN:348,(anonymous_26)
FN:354,(anonymous_27)
FN:366,(anonymous_28)
FN:376,(anonymous_29)
FN:382,(anonymous_30)
FN:389,(anonymous_31)
FN:395,(anonymous_32)
FN:402,(anonymous_33)
FN:406,(anonymous_34)
FN:438,(anonymous_35)
FN:439,(anonymous_36)
FN:440,(anonymous_37)
FN:451,useWebSocket
FNF:39
FNH:0
FNDA:0,websocketReducer
FNDA:0,(anonymous_1)
FNDA:0,WebSocketProvider
FNDA:0,(anonymous_3)
FNDA:0,(anonymous_4)
FNDA:0,(anonymous_5)
FNDA:0,(anonymous_6)
FNDA:0,(anonymous_7)
FNDA:0,(anonymous_8)
FNDA:0,(anonymous_9)
FNDA:0,(anonymous_10)
FNDA:0,(anonymous_11)
FNDA:0,(anonymous_12)
FNDA:0,(anonymous_13)
FNDA:0,(anonymous_14)
FNDA:0,(anonymous_15)
FNDA:0,(anonymous_16)
FNDA:0,(anonymous_17)
FNDA:0,(anonymous_18)
FNDA:0,(anonymous_19)
FNDA:0,(anonymous_20)
FNDA:0,(anonymous_21)
FNDA:0,(anonymous_22)
FNDA:0,(anonymous_23)
FNDA:0,(anonymous_24)
FNDA:0,(anonymous_25)
FNDA:0,(anonymous_26)
FNDA:0,(anonymous_27)
FNDA:0,(anonymous_28)
FNDA:0,(anonymous_29)
FNDA:0,(anonymous_30)
FNDA:0,(anonymous_31)
FNDA:0,(anonymous_32)
FNDA:0,(anonymous_33)
FNDA:0,(anonymous_34)
FNDA:0,(anonymous_35)
FNDA:0,(anonymous_36)
FNDA:0,(anonymous_37)
FNDA:0,useWebSocket
DA:12,0
DA:26,0
DA:44,0
DA:46,0
DA:49,0
DA:57,0
DA:64,0
DA:71,0
DA:77,0
DA:79,0
DA:83,0
DA:89,0
DA:95,0
DA:101,0
DA:102,0
DA:111,0
DA:117,0
DA:123,0
DA:129,0
DA:134,0
DA:138,0
DA:139,0
DA:140,0
DA:143,0
DA:144,0
DA:147,0
DA:148,0
DA:151,0
DA:153,0
DA:164,0
DA:167,0
DA:168,0
DA:169,0
DA:171,0
DA:178,0
DA:179,0
DA:180,0
DA:182,0
DA:184,0
DA:188,0
DA:189,0
DA:190,0
DA:192,0
DA:199,0
DA:200,0
DA:201,0
DA:204,0
DA:205,0
DA:206,0
DA:214,0
DA:215,0
DA:218,0
DA:219,0
DA:223,0
DA:225,0
DA:232,0
DA:233,0
DA:240,0
DA:241,0
DA:247,0
DA:254,0
DA:255,0
DA:261,0
DA:262,0
DA:263,0
DA:269,0
DA:274,0
DA:275,0
DA:278,0
DA:279,0
DA:286,0
DA:290,0
DA:291,0
DA:292,0
DA:300,0
DA:301,0
DA:308,0
DA:309,0
DA:310,0
DA:317,0
DA:320,0
DA:321,0
DA:322,0
DA:323,0
DA:324,0
DA:329,0
DA:330,0
DA:331,0
DA:333,0
DA:336,0
DA:337,0
DA:342,0
DA:343,0
DA:344,0
DA:348,0
DA:349,0
DA:350,0
DA:354,0
DA:355,0
DA:356,0
DA:366,0
DA:367,0
DA:368,0
DA:376,0
DA:377,0
DA:378,0
DA:382,0
DA:383,0
DA:384,0
DA:389,0
DA:390,0
DA:391,0
DA:395,0
DA:396,0
DA:397,0
DA:402,0
DA:403,0
DA:406,0
DA:407,0
DA:411,0
DA:438,0
DA:439,0
DA:440,0
DA:443,0
DA:452,0
DA:453,0
DA:454,0
DA:456,0
LF:128
LH:0
BRDA:44,0,0,0
BRDA:44,0,1,0
BRDA:44,0,2,0
BRDA:44,0,3,0
BRDA:44,0,4,0
BRDA:44,0,5,0
BRDA:44,0,6,0
BRDA:44,0,7,0
BRDA:44,0,8,0
BRDA:44,0,9,0
BRDA:44,0,10,0
BRDA:44,0,11,0
BRDA:44,0,12,0
BRDA:44,0,13,0
BRDA:106,1,0,0
BRDA:106,1,1,0
BRDA:144,2,0,0
BRDA:144,2,1,0
BRDA:144,3,0,0
BRDA:144,3,1,0
BRDA:147,4,0,0
BRDA:147,4,1,0
BRDA:151,5,0,0
BRDA:151,5,1,0
BRDA:182,6,0,0
BRDA:182,6,1,0
BRDA:226,7,0,0
BRDA:226,7,1,0
BRDA:228,8,0,0
BRDA:228,8,1,0
BRDA:267,9,0,0
BRDA:267,9,1,0
BRDA:268,10,0,0
BRDA:268,10,1,0
BRDA:269,11,0,0
BRDA:269,11,1,0
BRDA:291,12,0,0
BRDA:291,12,1,0
BRDA:294,13,0,0
BRDA:294,13,1,0
BRDA:321,14,0,0
BRDA:321,14,1,0
BRDA:330,15,0,0
BRDA:330,15,1,0
BRDA:330,16,0,0
BRDA:330,16,1,0
BRDA:343,17,0,0
BRDA:343,17,1,0
BRDA:343,18,0,0
BRDA:343,18,1,0
BRDA:349,19,0,0
BRDA:349,19,1,0
BRDA:349,20,0,0
BRDA:349,20,1,0
BRDA:354,21,0,0
BRDA:355,22,0,0
BRDA:355,22,1,0
BRDA:355,23,0,0
BRDA:355,23,1,0
BRDA:366,24,0,0
BRDA:367,25,0,0
BRDA:367,25,1,0
BRDA:367,26,0,0
BRDA:367,26,1,0
BRDA:377,27,0,0
BRDA:377,27,1,0
BRDA:377,28,0,0
BRDA:377,28,1,0
BRDA:383,29,0,0
BRDA:383,29,1,0
BRDA:383,30,0,0
BRDA:383,30,1,0
BRDA:390,31,0,0
BRDA:390,31,1,0
BRDA:390,32,0,0
BRDA:390,32,1,0
BRDA:396,33,0,0
BRDA:396,33,1,0
BRDA:396,34,0,0
BRDA:396,34,1,0
BRDA:438,35,0,0
BRDA:438,35,1,0
BRDA:439,36,0,0
BRDA:439,36,1,0
BRDA:440,37,0,0
BRDA:440,37,1,0
BRDA:453,38,0,0
BRDA:453,38,1,0
BRF:88
BRH:0
end_of_record
TN:
SF:src\hooks\useAsyncState.js
FN:6,(anonymous_0)
FN:11,(anonymous_1)
FN:32,(anonymous_2)
FN:38,(anonymous_3)
FN:56,(anonymous_4)
FN:71,(anonymous_5)
FN:87,(anonymous_6)
FNF:7
FNH:0
FNDA:0,(anonymous_0)
FNDA:0,(anonymous_1)
FNDA:0,(anonymous_2)
FNDA:0,(anonymous_3)
FNDA:0,(anonymous_4)
FNDA:0,(anonymous_5)
FNDA:0,(anonymous_6)
DA:6,0
DA:7,0
DA:8,0
DA:9,0
DA:11,0
DA:12,0
DA:13,0
DA:14,0
DA:15,0
DA:17,0
DA:18,0
DA:19,0
DA:21,0
DA:24,0
DA:25,0
DA:26,0
DA:28,0
DA:32,0
DA:33,0
DA:34,0
DA:35,0
DA:38,0
DA:40,0
DA:56,0
DA:57,0
DA:58,0
DA:60,0
DA:61,0
DA:71,0
DA:81,0
DA:87,0
DA:88,0
DA:90,0
DA:92,0
DA:93,0
DA:94,0
DA:97,0
DA:98,0
DA:99,0
DA:102,0
DA:103,0
DA:104,0
DA:107,0
DA:108,0
LF:44
LH:0
BRDA:6,0,0,0
BRDA:17,1,0,0
BRDA:17,1,1,0
BRDA:21,2,0,0
BRDA:21,2,1,0
BRDA:24,3,0,0
BRDA:24,3,1,0
BRDA:60,4,0,0
BRDA:60,4,1,0
BRDA:61,5,0,0
BRDA:61,5,1,0
BRDA:68,6,0,0
BRDA:68,6,1,0
BRDA:90,7,0,0
BRDA:90,7,1,0
BRDA:97,8,0,0
BRDA:97,8,1,0
BRDA:102,9,0,0
BRDA:102,9,1,0
BRDA:107,10,0,0
BRDA:107,10,1,0
BRDA:107,10,2,0
BRF:22
BRH:0
end_of_record
TN:
SF:src\hooks\useCacheClear.js
FN:7,(anonymous_0)
FN:8,(anonymous_1)
FN:9,(anonymous_2)
FN:12,(anonymous_3)
FN:22,(anonymous_4)
FN:30,(anonymous_5)
FN:41,(anonymous_6)
FN:44,(anonymous_7)
FN:47,(anonymous_8)
FN:52,(anonymous_9)
FNF:10
FNH:0
FNDA:0,(anonymous_0)
FNDA:0,(anonymous_1)
FNDA:0,(anonymous_2)
FNDA:0,(anonymous_3)
FNDA:0,(anonymous_4)
FNDA:0,(anonymous_5)
FNDA:0,(anonymous_6)
FNDA:0,(anonymous_7)
FNDA:0,(anonymous_8)
FNDA:0,(anonymous_9)
DA:7,0
DA:8,0
DA:9,0
DA:10,0
DA:11,0
DA:12,0
DA:13,0
DA:16,0
DA:22,0
DA:23,0
DA:24,0
DA:26,0
DA:30,0
DA:31,0
DA:32,0
DA:35,0
DA:41,0
DA:42,0
DA:44,0
DA:45,0
DA:47,0
DA:48,0
DA:52,0
DA:53,0
DA:57,0
LF:25
LH:0
BRDA:7,0,0,0
BRDA:7,1,0,0
BRDA:10,2,0,0
BRDA:10,2,1,0
BRDA:11,3,0,0
BRDA:11,3,1,0
BRDA:23,4,0,0
BRDA:23,4,1,0
BRF:8
BRH:0
end_of_record
TN:
SF:src\hooks\useDataFetching.js
FN:7,(anonymous_0)
FN:10,(anonymous_1)
FN:16,(anonymous_2)
FN:28,(anonymous_3)
FN:31,(anonymous_4)
FN:32,(anonymous_5)
FN:35,(anonymous_6)
FN:36,(anonymous_7)
FN:39,(anonymous_8)
FN:40,(anonymous_9)
FN:56,(anonymous_10)
FN:59,(anonymous_11)
FN:60,(anonymous_12)
FN:63,(anonymous_13)
FN:64,(anonymous_14)
FN:78,(anonymous_15)
FN:81,(anonymous_16)
FN:82,(anonymous_17)
FN:85,(anonymous_18)
FN:86,(anonymous_19)
FN:89,(anonymous_20)
FN:90,(anonymous_21)
FNF:22
FNH:0
FNDA:0,(anonymous_0)
FNDA:0,(anonymous_1)
FNDA:0,(anonymous_2)
FNDA:0,(anonymous_3)
FNDA:0,(anonymous_4)
FNDA:0,(anonymous_5)
FNDA:0,(anonymous_6)
FNDA:0,(anonymous_7)
FNDA:0,(anonymous_8)
FNDA:0,(anonymous_9)
FNDA:0,(anonymous_10)
FNDA:0,(anonymous_11)
FNDA:0,(anonymous_12)
FNDA:0,(anonymous_13)
FNDA:0,(anonymous_14)
FNDA:0,(anonymous_15)
FNDA:0,(anonymous_16)
FNDA:0,(anonymous_17)
FNDA:0,(anonymous_18)
FNDA:0,(anonymous_19)
FNDA:0,(anonymous_20)
FNDA:0,(anonymous_21)
DA:7,0
DA:8,0
DA:10,0
DA:11,0
DA:12,0
DA:16,0
DA:17,0
DA:18,0
DA:22,0
DA:28,0
DA:29,0
DA:31,0
DA:32,0
DA:35,0
DA:36,0
DA:39,0
DA:40,0
DA:43,0
DA:56,0
DA:57,0
DA:59,0
DA:60,0
DA:63,0
DA:64,0
DA:67,0
DA:78,0
DA:79,0
DA:81,0
DA:82,0
DA:85,0
DA:86,0
DA:89,0
DA:90,0
DA:93,0
LF:34
LH:0
BRDA:7,0,0,0
BRDA:11,1,0,0
BRDA:11,1,1,0
BRDA:17,2,0,0
BRDA:17,2,1,0
BRDA:31,3,0,0
BRF:6
BRH:0
end_of_record
TN:
SF:src\hooks\useLocalStorage.js
FN:9,(anonymous_0)
FN:10,(anonymous_1)
FN:20,(anonymous_2)
FNF:3
FNH:0
FNDA:0,(anonymous_0)
FNDA:0,(anonymous_1)
FNDA:0,(anonymous_2)
DA:9,0
DA:10,0
DA:11,0
DA:12,0
DA:13,0
DA:15,0
DA:16,0
DA:20,0
DA:21,0
DA:23,0
DA:24,0
DA:25,0
DA:27,0
DA:31,0
LF:14
LH:0
BRDA:13,0,0,0
BRDA:13,0,1,0
BRDA:23,1,0,0
BRDA:23,1,1,0
BRF:4
BRH:0
end_of_record
TN:
SF:src\hooks\useNavigation.js
FN:7,(anonymous_0)
FNF:1
FNH:0
FNDA:0,(anonymous_0)
DA:7,0
DA:8,0
DA:11,0
LF:3
LH:0
BRF:0
BRH:0
end_of_record
TN:
SF:src\hooks\useOptimizedFetch.js
FN:7,(anonymous_0)
FN:20,(anonymous_1)
FN:41,(anonymous_2)
FN:66,(anonymous_3)
FN:77,(anonymous_4)
FN:81,(anonymous_5)
FN:91,(anonymous_6)
FN:95,(anonymous_7)
FN:112,(anonymous_8)
FN:113,(anonymous_9)
FN:127,(anonymous_10)
FN:130,(anonymous_11)
FNF:12
FNH:0
FNDA:0,(anonymous_0)
FNDA:0,(anonymous_1)
FNDA:0,(anonymous_2)
FNDA:0,(anonymous_3)
FNDA:0,(anonymous_4)
FNDA:0,(anonymous_5)
FNDA:0,(anonymous_6)
FNDA:0,(anonymous_7)
FNDA:0,(anonymous_8)
FNDA:0,(anonymous_9)
FNDA:0,(anonymous_10)
FNDA:0,(anonymous_11)
DA:7,0
DA:8,0
DA:9,0
DA:10,0
DA:11,0
DA:12,0
DA:18,0
DA:20,0
DA:21,0
DA:24,0
DA:25,0
DA:29,0
DA:30,0
DA:41,0
DA:42,0
DA:43,0
DA:44,0
DA:45,0
DA:48,0
DA:50,0
DA:52,0
DA:53,0
DA:54,0
DA:56,0
DA:59,0
DA:60,0
DA:61,0
DA:64,0
DA:65,0
DA:66,0
DA:67,0
DA:72,0
DA:77,0
DA:78,0
DA:81,0
DA:82,0
DA:83,0
DA:85,0
DA:86,0
DA:91,0
DA:92,0
DA:95,0
DA:96,0
DA:97,0
DA:100,0
DA:112,0
DA:113,0
DA:114,0
DA:117,0
DA:127,0
DA:128,0
DA:130,0
DA:131,0
DA:132,0
DA:133,0
DA:134,0
DA:136,0
DA:137,0
DA:138,0
DA:139,0
DA:142,0
LF:61
LH:0
BRDA:7,0,0,0
BRDA:7,1,0,0
BRDA:15,2,0,0
BRDA:16,3,0,0
BRDA:17,4,0,0
BRDA:20,5,0,0
BRDA:24,6,0,0
BRDA:24,6,1,0
BRDA:29,7,0,0
BRDA:29,7,1,0
BRDA:52,8,0,0
BRDA:52,8,1,0
BRDA:56,9,0,0
BRDA:56,9,1,0
BRDA:59,10,0,0
BRDA:59,10,1,0
BRDA:64,11,0,0
BRDA:64,11,1,0
BRDA:64,12,0,0
BRDA:64,12,1,0
BRDA:74,13,0,0
BRDA:74,13,1,0
BRDA:82,14,0,0
BRDA:82,14,1,0
BRDA:85,15,0,0
BRDA:85,15,1,0
BRDA:112,16,0,0
BRDA:132,17,0,0
BRDA:132,17,1,0
BRF:29
BRH:0
end_of_record
TN:
SF:src\hooks\usePerformance.js
FN:8,(anonymous_0)
FN:11,(anonymous_1)
FN:12,(anonymous_2)
FN:16,(anonymous_3)
FN:25,(anonymous_4)
FN:30,(anonymous_5)
FN:45,(anonymous_6)
FN:55,(anonymous_7)
FN:56,(anonymous_8)
FN:63,(anonymous_9)
FN:64,(anonymous_10)
FN:67,(anonymous_11)
FN:79,(anonymous_12)
FN:83,(anonymous_13)
FN:86,(anonymous_14)
FN:96,(anonymous_15)
FN:105,(anonymous_16)
FN:106,(anonymous_17)
FN:117,(anonymous_18)
FN:126,(anonymous_19)
FNF:20
FNH:0
FNDA:0,(anonymous_0)
FNDA:0,(anonymous_1)
FNDA:0,(anonymous_2)
FNDA:0,(anonymous_3)
FNDA:0,(anonymous_4)
FNDA:0,(anonymous_5)
FNDA:0,(anonymous_6)
FNDA:0,(anonymous_7)
FNDA:0,(anonymous_8)
FNDA:0,(anonymous_9)
FNDA:0,(anonymous_10)
FNDA:0,(anonymous_11)
FNDA:0,(anonymous_12)
FNDA:0,(anonymous_13)
FNDA:0,(anonymous_14)
FNDA:0,(anonymous_15)
FNDA:0,(anonymous_16)
FNDA:0,(anonymous_17)
FNDA:0,(anonymous_18)
FNDA:0,(anonymous_19)
DA:8,0
DA:9,0
DA:11,0
DA:12,0
DA:13,0
DA:16,0
DA:17,0
DA:21,0
DA:25,0
DA:26,0
DA:27,0
DA:28,0
DA:30,0
DA:31,0
DA:32,0
DA:33,0
DA:34,0
DA:35,0
DA:36,0
DA:38,0
DA:39,0
DA:41,0
DA:45,0
DA:46,0
DA:47,0
DA:48,0
DA:51,0
DA:55,0
DA:56,0
DA:57,0
DA:58,0
DA:63,0
DA:64,0
DA:65,0
DA:67,0
DA:68,0
DA:69,0
DA:71,0
DA:72,0
DA:79,0
DA:80,0
DA:81,0
DA:83,0
DA:84,0
DA:86,0
DA:87,0
DA:94,0
DA:96,0
DA:97,0
DA:101,0
DA:105,0
DA:106,0
DA:107,0
DA:108,0
DA:109,0
DA:110,0
DA:111,0
DA:114,0
DA:117,0
DA:118,0
DA:122,0
DA:123,0
DA:126,0
DA:127,0
DA:128,0
DA:131,0
LF:66
LH:0
BRDA:25,0,0,0
BRDA:38,1,0,0
BRDA:38,1,1,0
BRDA:55,2,0,0
BRDA:57,3,0,0
BRDA:57,3,1,0
BRDA:71,4,0,0
BRDA:71,4,1,0
BRDA:79,5,0,0
BRDA:84,6,0,0
BRDA:84,6,1,0
BRDA:97,7,0,0
BRDA:97,7,1,0
BRDA:105,8,0,0
BRDA:108,9,0,0
BRDA:108,9,1,0
BRDA:110,10,0,0
BRDA:110,10,1,0
BRF:18
BRH:0
end_of_record
TN:
SF:src\hooks\useToast.js
FNF:0
FNH:0
LF:0
LH:0
BRF:0
BRH:0
end_of_record
TN:
SF:src\lib\animations.js
FN:316,(anonymous_0)
FN:322,(anonymous_1)
FNF:2
FNH:0
FNDA:0,(anonymous_0)
FNDA:0,(anonymous_1)
DA:7,0
DA:13,0
DA:19,0
DA:25,0
DA:31,0
DA:37,0
DA:52,0
DA:60,0
DA:66,0
DA:74,0
DA:80,0
DA:86,0
DA:97,0
DA:109,0
DA:316,0
DA:322,0
DA:331,0
LF:17
LH:0
BRDA:316,0,0,0
BRDA:322,1,0,0
BRF:2
BRH:0
end_of_record
TN:
SF:src\lib\roles.js
FN:9,(anonymous_0)
FN:10,(anonymous_1)
FN:11,(anonymous_2)
FNF:3
FNH:0
FNDA:0,(anonymous_0)
FNDA:0,(anonymous_1)
FNDA:0,(anonymous_2)
DA:2,0
DA:9,0
DA:10,0
DA:11,0
LF:4
LH:0
BRF:0
BRH:0
end_of_record
TN:
SF:src\lib\utils.js
FN:1,cn
FNF:1
FNH:0
FNDA:0,cn
DA:1,0
LF:1
LH:0
BRF:0
BRH:0
end_of_record
TN:
SF:src\pages\AboutPage.jsx
FN:7,(anonymous_0)
FN:109,(anonymous_1)
FN:129,(anonymous_2)
FNF:3
FNH:0
FNDA:0,(anonymous_0)
FNDA:0,(anonymous_1)
FNDA:0,(anonymous_2)
DA:7,0
DA:8,0
DA:31,0
DA:52,0
DA:110,0
DA:130,0
LF:6
LH:0
BRF:0
BRH:0
end_of_record
TN:
SF:src\pages\AuthDebug.jsx
FN:4,(anonymous_0)
FNF:1
FNH:0
FNDA:0,(anonymous_0)
DA:4,0
DA:5,0
DA:7,0
LF:3
LH:0
BRDA:15,0,0,0
BRDA:15,0,1,0
BRDA:16,1,0,0
BRDA:16,1,1,0
BRDA:37,2,0,0
BRDA:37,2,1,0
BRF:6
BRH:0
end_of_record
TN:
SF:src\pages\BlogDetail.jsx
FN:12,(anonymous_0)
FN:17,(anonymous_1)
FN:31,(anonymous_2)
FN:42,(anonymous_3)
FN:208,(anonymous_4)
FN:212,(anonymous_5)
FNF:6
FNH:0
FNDA:0,(anonymous_0)
FNDA:0,(anonymous_1)
FNDA:0,(anonymous_2)
FNDA:0,(anonymous_3)
FNDA:0,(anonymous_4)
FNDA:0,(anonymous_5)
DA:12,0
DA:13,0
DA:14,0
DA:17,0
DA:19,0
DA:20,0
DA:31,0
DA:42,0
DA:43,0
DA:46,0
DA:209,0
DA:212,0
LF:12
LH:0
BRDA:17,0,0,0
BRDA:17,0,1,0
BRDA:19,1,0,0
BRDA:19,1,1,0
BRDA:43,2,0,0
BRDA:43,2,1,0
BRDA:201,3,0,0
BRDA:201,3,1,0
BRDA:212,4,0,0
BRDA:212,4,1,0
BRF:10
BRH:0
end_of_record
TN:
SF:src\pages\BlogList.jsx
FN:9,(anonymous_0)
FN:27,(anonymous_1)
FN:31,(anonymous_2)
FNF:3
FNH:0
FNDA:0,(anonymous_0)
FNDA:0,(anonymous_1)
FNDA:0,(anonymous_2)
DA:9,0
DA:10,0
DA:11,0
DA:28,0
DA:31,0
LF:5
LH:0
BRDA:31,0,0,0
BRDA:31,0,1,0
BRF:2
BRH:0
end_of_record
TN:
SF:src\pages\CartPage.jsx
FN:11,(anonymous_0)
FN:15,(anonymous_1)
FN:26,(anonymous_2)
FN:41,(anonymous_3)
FN:58,(anonymous_4)
FN:66,(anonymous_5)
FN:83,(anonymous_6)
FN:139,(anonymous_7)
FNF:8
FNH:0
FNDA:0,(anonymous_0)
FNDA:0,(anonymous_1)
FNDA:0,(anonymous_2)
FNDA:0,(anonymous_3)
FNDA:0,(anonymous_4)
FNDA:0,(anonymous_5)
FNDA:0,(anonymous_6)
FNDA:0,(anonymous_7)
DA:11,0
DA:12,0
DA:13,0
DA:15,0
DA:16,0
DA:22,0
DA:23,0
DA:24,0
DA:26,0
DA:27,0
DA:28,0
DA:30,0
DA:33,0
DA:41,0
DA:58,0
DA:67,0
DA:83,0
DA:139,0
LF:18
LH:0
BRDA:27,0,0,0
BRDA:27,0,1,0
BRDA:53,1,0,0
BRDA:53,1,1,0
BRDA:90,2,0,0
BRDA:90,2,1,0
BRDA:92,3,0,0
BRDA:92,3,1,0
BRDA:93,4,0,0
BRDA:93,4,1,0
BRF:10
BRH:0
end_of_record
TN:
SF:src\pages\Catalog.jsx
FN:9,(anonymous_0)
FN:14,(anonymous_1)
FN:23,(anonymous_2)
FN:52,(anonymous_3)
FN:66,(anonymous_4)
FN:70,(anonymous_5)
FN:82,(anonymous_6)
FN:86,(anonymous_7)
FN:106,(anonymous_8)
FN:111,(anonymous_9)
FN:129,(anonymous_10)
FNF:11
FNH:0
FNDA:0,(anonymous_0)
FNDA:0,(anonymous_1)
FNDA:0,(anonymous_2)
FNDA:0,(anonymous_3)
FNDA:0,(anonymous_4)
FNDA:0,(anonymous_5)
FNDA:0,(anonymous_6)
FNDA:0,(anonymous_7)
FNDA:0,(anonymous_8)
FNDA:0,(anonymous_9)
FNDA:0,(anonymous_10)
DA:9,0
DA:10,0
DA:11,0
DA:12,0
DA:14,0
DA:15,0
DA:17,0
DA:18,0
DA:20,0
DA:23,0
DA:24,0
DA:25,0
DA:26,0
DA:29,0
DA:52,0
DA:66,0
DA:71,0
DA:82,0
DA:87,0
DA:106,0
DA:111,0
DA:130,0
LF:22
LH:0
BRDA:15,0,0,0
BRDA:15,0,1,0
BRDA:17,1,0,0
BRDA:17,1,1,0
BRDA:18,2,0,0
BRDA:18,2,1,0
BRDA:20,3,0,0
BRDA:20,3,1,0
BRDA:20,3,2,0
BRDA:96,4,0,0
BRDA:96,4,1,0
BRDA:96,4,2,0
BRDA:96,4,3,0
BRDA:99,5,0,0
BRDA:99,5,1,0
BRDA:104,6,0,0
BRDA:104,6,1,0
BRDA:109,7,0,0
BRDA:109,7,1,0
BRDA:127,8,0,0
BRDA:127,8,1,0
BRF:21
BRH:0
end_of_record
TN:
SF:src\pages\CatalogPage.jsx
FN:12,(anonymous_0)
FN:25,(anonymous_1)
FN:29,(anonymous_2)
FN:33,(anonymous_3)
FN:51,(anonymous_4)
FN:56,(anonymous_5)
FN:64,(anonymous_6)
FN:85,(anonymous_7)
FN:92,(anonymous_8)
FN:102,(anonymous_9)
FN:112,(anonymous_10)
FN:120,(anonymous_11)
FN:182,(anonymous_12)
FN:191,(anonymous_13)
FN:210,(anonymous_14)
FN:213,(anonymous_15)
FN:225,(anonymous_16)
FN:228,(anonymous_17)
FN:240,(anonymous_18)
FN:243,(anonymous_19)
FN:257,(anonymous_20)
FN:261,(anonymous_21)
FN:343,(anonymous_22)
FNF:23
FNH:0
FNDA:0,(anonymous_0)
FNDA:0,(anonymous_1)
FNDA:0,(anonymous_2)
FNDA:0,(anonymous_3)
FNDA:0,(anonymous_4)
FNDA:0,(anonymous_5)
FNDA:0,(anonymous_6)
FNDA:0,(anonymous_7)
FNDA:0,(anonymous_8)
FNDA:0,(anonymous_9)
FNDA:0,(anonymous_10)
FNDA:0,(anonymous_11)
FNDA:0,(anonymous_12)
FNDA:0,(anonymous_13)
FNDA:0,(anonymous_14)
FNDA:0,(anonymous_15)
FNDA:0,(anonymous_16)
FNDA:0,(anonymous_17)
FNDA:0,(anonymous_18)
FNDA:0,(anonymous_19)
FNDA:0,(anonymous_20)
FNDA:0,(anonymous_21)
FNDA:0,(anonymous_22)
DA:12,0
DA:13,0
DA:14,0
DA:15,0
DA:16,0
DA:17,0
DA:18,0
DA:19,0
DA:20,0
DA:21,0
DA:22,0
DA:23,0
DA:25,0
DA:26,0
DA:29,0
DA:30,0
DA:33,0
DA:34,0
DA:35,0
DA:36,0
DA:37,0
DA:38,0
DA:40,0
DA:41,0
DA:44,0
DA:45,0
DA:47,0
DA:51,0
DA:52,0
DA:55,0
DA:56,0
DA:57,0
DA:63,0
DA:64,0
DA:65,0
DA:66,0
DA:68,0
DA:70,0
DA:72,0
DA:74,0
DA:76,0
DA:78,0
DA:84,0
DA:85,0
DA:86,0
DA:91,0
DA:92,0
DA:93,0
DA:94,0
DA:95,0
DA:99,0
DA:102,0
DA:103,0
DA:106,0
DA:108,0
DA:112,0
DA:113,0
DA:114,0
DA:120,0
DA:121,0
DA:126,0
DA:129,0
DA:138,0
DA:145,0
DA:151,0
DA:152,0
DA:162,0
DA:182,0
DA:191,0
DA:210,0
DA:214,0
DA:225,0
DA:229,0
DA:240,0
DA:244,0
DA:258,0
DA:261,0
DA:344,0
DA:345,0
DA:346,0
DA:347,0
LF:81
LH:0
BRDA:37,0,0,0
BRDA:37,0,1,0
BRDA:37,1,0,0
BRDA:37,1,1,0
BRDA:55,2,0,0
BRDA:55,2,1,0
BRDA:57,3,0,0
BRDA:57,3,1,0
BRDA:63,4,0,0
BRDA:63,4,1,0
BRDA:66,5,0,0
BRDA:66,5,1,0
BRDA:66,5,2,0
BRDA:66,5,3,0
BRDA:66,5,4,0
BRDA:66,5,5,0
BRDA:68,6,0,0
BRDA:68,6,1,0
BRDA:68,6,2,0
BRDA:68,6,3,0
BRDA:70,7,0,0
BRDA:70,7,1,0
BRDA:70,7,2,0
BRDA:70,7,3,0
BRDA:72,8,0,0
BRDA:72,8,1,0
BRDA:72,8,2,0
BRDA:72,8,3,0
BRDA:74,9,0,0
BRDA:74,9,1,0
BRDA:74,9,2,0
BRDA:74,9,3,0
BRDA:76,10,0,0
BRDA:76,10,1,0
BRDA:76,10,2,0
BRDA:76,10,3,0
BRDA:84,11,0,0
BRDA:84,11,1,0
BRDA:86,12,0,0
BRDA:86,12,1,0
BRDA:91,13,0,0
BRDA:91,13,1,0
BRDA:93,14,0,0
BRDA:93,14,1,0
BRDA:94,15,0,0
BRDA:94,15,1,0
BRDA:113,16,0,0
BRDA:113,16,1,0
BRDA:126,17,0,0
BRDA:126,17,1,0
BRDA:151,18,0,0
BRDA:151,18,1,0
BRDA:196,19,0,0
BRDA:196,19,1,0
BRDA:204,20,0,0
BRDA:204,20,1,0
BRDA:255,21,0,0
BRDA:255,21,1,0
BRDA:287,22,0,0
BRDA:287,22,1,0
BRDA:299,23,0,0
BRDA:299,23,1,0
BRDA:304,24,0,0
BRDA:304,24,1,0
BRDA:309,25,0,0
BRDA:309,25,1,0
BRDA:309,26,0,0
BRDA:309,26,1,0
BRDA:321,27,0,0
BRDA:321,27,1,0
BRDA:321,27,2,0
BRDA:356,28,0,0
BRDA:356,28,1,0
BRDA:356,28,2,0
BRDA:356,28,3,0
BRF:75
BRH:0
end_of_record
TN:
SF:src\pages\Checkout.jsx
FN:15,(anonymous_0)
FN:30,(anonymous_1)
FN:60,(anonymous_2)
FN:65,(anonymous_3)
FN:81,(anonymous_4)
FN:123,(anonymous_5)
FN:164,(anonymous_6)
FN:170,(anonymous_7)
FN:191,(anonymous_8)
FN:202,(anonymous_9)
FN:206,(anonymous_10)
FN:237,(anonymous_11)
FN:237,(anonymous_12)
FN:248,(anonymous_13)
FN:248,(anonymous_14)
FN:265,(anonymous_15)
FN:265,(anonymous_16)
FN:281,(anonymous_17)
FN:281,(anonymous_18)
FN:297,(anonymous_19)
FN:297,(anonymous_20)
FN:311,(anonymous_21)
FN:311,(anonymous_22)
FN:323,(anonymous_23)
FN:323,(anonymous_24)
FN:339,(anonymous_25)
FN:339,(anonymous_26)
FN:349,(anonymous_27)
FN:384,(anonymous_28)
FN:392,(anonymous_29)
FN:392,(anonymous_30)
FN:414,(anonymous_31)
FN:414,(anonymous_32)
FN:429,(anonymous_33)
FN:429,(anonymous_34)
FN:444,(anonymous_35)
FN:444,(anonymous_36)
FN:459,(anonymous_37)
FN:459,(anonymous_38)
FN:470,(anonymous_39)
FN:503,(anonymous_40)
FN:508,(anonymous_41)
FN:532,(anonymous_42)
FNF:43
FNH:0
FNDA:0,(anonymous_0)
FNDA:0,(anonymous_1)
FNDA:0,(anonymous_2)
FNDA:0,(anonymous_3)
FNDA:0,(anonymous_4)
FNDA:0,(anonymous_5)
FNDA:0,(anonymous_6)
FNDA:0,(anonymous_7)
FNDA:0,(anonymous_8)
FNDA:0,(anonymous_9)
FNDA:0,(anonymous_10)
FNDA:0,(anonymous_11)
FNDA:0,(anonymous_12)
FNDA:0,(anonymous_13)
FNDA:0,(anonymous_14)
FNDA:0,(anonymous_15)
FNDA:0,(anonymous_16)
FNDA:0,(anonymous_17)
FNDA:0,(anonymous_18)
FNDA:0,(anonymous_19)
FNDA:0,(anonymous_20)
FNDA:0,(anonymous_21)
FNDA:0,(anonymous_22)
FNDA:0,(anonymous_23)
FNDA:0,(anonymous_24)
FNDA:0,(anonymous_25)
FNDA:0,(anonymous_26)
FNDA:0,(anonymous_27)
FNDA:0,(anonymous_28)
FNDA:0,(anonymous_29)
FNDA:0,(anonymous_30)
FNDA:0,(anonymous_31)
FNDA:0,(anonymous_32)
FNDA:0,(anonymous_33)
FNDA:0,(anonymous_34)
FNDA:0,(anonymous_35)
FNDA:0,(anonymous_36)
FNDA:0,(anonymous_37)
FNDA:0,(anonymous_38)
FNDA:0,(anonymous_39)
FNDA:0,(anonymous_40)
FNDA:0,(anonymous_41)
FNDA:0,(anonymous_42)
DA:15,0
DA:16,0
DA:17,0
DA:18,0
DA:19,0
DA:20,0
DA:21,0
DA:22,0
DA:23,0
DA:26,0
DA:27,0
DA:28,0
DA:30,0
DA:32,0
DA:33,0
DA:37,0
DA:48,0
DA:56,0
DA:57,0
DA:58,0
DA:60,0
DA:61,0
DA:62,0
DA:65,0
DA:66,0
DA:67,0
DA:69,0
DA:70,0
DA:72,0
DA:77,0
DA:78,0
DA:81,0
DA:82,0
DA:88,0
DA:91,0
DA:96,0
DA:97,0
DA:98,0
DA:100,0
DA:102,0
DA:103,0
DA:105,0
DA:109,0
DA:116,0
DA:124,0
DA:164,0
DA:171,0
DA:191,0
DA:202,0
DA:206,0
DA:237,0
DA:248,0
DA:265,0
DA:281,0
DA:297,0
DA:311,0
DA:323,0
DA:339,0
DA:349,0
DA:385,0
DA:392,0
DA:414,0
DA:429,0
DA:444,0
DA:459,0
DA:470,0
DA:503,0
DA:508,0
DA:533,0
LF:69
LH:0
BRDA:32,0,0,0
BRDA:32,0,1,0
BRDA:32,1,0,0
BRDA:32,1,1,0
BRDA:70,2,0,0
BRDA:70,2,1,0
BRDA:70,3,0,0
BRDA:70,3,1,0
BRDA:103,4,0,0
BRDA:103,4,1,0
BRDA:126,5,0,0
BRDA:126,5,1,0
BRDA:133,6,0,0
BRDA:133,6,1,0
BRDA:137,7,0,0
BRDA:137,7,1,0
BRDA:139,8,0,0
BRDA:139,8,1,0
BRDA:151,9,0,0
BRDA:151,9,1,0
BRDA:151,9,2,0
BRDA:160,10,0,0
BRDA:160,10,1,0
BRDA:173,11,0,0
BRDA:173,11,1,0
BRDA:179,12,0,0
BRDA:179,12,1,0
BRDA:181,13,0,0
BRDA:181,13,1,0
BRDA:182,14,0,0
BRDA:182,14,1,0
BRDA:219,15,0,0
BRDA:219,15,1,0
BRDA:364,16,0,0
BRDA:364,16,1,0
BRDA:388,17,0,0
BRDA:388,17,1,0
BRDA:402,18,0,0
BRDA:402,18,1,0
BRDA:485,19,0,0
BRDA:485,19,1,0
BRDA:498,20,0,0
BRDA:498,20,1,0
BRDA:524,21,0,0
BRDA:524,21,1,0
BRDA:524,22,0,0
BRDA:524,22,1,0
BRDA:535,23,0,0
BRDA:535,23,1,0
BRF:49
BRH:0
end_of_record
TN:
SF:src\pages\ContactPage.jsx
FN:10,(anonymous_0)
FN:19,(anonymous_1)
FN:33,(anonymous_2)
FN:34,(anonymous_3)
FN:107,(anonymous_4)
FN:115,(anonymous_5)
FN:140,(anonymous_6)
FN:152,(anonymous_7)
FN:165,(anonymous_8)
FN:178,(anonymous_9)
FN:190,(anonymous_10)
FN:226,(anonymous_11)
FNF:12
FNH:0
FNDA:0,(anonymous_0)
FNDA:0,(anonymous_1)
FNDA:0,(anonymous_2)
FNDA:0,(anonymous_3)
FNDA:0,(anonymous_4)
FNDA:0,(anonymous_5)
FNDA:0,(anonymous_6)
FNDA:0,(anonymous_7)
FNDA:0,(anonymous_8)
FNDA:0,(anonymous_9)
FNDA:0,(anonymous_10)
FNDA:0,(anonymous_11)
DA:10,0
DA:11,0
DA:19,0
DA:20,0
DA:21,0
DA:23,0
DA:24,0
DA:33,0
DA:34,0
DA:40,0
DA:67,0
DA:88,0
DA:108,0
DA:116,0
DA:140,0
DA:152,0
DA:165,0
DA:178,0
DA:190,0
DA:227,0
LF:20
LH:0
BRDA:227,0,0,0
BRDA:227,0,1,0
BRDA:230,1,0,0
BRDA:230,1,1,0
BRF:4
BRH:0
end_of_record
TN:
SF:src\pages\CourseDetail.jsx
FN:26,(anonymous_0)
FN:48,(anonymous_1)
FN:55,(anonymous_2)
FN:76,(anonymous_3)
FN:115,(anonymous_4)
FN:118,(anonymous_5)
FN:132,(anonymous_6)
FN:139,(anonymous_7)
FN:276,(anonymous_8)
FN:297,(anonymous_9)
FN:305,(anonymous_10)
FN:316,(anonymous_11)
FN:339,(anonymous_12)
FN:344,(anonymous_13)
FN:357,(anonymous_14)
FN:369,(anonymous_15)
FN:426,(anonymous_16)
FN:488,(anonymous_17)
FN:510,(anonymous_18)
FN:519,(anonymous_19)
FN:587,(anonymous_20)
FN:606,(anonymous_21)
FN:656,(anonymous_22)
FN:685,(anonymous_23)
FN:710,(anonymous_24)
FN:752,(anonymous_25)
FNF:26
FNH:0
FNDA:0,(anonymous_0)
FNDA:0,(anonymous_1)
FNDA:0,(anonymous_2)
FNDA:0,(anonymous_3)
FNDA:0,(anonymous_4)
FNDA:0,(anonymous_5)
FNDA:0,(anonymous_6)
FNDA:0,(anonymous_7)
FNDA:0,(anonymous_8)
FNDA:0,(anonymous_9)
FNDA:0,(anonymous_10)
FNDA:0,(anonymous_11)
FNDA:0,(anonymous_12)
FNDA:0,(anonymous_13)
FNDA:0,(anonymous_14)
FNDA:0,(anonymous_15)
FNDA:0,(anonymous_16)
FNDA:0,(anonymous_17)
FNDA:0,(anonymous_18)
FNDA:0,(anonymous_19)
FNDA:0,(anonymous_20)
FNDA:0,(anonymous_21)
FNDA:0,(anonymous_22)
FNDA:0,(anonymous_23)
FNDA:0,(anonymous_24)
FNDA:0,(anonymous_25)
DA:26,0
DA:27,0
DA:28,0
DA:29,0
DA:30,0
DA:31,0
DA:34,0
DA:37,0
DA:38,0
DA:40,0
DA:41,0
DA:42,0
DA:43,0
DA:44,0
DA:46,0
DA:48,0
DA:49,0
DA:50,0
DA:55,0
DA:56,0
DA:57,0
DA:60,0
DA:76,0
DA:106,0
DA:107,0
DA:108,0
DA:110,0
DA:115,0
DA:116,0
DA:117,0
DA:118,0
DA:128,0
DA:132,0
DA:133,0
DA:135,0
DA:136,0
DA:137,0
DA:138,0
DA:139,0
DA:141,0
DA:143,0
DA:200,0
DA:201,0
DA:205,0
DA:209,0
DA:270,0
DA:272,0
DA:276,0
DA:278,0
DA:294,0
DA:297,0
DA:298,0
DA:299,0
DA:305,0
DA:306,0
DA:307,0
DA:308,0
DA:309,0
DA:313,0
DA:316,0
DA:317,0
DA:318,0
DA:319,0
DA:320,0
DA:323,0
DA:324,0
DA:325,0
DA:328,0
DA:339,0
DA:341,0
DA:344,0
DA:345,0
DA:358,0
DA:369,0
DA:370,0
DA:410,0
DA:411,0
DA:421,0
DA:422,0
DA:426,0
DA:432,0
DA:489,0
DA:511,0
DA:520,0
DA:588,0
DA:607,0
DA:657,0
DA:686,0
DA:711,0
DA:753,0
LF:90
LH:0
BRDA:46,0,0,0
BRDA:46,0,1,0
BRDA:49,1,0,0
BRDA:49,1,1,0
BRDA:56,2,0,0
BRDA:56,2,1,0
BRDA:64,3,0,0
BRDA:64,3,1,0
BRDA:65,4,0,0
BRDA:65,4,1,0
BRDA:68,5,0,0
BRDA:68,5,1,0
BRDA:69,6,0,0
BRDA:69,6,1,0
BRDA:70,7,0,0
BRDA:70,7,1,0
BRDA:72,8,0,0
BRDA:72,8,1,0
BRDA:72,9,0,0
BRDA:72,9,1,0
BRDA:78,10,0,0
BRDA:78,10,1,0
BRDA:79,11,0,0
BRDA:79,11,1,0
BRDA:98,12,0,0
BRDA:98,12,1,0
BRDA:99,13,0,0
BRDA:99,13,1,0
BRDA:108,14,0,0
BRDA:108,14,1,0
BRDA:108,15,0,0
BRDA:108,15,1,0
BRDA:116,16,0,0
BRDA:116,16,1,0
BRDA:116,17,0,0
BRDA:116,17,1,0
BRDA:117,18,0,0
BRDA:117,18,1,0
BRDA:121,19,0,0
BRDA:121,19,1,0
BRDA:122,20,0,0
BRDA:122,20,1,0
BRDA:124,21,0,0
BRDA:124,21,1,0
BRDA:125,22,0,0
BRDA:125,22,1,0
BRDA:126,23,0,0
BRDA:126,23,1,0
BRDA:137,24,0,0
BRDA:137,24,1,0
BRDA:137,25,0,0
BRDA:137,25,1,0
BRDA:138,26,0,0
BRDA:138,26,1,0
BRDA:138,26,2,0
BRDA:141,27,0,0
BRDA:141,27,1,0
BRDA:147,28,0,0
BRDA:147,28,1,0
BRDA:148,29,0,0
BRDA:148,29,1,0
BRDA:149,30,0,0
BRDA:149,30,1,0
BRDA:151,31,0,0
BRDA:151,31,1,0
BRDA:152,32,0,0
BRDA:152,32,1,0
BRDA:153,33,0,0
BRDA:153,33,1,0
BRDA:154,34,0,0
BRDA:154,34,1,0
BRDA:155,35,0,0
BRDA:155,35,1,0
BRDA:158,36,0,0
BRDA:158,36,1,0
BRDA:160,37,0,0
BRDA:160,37,1,0
BRDA:298,38,0,0
BRDA:298,38,1,0
BRDA:298,39,0,0
BRDA:298,39,1,0
BRDA:306,40,0,0
BRDA:306,40,1,0
BRDA:317,41,0,0
BRDA:317,41,1,0
BRDA:323,42,0,0
BRDA:323,42,1,0
BRDA:332,43,0,0
BRDA:332,43,1,0
BRDA:360,44,0,0
BRDA:360,44,1,0
BRDA:379,45,0,0
BRDA:379,45,1,0
BRDA:410,46,0,0
BRDA:410,46,1,0
BRDA:421,47,0,0
BRDA:421,47,1,0
BRDA:524,48,0,0
BRDA:524,48,1,0
BRDA:596,49,0,0
BRDA:596,49,1,0
BRDA:596,50,0,0
BRDA:596,50,1,0
BRDA:596,51,0,0
BRDA:596,51,1,0
BRDA:596,52,0,0
BRDA:596,52,1,0
BRDA:599,53,0,0
BRDA:599,53,1,0
BRDA:599,54,0,0
BRDA:599,54,1,0
BRDA:599,55,0,0
BRDA:599,55,1,0
BRDA:599,56,0,0
BRDA:599,56,1,0
BRDA:624,57,0,0
BRDA:624,57,1,0
BRDA:624,57,2,0
BRDA:628,58,0,0
BRDA:628,58,1,0
BRDA:647,59,0,0
BRDA:647,59,1,0
BRF:122
BRH:0
end_of_record
TN:
SF:src\pages\CourseDetailPageNew.jsx
FN:30,(anonymous_0)
FN:42,(anonymous_1)
FN:49,(anonymous_2)
FN:65,(anonymous_3)
FN:75,(anonymous_4)
FN:87,(anonymous_5)
FN:88,(anonymous_6)
FN:94,(anonymous_7)
FN:105,(anonymous_8)
FN:114,(anonymous_9)
FN:133,(anonymous_10)
FN:141,(anonymous_11)
FN:175,(anonymous_12)
FN:200,(anonymous_13)
FN:218,(anonymous_14)
FN:369,(anonymous_15)
FN:379,(anonymous_16)
FN:389,(anonymous_17)
FN:399,(anonymous_18)
FN:419,(anonymous_19)
FN:440,(anonymous_20)
FN:464,(anonymous_21)
FN:470,(anonymous_22)
FN:492,(anonymous_23)
FN:553,(anonymous_24)
FN:568,(anonymous_25)
FN:594,(anonymous_26)
FN:611,(anonymous_27)
FN:688,(anonymous_28)
FN:691,(anonymous_29)
FNF:30
FNH:0
FNDA:0,(anonymous_0)
FNDA:0,(anonymous_1)
FNDA:0,(anonymous_2)
FNDA:0,(anonymous_3)
FNDA:0,(anonymous_4)
FNDA:0,(anonymous_5)
FNDA:0,(anonymous_6)
FNDA:0,(anonymous_7)
FNDA:0,(anonymous_8)
FNDA:0,(anonymous_9)
FNDA:0,(anonymous_10)
FNDA:0,(anonymous_11)
FNDA:0,(anonymous_12)
FNDA:0,(anonymous_13)
FNDA:0,(anonymous_14)
FNDA:0,(anonymous_15)
FNDA:0,(anonymous_16)
FNDA:0,(anonymous_17)
FNDA:0,(anonymous_18)
FNDA:0,(anonymous_19)
FNDA:0,(anonymous_20)
FNDA:0,(anonymous_21)
FNDA:0,(anonymous_22)
FNDA:0,(anonymous_23)
FNDA:0,(anonymous_24)
FNDA:0,(anonymous_25)
FNDA:0,(anonymous_26)
FNDA:0,(anonymous_27)
FNDA:0,(anonymous_28)
FNDA:0,(anonymous_29)
DA:30,0
DA:31,0
DA:32,0
DA:33,0
DA:34,0
DA:36,0
DA:37,0
DA:38,0
DA:39,0
DA:40,0
DA:42,0
DA:43,0
DA:44,0
DA:45,0
DA:49,0
DA:50,0
DA:51,0
DA:52,0
DA:53,0
DA:55,0
DA:56,0
DA:57,0
DA:60,0
DA:61,0
DA:64,0
DA:65,0
DA:68,0
DA:69,0
DA:71,0
DA:75,0
DA:76,0
DA:77,0
DA:78,0
DA:79,0
DA:80,0
DA:83,0
DA:87,0
DA:88,0
DA:94,0
DA:95,0
DA:96,0
DA:97,0
DA:98,0
DA:102,0
DA:105,0
DA:106,0
DA:107,0
DA:108,0
DA:109,0
DA:113,0
DA:114,0
DA:116,0
DA:117,0
DA:118,0
DA:121,0
DA:129,0
DA:130,0
DA:133,0
DA:134,0
DA:135,0
DA:141,0
DA:142,0
DA:144,0
DA:145,0
DA:146,0
DA:148,0
DA:151,0
DA:152,0
DA:166,0
DA:167,0
DA:175,0
DA:187,0
DA:200,0
DA:219,0
DA:369,0
DA:379,0
DA:389,0
DA:399,0
DA:420,0
DA:441,0
DA:465,0
DA:470,0
DA:493,0
DA:554,0
DA:569,0
DA:570,0
DA:595,0
DA:612,0
DA:689,0
DA:691,0
LF:90
LH:0
BRDA:43,0,0,0
BRDA:43,0,1,0
BRDA:55,1,0,0
BRDA:55,1,1,0
BRDA:55,2,0,0
BRDA:55,2,1,0
BRDA:60,3,0,0
BRDA:60,3,1,0
BRDA:60,4,0,0
BRDA:60,4,1,0
BRDA:78,5,0,0
BRDA:78,5,1,0
BRDA:78,6,0,0
BRDA:78,6,1,0
BRDA:79,7,0,0
BRDA:79,7,1,0
BRDA:79,7,2,0
BRDA:95,8,0,0
BRDA:95,8,1,0
BRDA:106,9,0,0
BRDA:106,9,1,0
BRDA:113,10,0,0
BRDA:113,10,1,0
BRDA:116,11,0,0
BRDA:116,11,1,0
BRDA:134,12,0,0
BRDA:134,12,1,0
BRDA:134,13,0,0
BRDA:134,13,1,0
BRDA:142,14,0,0
BRDA:142,14,1,0
BRDA:145,15,0,0
BRDA:145,15,1,0
BRDA:151,16,0,0
BRDA:151,16,1,0
BRDA:166,17,0,0
BRDA:166,17,1,0
BRDA:206,18,0,0
BRDA:206,18,1,0
BRDA:222,19,0,0
BRDA:222,19,1,0
BRDA:222,20,0,0
BRDA:222,20,1,0
BRDA:229,21,0,0
BRDA:229,21,1,0
BRDA:230,22,0,0
BRDA:230,22,1,0
BRDA:235,23,0,0
BRDA:235,23,1,0
BRDA:240,24,0,0
BRDA:240,24,1,0
BRDA:245,25,0,0
BRDA:245,25,1,0
BRDA:250,26,0,0
BRDA:250,26,1,0
BRDA:257,27,0,0
BRDA:257,27,1,0
BRDA:263,28,0,0
BRDA:263,28,1,0
BRDA:274,29,0,0
BRDA:274,29,1,0
BRDA:289,30,0,0
BRDA:289,30,1,0
BRDA:320,31,0,0
BRDA:320,31,1,0
BRDA:324,32,0,0
BRDA:324,32,1,0
BRDA:371,33,0,0
BRDA:371,33,1,0
BRDA:381,34,0,0
BRDA:381,34,1,0
BRDA:391,35,0,0
BRDA:391,35,1,0
BRDA:401,36,0,0
BRDA:401,36,1,0
BRDA:413,37,0,0
BRDA:413,37,1,0
BRDA:419,38,0,0
BRDA:419,38,1,0
BRDA:440,39,0,0
BRDA:440,39,1,0
BRDA:452,40,0,0
BRDA:452,40,1,0
BRDA:457,41,0,0
BRDA:457,41,1,0
BRDA:458,42,0,0
BRDA:458,42,1,0
BRDA:459,43,0,0
BRDA:459,43,1,0
BRDA:463,44,0,0
BRDA:463,44,1,0
BRDA:463,45,0,0
BRDA:463,45,1,0
BRDA:474,46,0,0
BRDA:474,46,1,0
BRDA:484,47,0,0
BRDA:484,47,1,0
BRDA:490,48,0,0
BRDA:490,48,1,0
BRDA:492,49,0,0
BRDA:492,49,1,0
BRDA:499,50,0,0
BRDA:499,50,1,0
BRDA:507,51,0,0
BRDA:507,51,1,0
BRDA:518,52,0,0
BRDA:518,52,1,0
BRDA:540,53,0,0
BRDA:540,53,1,0
BRDA:550,54,0,0
BRDA:550,54,1,0
BRDA:557,55,0,0
BRDA:557,55,1,0
BRDA:557,56,0,0
BRDA:557,56,1,0
BRDA:564,57,0,0
BRDA:564,57,1,0
BRDA:569,58,0,0
BRDA:569,58,1,0
BRDA:569,59,0,0
BRDA:569,59,1,0
BRDA:569,60,0,0
BRDA:569,60,1,0
BRDA:569,61,0,0
BRDA:569,61,1,0
BRDA:593,62,0,0
BRDA:593,62,1,0
BRDA:593,63,0,0
BRDA:593,63,1,0
BRDA:598,64,0,0
BRDA:598,64,1,0
BRDA:615,65,0,0
BRDA:615,65,1,0
BRDA:639,66,0,0
BRDA:639,66,1,0
BRDA:645,67,0,0
BRDA:645,67,1,0
BRDA:654,68,0,0
BRDA:654,68,1,0
BRDA:660,69,0,0
BRDA:660,69,1,0
BRDA:666,70,0,0
BRDA:666,70,1,0
BRDA:695,71,0,0
BRDA:695,71,1,0
BRDA:706,72,0,0
BRDA:706,72,1,0
BRF:147
BRH:0
end_of_record
TN:
SF:src\pages\CoursePlayerPage.jsx
FN:12,(anonymous_0)
FN:49,(anonymous_1)
FN:55,(anonymous_2)
FN:65,(anonymous_3)
FN:78,(anonymous_4)
FN:91,(anonymous_5)
FN:102,(anonymous_6)
FN:108,(anonymous_7)
FN:141,(anonymous_8)
FN:220,(anonymous_9)
FN:240,(anonymous_10)
FN:257,(anonymous_11)
FN:274,(anonymous_12)
FN:277,(anonymous_13)
FN:358,(anonymous_14)
FN:367,(anonymous_15)
FN:401,(anonymous_16)
FN:429,(anonymous_17)
FN:480,(anonymous_18)
FNF:19
FNH:0
FNDA:0,(anonymous_0)
FNDA:0,(anonymous_1)
FNDA:0,(anonymous_2)
FNDA:0,(anonymous_3)
FNDA:0,(anonymous_4)
FNDA:0,(anonymous_5)
FNDA:0,(anonymous_6)
FNDA:0,(anonymous_7)
FNDA:0,(anonymous_8)
FNDA:0,(anonymous_9)
FNDA:0,(anonymous_10)
FNDA:0,(anonymous_11)
FNDA:0,(anonymous_12)
FNDA:0,(anonymous_13)
FNDA:0,(anonymous_14)
FNDA:0,(anonymous_15)
FNDA:0,(anonymous_16)
FNDA:0,(anonymous_17)
FNDA:0,(anonymous_18)
DA:12,0
DA:13,0
DA:14,0
DA:15,0
DA:16,0
DA:17,0
DA:18,0
DA:19,0
DA:22,0
DA:49,0
DA:50,0
DA:51,0
DA:55,0
DA:57,0
DA:60,0
DA:61,0
DA:65,0
DA:66,0
DA:69,0
DA:78,0
DA:91,0
DA:103,0
DA:108,0
DA:142,0
DA:220,0
DA:240,0
DA:257,0
DA:275,0
DA:277,0
DA:359,0
DA:368,0
DA:369,0
DA:370,0
DA:371,0
DA:373,0
DA:402,0
DA:430,0
DA:481,0
LF:38
LH:0
BRDA:50,0,0,0
BRDA:50,0,1,0
BRDA:60,1,0,0
BRDA:60,1,1,0
BRDA:106,2,0,0
BRDA:106,2,1,0
BRDA:107,3,0,0
BRDA:107,3,1,0
BRDA:111,4,0,0
BRDA:111,4,1,0
BRDA:113,5,0,0
BRDA:113,5,1,0
BRDA:145,6,0,0
BRDA:145,6,1,0
BRDA:222,7,0,0
BRDA:222,7,1,0
BRDA:279,8,0,0
BRDA:279,8,1,0
BRDA:293,9,0,0
BRDA:293,9,1,0
BRDA:346,10,0,0
BRDA:346,10,1,0
BRDA:369,11,0,0
BRDA:369,11,1,0
BRDA:370,12,0,0
BRDA:370,12,1,0
BRDA:377,13,0,0
BRDA:377,13,1,0
BRDA:378,14,0,0
BRDA:378,14,1,0
BRDA:379,15,0,0
BRDA:379,15,1,0
BRDA:383,16,0,0
BRDA:383,16,1,0
BRDA:384,17,0,0
BRDA:384,17,1,0
BRDA:384,17,2,0
BRDA:404,18,0,0
BRDA:404,18,1,0
BRDA:405,19,0,0
BRDA:405,19,1,0
BRDA:419,20,0,0
BRDA:419,20,1,0
BRDA:433,21,0,0
BRDA:433,21,1,0
BRDA:433,22,0,0
BRDA:433,22,1,0
BRDA:451,23,0,0
BRDA:451,23,1,0
BRF:49
BRH:0
end_of_record
TN:
SF:src\pages\CoursesPage.jsx
FN:19,(anonymous_0)
FN:23,(anonymous_1)
FN:32,(anonymous_2)
FN:37,(anonymous_3)
FN:43,(anonymous_4)
FN:47,(anonymous_5)
FN:59,(anonymous_6)
FN:82,(anonymous_7)
FN:90,(anonymous_8)
FN:123,(anonymous_9)
FN:137,(anonymous_10)
FN:152,(anonymous_11)
FN:159,(anonymous_12)
FN:168,(anonymous_13)
FN:176,(anonymous_14)
FN:177,(anonymous_15)
FN:181,(anonymous_16)
FN:183,(anonymous_17)
FN:194,(anonymous_18)
FN:273,(anonymous_19)
FN:286,(anonymous_20)
FN:291,(anonymous_21)
FN:337,(anonymous_22)
FN:377,(anonymous_23)
FN:384,(anonymous_24)
FN:388,(anonymous_25)
FN:405,(anonymous_26)
FN:442,(anonymous_27)
FN:456,(anonymous_28)
FN:470,(anonymous_29)
FN:484,(anonymous_30)
FNF:31
FNH:0
FNDA:0,(anonymous_0)
FNDA:0,(anonymous_1)
FNDA:0,(anonymous_2)
FNDA:0,(anonymous_3)
FNDA:0,(anonymous_4)
FNDA:0,(anonymous_5)
FNDA:0,(anonymous_6)
FNDA:0,(anonymous_7)
FNDA:0,(anonymous_8)
FNDA:0,(anonymous_9)
FNDA:0,(anonymous_10)
FNDA:0,(anonymous_11)
FNDA:0,(anonymous_12)
FNDA:0,(anonymous_13)
FNDA:0,(anonymous_14)
FNDA:0,(anonymous_15)
FNDA:0,(anonymous_16)
FNDA:0,(anonymous_17)
FNDA:0,(anonymous_18)
FNDA:0,(anonymous_19)
FNDA:0,(anonymous_20)
FNDA:0,(anonymous_21)
FNDA:0,(anonymous_22)
FNDA:0,(anonymous_23)
FNDA:0,(anonymous_24)
FNDA:0,(anonymous_25)
FNDA:0,(anonymous_26)
FNDA:0,(anonymous_27)
FNDA:0,(anonymous_28)
FNDA:0,(anonymous_29)
FNDA:0,(anonymous_30)
DA:19,0
DA:20,0
DA:21,0
DA:23,0
DA:24,0
DA:25,0
DA:26,0
DA:27,0
DA:28,0
DA:29,0
DA:30,0
DA:32,0
DA:33,0
DA:34,0
DA:37,0
DA:38,0
DA:39,0
DA:43,0
DA:44,0
DA:47,0
DA:48,0
DA:49,0
DA:50,0
DA:51,0
DA:53,0
DA:55,0
DA:56,0
DA:59,0
DA:69,0
DA:71,0
DA:72,0
DA:75,0
DA:76,0
DA:78,0
DA:82,0
DA:83,0
DA:84,0
DA:85,0
DA:87,0
DA:89,0
DA:90,0
DA:96,0
DA:102,0
DA:113,0
DA:114,0
DA:123,0
DA:124,0
DA:126,0
DA:127,0
DA:129,0
DA:132,0
DA:133,0
DA:137,0
DA:138,0
DA:139,0
DA:140,0
DA:141,0
DA:144,0
DA:145,0
DA:151,0
DA:152,0
DA:153,0
DA:158,0
DA:159,0
DA:160,0
DA:164,0
DA:165,0
DA:168,0
DA:169,0
DA:170,0
DA:176,0
DA:177,0
DA:178,0
DA:181,0
DA:182,0
DA:183,0
DA:195,0
DA:196,0
DA:274,0
DA:275,0
DA:286,0
DA:287,0
DA:291,0
DA:303,0
DA:304,0
DA:314,0
DA:338,0
DA:377,0
DA:384,0
DA:389,0
DA:406,0
DA:416,0
DA:417,0
DA:418,0
DA:420,0
DA:443,0
DA:457,0
DA:471,0
DA:485,0
LF:99
LH:0
BRDA:38,0,0,0
BRDA:38,0,1,0
BRDA:53,1,0,0
BRDA:53,1,1,0
BRDA:53,2,0,0
BRDA:53,2,1,0
BRDA:55,3,0,0
BRDA:55,3,1,0
BRDA:55,3,2,0
BRDA:69,4,0,0
BRDA:69,4,1,0
BRDA:87,5,0,0
BRDA:87,5,1,0
BRDA:87,6,0,0
BRDA:87,6,1,0
BRDA:89,7,0,0
BRDA:89,7,1,0
BRDA:89,7,2,0
BRDA:126,8,0,0
BRDA:126,8,1,0
BRDA:126,9,0,0
BRDA:126,9,1,0
BRDA:138,10,0,0
BRDA:138,10,1,0
BRDA:151,11,0,0
BRDA:151,11,1,0
BRDA:153,12,0,0
BRDA:153,12,1,0
BRDA:158,13,0,0
BRDA:158,13,1,0
BRDA:169,14,0,0
BRDA:169,14,1,0
BRDA:169,15,0,0
BRDA:169,15,1,0
BRDA:178,16,0,0
BRDA:178,16,1,0
BRDA:181,17,0,0
BRDA:188,18,0,0
BRDA:188,18,1,0
BRDA:204,19,0,0
BRDA:204,19,1,0
BRDA:211,20,0,0
BRDA:211,20,1,0
BRDA:220,21,0,0
BRDA:220,21,1,0
BRDA:225,22,0,0
BRDA:225,22,1,0
BRDA:236,23,0,0
BRDA:236,23,1,0
BRDA:240,24,0,0
BRDA:240,24,1,0
BRDA:245,25,0,0
BRDA:245,25,1,0
BRDA:249,26,0,0
BRDA:249,26,1,0
BRDA:266,27,0,0
BRDA:266,27,1,0
BRDA:266,27,2,0
BRDA:279,28,0,0
BRDA:279,28,1,0
BRDA:289,29,0,0
BRDA:289,29,1,0
BRDA:298,30,0,0
BRDA:298,30,1,0
BRDA:303,31,0,0
BRDA:303,31,1,0
BRDA:333,32,0,0
BRDA:333,32,1,0
BRDA:341,33,0,0
BRDA:341,33,1,0
BRDA:355,34,0,0
BRDA:355,34,1,0
BRDA:442,35,0,0
BRDA:442,35,1,0
BRDA:456,36,0,0
BRDA:456,36,1,0
BRDA:470,37,0,0
BRDA:470,37,1,0
BRDA:484,38,0,0
BRDA:484,38,1,0
BRDA:505,39,0,0
BRDA:505,39,1,0
BRDA:505,39,2,0
BRDA:505,40,0,0
BRDA:505,40,1,0
BRF:85
BRH:0
end_of_record
TN:
SF:src\pages\Exam.jsx
FN:23,(anonymous_0)
FN:31,(anonymous_1)
FN:35,(anonymous_2)
FN:36,(anonymous_3)
FN:42,(anonymous_4)
FN:50,(anonymous_5)
FN:51,(anonymous_6)
FN:67,(anonymous_7)
FN:76,(anonymous_8)
FN:78,(anonymous_9)
FN:107,(anonymous_10)
FN:114,(anonymous_11)
FN:124,(anonymous_12)
FN:170,(anonymous_13)
FNF:14
FNH:0
FNDA:0,(anonymous_0)
FNDA:0,(anonymous_1)
FNDA:0,(anonymous_2)
FNDA:0,(anonymous_3)
FNDA:0,(anonymous_4)
FNDA:0,(anonymous_5)
FNDA:0,(anonymous_6)
FNDA:0,(anonymous_7)
FNDA:0,(anonymous_8)
FNDA:0,(anonymous_9)
FNDA:0,(anonymous_10)
FNDA:0,(anonymous_11)
FNDA:0,(anonymous_12)
FNDA:0,(anonymous_13)
DA:6,0
DA:23,0
DA:24,0
DA:25,0
DA:27,0
DA:28,0
DA:31,0
DA:32,0
DA:33,0
DA:35,0
DA:36,0
DA:42,0
DA:43,0
DA:44,0
DA:45,0
DA:49,0
DA:50,0
DA:51,0
DA:52,0
DA:53,0
DA:57,0
DA:60,0
DA:67,0
DA:70,0
DA:73,0
DA:76,0
DA:77,0
DA:78,0
DA:81,0
DA:108,0
DA:115,0
DA:124,0
DA:171,0
LF:33
LH:0
BRDA:24,0,0,0
BRDA:24,0,1,0
BRDA:31,1,0,0
BRDA:31,1,1,0
BRDA:43,2,0,0
BRDA:43,2,1,0
BRDA:52,3,0,0
BRDA:52,3,1,0
BRDA:77,4,0,0
BRDA:77,4,1,0
BRDA:101,5,0,0
BRDA:101,5,1,0
BRDA:163,6,0,0
BRDA:163,6,1,0
BRF:14
BRH:0
end_of_record
TN:
SF:src\pages\Landing.jsx
FN:15,(anonymous_0)
FN:27,(anonymous_1)
FN:32,(anonymous_2)
FN:36,(anonymous_3)
FN:195,(anonymous_4)
FN:215,(anonymous_5)
FN:223,(anonymous_6)
FN:255,(anonymous_7)
FN:284,(anonymous_8)
FN:342,(anonymous_9)
FN:353,(anonymous_10)
FN:389,(anonymous_11)
FN:398,(anonymous_12)
FN:440,(anonymous_13)
FN:450,(anonymous_14)
FN:460,(anonymous_15)
FN:470,(anonymous_16)
FN:491,(anonymous_17)
FN:497,(anonymous_18)
FN:521,(anonymous_19)
FN:542,(anonymous_20)
FN:579,(anonymous_21)
FN:585,(anonymous_22)
FN:621,(anonymous_23)
FNF:24
FNH:0
FNDA:0,(anonymous_0)
FNDA:0,(anonymous_1)
FNDA:0,(anonymous_2)
FNDA:0,(anonymous_3)
FNDA:0,(anonymous_4)
FNDA:0,(anonymous_5)
FNDA:0,(anonymous_6)
FNDA:0,(anonymous_7)
FNDA:0,(anonymous_8)
FNDA:0,(anonymous_9)
FNDA:0,(anonymous_10)
FNDA:0,(anonymous_11)
FNDA:0,(anonymous_12)
FNDA:0,(anonymous_13)
FNDA:0,(anonymous_14)
FNDA:0,(anonymous_15)
FNDA:0,(anonymous_16)
FNDA:0,(anonymous_17)
FNDA:0,(anonymous_18)
FNDA:0,(anonymous_19)
FNDA:0,(anonymous_20)
FNDA:0,(anonymous_21)
FNDA:0,(anonymous_22)
FNDA:0,(anonymous_23)
DA:15,0
DA:16,0
DA:17,0
DA:18,0
DA:19,0
DA:22,0
DA:23,0
DA:24,0
DA:25,0
DA:27,0
DA:28,0
DA:32,0
DA:33,0
DA:36,0
DA:37,0
DA:38,0
DA:39,0
DA:40,0
DA:41,0
DA:43,0
DA:46,0
DA:47,0
DA:49,0
DA:53,0
DA:61,0
DA:82,0
DA:112,0
DA:161,0
DA:162,0
DA:195,0
DA:216,0
DA:223,0
DA:256,0
DA:257,0
DA:285,0
DA:342,0
DA:353,0
DA:371,0
DA:389,0
DA:398,0
DA:440,0
DA:450,0
DA:460,0
DA:470,0
DA:491,0
DA:498,0
DA:521,0
DA:543,0
DA:579,0
DA:586,0
DA:621,0
LF:51
LH:0
BRDA:40,0,0,0
BRDA:40,0,1,0
BRDA:40,1,0,0
BRDA:40,1,1,0
BRDA:161,2,0,0
BRDA:161,2,1,0
BRDA:290,3,0,0
BRDA:290,3,1,0
BRDA:380,4,0,0
BRDA:380,4,1,0
BRDA:380,4,2,0
BRDA:591,5,0,0
BRDA:591,5,1,0
BRF:13
BRH:0
end_of_record
TN:
SF:src\pages\LandingLearner.jsx
FN:14,(anonymous_0)
FN:27,(anonymous_1)
FN:30,(anonymous_2)
FN:47,(anonymous_3)
FN:50,(anonymous_4)
FN:67,(anonymous_5)
FN:75,(anonymous_6)
FN:78,(anonymous_7)
FN:172,(anonymous_8)
FN:203,(anonymous_9)
FN:230,(anonymous_10)
FN:249,(anonymous_11)
FN:266,(anonymous_12)
FN:285,(anonymous_13)
FN:304,(anonymous_14)
FNF:15
FNH:0
FNDA:0,(anonymous_0)
FNDA:0,(anonymous_1)
FNDA:0,(anonymous_2)
FNDA:0,(anonymous_3)
FNDA:0,(anonymous_4)
FNDA:0,(anonymous_5)
FNDA:0,(anonymous_6)
FNDA:0,(anonymous_7)
FNDA:0,(anonymous_8)
FNDA:0,(anonymous_9)
FNDA:0,(anonymous_10)
FNDA:0,(anonymous_11)
FNDA:0,(anonymous_12)
FNDA:0,(anonymous_13)
FNDA:0,(anonymous_14)
DA:14,0
DA:15,0
DA:16,0
DA:19,0
DA:20,0
DA:22,0
DA:23,0
DA:24,0
DA:27,0
DA:28,0
DA:29,0
DA:30,0
DA:42,0
DA:47,0
DA:48,0
DA:49,0
DA:50,0
DA:63,0
DA:67,0
DA:68,0
DA:69,0
DA:75,0
DA:76,0
DA:78,0
DA:143,0
DA:173,0
DA:204,0
DA:231,0
DA:250,0
DA:266,0
DA:286,0
DA:305,0
LF:32
LH:0
BRDA:24,0,0,0
BRDA:24,0,1,0
BRDA:28,1,0,0
BRDA:28,1,1,0
BRDA:28,2,0,0
BRDA:28,2,1,0
BRDA:29,3,0,0
BRDA:29,3,1,0
BRDA:35,4,0,0
BRDA:35,4,1,0
BRDA:36,5,0,0
BRDA:36,5,1,0
BRDA:38,6,0,0
BRDA:38,6,1,0
BRDA:39,7,0,0
BRDA:39,7,1,0
BRDA:40,8,0,0
BRDA:40,8,1,0
BRDA:42,9,0,0
BRDA:42,9,1,0
BRDA:48,10,0,0
BRDA:48,10,1,0
BRDA:48,11,0,0
BRDA:48,11,1,0
BRDA:49,12,0,0
BRDA:49,12,1,0
BRDA:55,13,0,0
BRDA:55,13,1,0
BRDA:56,14,0,0
BRDA:56,14,1,0
BRDA:58,15,0,0
BRDA:58,15,1,0
BRDA:59,16,0,0
BRDA:59,16,1,0
BRDA:60,17,0,0
BRDA:60,17,1,0
BRDA:68,18,0,0
BRDA:68,18,1,0
BRDA:68,19,0,0
BRDA:68,19,1,0
BRDA:75,20,0,0
BRDA:82,21,0,0
BRDA:82,21,1,0
BRDA:86,22,0,0
BRDA:86,22,1,0
BRDA:93,23,0,0
BRDA:93,23,1,0
BRDA:101,24,0,0
BRDA:101,24,1,0
BRDA:101,25,0,0
BRDA:101,25,1,0
BRDA:106,26,0,0
BRDA:106,26,1,0
BRDA:116,27,0,0
BRDA:116,27,1,0
BRDA:120,28,0,0
BRDA:120,28,1,0
BRDA:124,29,0,0
BRDA:124,29,1,0
BRDA:132,30,0,0
BRDA:132,30,1,0
BRDA:135,31,0,0
BRDA:135,31,1,0
BRDA:161,32,0,0
BRDA:161,32,1,0
BRF:65
BRH:0
end_of_record
TN:
SF:src\pages\LandingSimple.jsx
FN:14,(anonymous_0)
FN:27,(anonymous_1)
FN:30,(anonymous_2)
FN:47,(anonymous_3)
FN:50,(anonymous_4)
FN:67,(anonymous_5)
FN:75,(anonymous_6)
FN:78,(anonymous_7)
FN:172,(anonymous_8)
FN:203,(anonymous_9)
FN:230,(anonymous_10)
FN:249,(anonymous_11)
FN:266,(anonymous_12)
FN:285,(anonymous_13)
FN:304,(anonymous_14)
FNF:15
FNH:0
FNDA:0,(anonymous_0)
FNDA:0,(anonymous_1)
FNDA:0,(anonymous_2)
FNDA:0,(anonymous_3)
FNDA:0,(anonymous_4)
FNDA:0,(anonymous_5)
FNDA:0,(anonymous_6)
FNDA:0,(anonymous_7)
FNDA:0,(anonymous_8)
FNDA:0,(anonymous_9)
FNDA:0,(anonymous_10)
FNDA:0,(anonymous_11)
FNDA:0,(anonymous_12)
FNDA:0,(anonymous_13)
FNDA:0,(anonymous_14)
DA:14,0
DA:15,0
DA:16,0
DA:19,0
DA:20,0
DA:22,0
DA:23,0
DA:24,0
DA:27,0
DA:28,0
DA:29,0
DA:30,0
DA:42,0
DA:47,0
DA:48,0
DA:49,0
DA:50,0
DA:63,0
DA:67,0
DA:68,0
DA:69,0
DA:75,0
DA:76,0
DA:78,0
DA:143,0
DA:173,0
DA:204,0
DA:231,0
DA:250,0
DA:266,0
DA:286,0
DA:305,0
LF:32
LH:0
BRDA:24,0,0,0
BRDA:24,0,1,0
BRDA:28,1,0,0
BRDA:28,1,1,0
BRDA:28,2,0,0
BRDA:28,2,1,0
BRDA:29,3,0,0
BRDA:29,3,1,0
BRDA:30,4,0,0
BRDA:30,4,1,0
BRDA:35,5,0,0
BRDA:35,5,1,0
BRDA:36,6,0,0
BRDA:36,6,1,0
BRDA:38,7,0,0
BRDA:38,7,1,0
BRDA:39,8,0,0
BRDA:39,8,1,0
BRDA:40,9,0,0
BRDA:40,9,1,0
BRDA:48,10,0,0
BRDA:48,10,1,0
BRDA:48,11,0,0
BRDA:48,11,1,0
BRDA:49,12,0,0
BRDA:49,12,1,0
BRDA:50,13,0,0
BRDA:50,13,1,0
BRDA:55,14,0,0
BRDA:55,14,1,0
BRDA:56,15,0,0
BRDA:56,15,1,0
BRDA:58,16,0,0
BRDA:58,16,1,0
BRDA:59,17,0,0
BRDA:59,17,1,0
BRDA:60,18,0,0
BRDA:60,18,1,0
BRDA:68,19,0,0
BRDA:68,19,1,0
BRDA:68,20,0,0
BRDA:68,20,1,0
BRDA:75,21,0,0
BRDA:82,22,0,0
BRDA:82,22,1,0
BRDA:86,23,0,0
BRDA:86,23,1,0
BRDA:93,24,0,0
BRDA:93,24,1,0
BRDA:101,25,0,0
BRDA:101,25,1,0
BRDA:101,26,0,0
BRDA:101,26,1,0
BRDA:106,27,0,0
BRDA:106,27,1,0
BRDA:116,28,0,0
BRDA:116,28,1,0
BRDA:120,29,0,0
BRDA:120,29,1,0
BRDA:124,30,0,0
BRDA:124,30,1,0
BRDA:130,31,0,0
BRDA:130,31,1,0
BRDA:130,32,0,0
BRDA:130,32,1,0
BRDA:132,33,0,0
BRDA:132,33,1,0
BRDA:161,34,0,0
BRDA:161,34,1,0
BRDA:172,35,0,0
BRDA:172,35,1,0
BRDA:230,36,0,0
BRDA:230,36,1,0
BRDA:249,37,0,0
BRDA:249,37,1,0
BRDA:285,38,0,0
BRDA:285,38,1,0
BRDA:304,39,0,0
BRDA:304,39,1,0
BRF:79
BRH:0
end_of_record
TN:
SF:src\pages\MyCoursesPage.jsx
FN:13,(anonymous_0)
FN:22,(anonymous_1)
FN:26,(anonymous_2)
FN:34,(anonymous_3)
FN:160,(anonymous_4)
FN:172,(anonymous_5)
FN:173,(anonymous_6)
FN:174,(anonymous_7)
FN:177,(anonymous_8)
FN:181,(anonymous_9)
FN:253,(anonymous_10)
FN:261,(anonymous_11)
FN:273,(anonymous_12)
FN:281,(anonymous_13)
FN:297,(anonymous_14)
FN:303,(anonymous_15)
FN:428,(anonymous_16)
FN:435,(anonymous_17)
FN:440,(anonymous_18)
FN:442,(anonymous_19)
FN:446,(anonymous_20)
FN:475,(anonymous_21)
FN:480,(anonymous_22)
FN:481,(anonymous_23)
FN:497,(anonymous_24)
FNF:25
FNH:0
FNDA:0,(anonymous_0)
FNDA:0,(anonymous_1)
FNDA:0,(anonymous_2)
FNDA:0,(anonymous_3)
FNDA:0,(anonymous_4)
FNDA:0,(anonymous_5)
FNDA:0,(anonymous_6)
FNDA:0,(anonymous_7)
FNDA:0,(anonymous_8)
FNDA:0,(anonymous_9)
FNDA:0,(anonymous_10)
FNDA:0,(anonymous_11)
FNDA:0,(anonymous_12)
FNDA:0,(anonymous_13)
FNDA:0,(anonymous_14)
FNDA:0,(anonymous_15)
FNDA:0,(anonymous_16)
FNDA:0,(anonymous_17)
FNDA:0,(anonymous_18)
FNDA:0,(anonymous_19)
FNDA:0,(anonymous_20)
FNDA:0,(anonymous_21)
FNDA:0,(anonymous_22)
FNDA:0,(anonymous_23)
FNDA:0,(anonymous_24)
DA:13,0
DA:14,0
DA:15,0
DA:16,0
DA:17,0
DA:18,0
DA:19,0
DA:20,0
DA:22,0
DA:23,0
DA:26,0
DA:27,0
DA:28,0
DA:29,0
DA:30,0
DA:32,0
DA:34,0
DA:40,0
DA:41,0
DA:43,0
DA:46,0
DA:47,0
DA:97,0
DA:100,0
DA:103,0
DA:104,0
DA:154,0
DA:156,0
DA:160,0
DA:161,0
DA:165,0
DA:167,0
DA:170,0
DA:172,0
DA:173,0
DA:174,0
DA:177,0
DA:178,0
DA:181,0
DA:182,0
DA:189,0
DA:253,0
DA:261,0
DA:273,0
DA:281,0
DA:298,0
DA:303,0
DA:428,0
DA:435,0
DA:440,0
DA:443,0
DA:446,0
DA:475,0
DA:480,0
DA:482,0
DA:497,0
LF:56
LH:0
BRDA:32,0,0,0
BRDA:32,0,1,0
BRDA:32,1,0,0
BRDA:32,1,1,0
BRDA:36,2,0,0
BRDA:36,2,1,0
BRDA:37,3,0,0
BRDA:37,3,1,0
BRDA:161,4,0,0
BRDA:161,4,1,0
BRDA:161,4,2,0
BRDA:165,5,0,0
BRDA:165,5,1,0
BRDA:167,6,0,0
BRDA:167,6,1,0
BRDA:271,7,0,0
BRDA:271,7,1,0
BRDA:279,8,0,0
BRDA:279,8,1,0
BRDA:291,9,0,0
BRDA:291,9,1,0
BRDA:295,10,0,0
BRDA:295,10,1,0
BRDA:296,11,0,0
BRDA:296,11,1,0
BRDA:301,12,0,0
BRDA:301,12,1,0
BRDA:306,13,0,0
BRDA:306,13,1,0
BRDA:311,14,0,0
BRDA:311,14,1,0
BRDA:319,15,0,0
BRDA:319,15,1,0
BRDA:320,16,0,0
BRDA:320,16,1,0
BRDA:342,17,0,0
BRDA:342,17,1,0
BRDA:355,18,0,0
BRDA:355,18,1,0
BRDA:357,19,0,0
BRDA:357,19,1,0
BRDA:366,20,0,0
BRDA:366,20,1,0
BRDA:376,21,0,0
BRDA:376,21,1,0
BRDA:377,22,0,0
BRDA:377,22,1,0
BRDA:397,23,0,0
BRDA:397,23,1,0
BRDA:407,24,0,0
BRDA:407,24,1,0
BRDA:410,25,0,0
BRDA:410,25,1,0
BRDA:426,26,0,0
BRDA:426,26,1,0
BRDA:435,27,0,0
BRDA:435,27,1,0
BRDA:475,28,0,0
BRDA:475,28,1,0
BRDA:501,29,0,0
BRDA:501,29,1,0
BRF:61
BRH:0
end_of_record
TN:
SF:src\pages\MyProfilePage.jsx
FN:25,(anonymous_0)
FN:56,(anonymous_1)
FN:61,(anonymous_2)
FN:112,(anonymous_3)
FN:127,(anonymous_4)
FN:132,(anonymous_5)
FN:137,(anonymous_6)
FN:176,(anonymous_7)
FN:196,(anonymous_8)
FN:197,(anonymous_9)
FN:203,(anonymous_10)
FN:207,(anonymous_11)
FN:234,(anonymous_12)
FN:238,(anonymous_13)
FN:242,(anonymous_14)
FN:260,(anonymous_15)
FN:264,(anonymous_16)
FN:287,(anonymous_17)
FN:296,(anonymous_18)
FN:304,(anonymous_19)
FN:495,(anonymous_20)
FN:498,(anonymous_21)
FNF:22
FNH:0
FNDA:0,(anonymous_0)
FNDA:0,(anonymous_1)
FNDA:0,(anonymous_2)
FNDA:0,(anonymous_3)
FNDA:0,(anonymous_4)
FNDA:0,(anonymous_5)
FNDA:0,(anonymous_6)
FNDA:0,(anonymous_7)
FNDA:0,(anonymous_8)
FNDA:0,(anonymous_9)
FNDA:0,(anonymous_10)
FNDA:0,(anonymous_11)
FNDA:0,(anonymous_12)
FNDA:0,(anonymous_13)
FNDA:0,(anonymous_14)
FNDA:0,(anonymous_15)
FNDA:0,(anonymous_16)
FNDA:0,(anonymous_17)
FNDA:0,(anonymous_18)
FNDA:0,(anonymous_19)
FNDA:0,(anonymous_20)
FNDA:0,(anonymous_21)
DA:25,0
DA:26,0
DA:27,0
DA:28,0
DA:29,0
DA:30,0
DA:31,0
DA:32,0
DA:33,0
DA:41,0
DA:53,0
DA:56,0
DA:57,0
DA:58,0
DA:61,0
DA:62,0
DA:63,0
DA:64,0
DA:66,0
DA:67,0
DA:69,0
DA:70,0
DA:71,0
DA:74,0
DA:86,0
DA:87,0
DA:90,0
DA:92,0
DA:93,0
DA:104,0
DA:105,0
DA:108,0
DA:112,0
DA:113,0
DA:115,0
DA:123,0
DA:127,0
DA:128,0
DA:129,0
DA:132,0
DA:133,0
DA:134,0
DA:137,0
DA:138,0
DA:139,0
DA:140,0
DA:143,0
DA:145,0
DA:146,0
DA:147,0
DA:148,0
DA:149,0
DA:150,0
DA:152,0
DA:154,0
DA:156,0
DA:158,0
DA:160,0
DA:161,0
DA:162,0
DA:163,0
DA:166,0
DA:169,0
DA:175,0
DA:176,0
DA:177,0
DA:181,0
DA:183,0
DA:186,0
DA:187,0
DA:192,0
DA:196,0
DA:197,0
DA:203,0
DA:204,0
DA:207,0
DA:208,0
DA:209,0
DA:212,0
DA:213,0
DA:217,0
DA:221,0
DA:222,0
DA:226,0
DA:229,0
DA:230,0
DA:233,0
DA:234,0
DA:235,0
DA:238,0
DA:242,0
DA:247,0
DA:250,0
DA:251,0
DA:254,0
DA:256,0
DA:257,0
DA:260,0
DA:264,0
DA:270,0
DA:272,0
DA:277,0
DA:280,0
DA:281,0
DA:287,0
DA:292,0
DA:296,0
DA:297,0
DA:304,0
DA:305,0
DA:319,0
DA:496,0
DA:498,0
LF:113
LH:0
BRDA:69,0,0,0
BRDA:69,0,1,0
BRDA:69,1,0,0
BRDA:69,1,1,0
BRDA:75,2,0,0
BRDA:75,2,1,0
BRDA:76,3,0,0
BRDA:76,3,1,0
BRDA:77,4,0,0
BRDA:77,4,1,0
BRDA:78,5,0,0
BRDA:78,5,1,0
BRDA:79,6,0,0
BRDA:79,6,1,0
BRDA:80,7,0,0
BRDA:80,7,1,0
BRDA:81,8,0,0
BRDA:81,8,1,0
BRDA:82,9,0,0
BRDA:82,9,1,0
BRDA:82,9,2,0
BRDA:83,10,0,0
BRDA:83,10,1,0
BRDA:92,11,0,0
BRDA:92,11,1,0
BRDA:94,12,0,0
BRDA:94,12,1,0
BRDA:94,12,2,0
BRDA:95,13,0,0
BRDA:95,13,1,0
BRDA:96,14,0,0
BRDA:96,14,1,0
BRDA:97,15,0,0
BRDA:97,15,1,0
BRDA:98,16,0,0
BRDA:98,16,1,0
BRDA:99,17,0,0
BRDA:99,17,1,0
BRDA:100,18,0,0
BRDA:100,18,1,0
BRDA:101,19,0,0
BRDA:101,19,1,0
BRDA:101,19,2,0
BRDA:102,20,0,0
BRDA:102,20,1,0
BRDA:145,21,0,0
BRDA:145,21,1,0
BRDA:146,22,0,0
BRDA:146,22,1,0
BRDA:147,23,0,0
BRDA:147,23,1,0
BRDA:148,24,0,0
BRDA:148,24,1,0
BRDA:149,25,0,0
BRDA:149,25,1,0
BRDA:150,26,0,0
BRDA:150,26,1,0
BRDA:158,27,0,0
BRDA:158,27,1,0
BRDA:160,28,0,0
BRDA:160,28,1,0
BRDA:160,28,2,0
BRDA:175,29,0,0
BRDA:175,29,1,0
BRDA:183,30,0,0
BRDA:183,30,1,0
BRDA:187,31,0,0
BRDA:187,31,1,0
BRDA:209,32,0,0
BRDA:209,32,1,0
BRDA:212,33,0,0
BRDA:212,33,1,0
BRDA:221,34,0,0
BRDA:221,34,1,0
BRDA:256,35,0,0
BRDA:256,35,1,0
BRDA:257,36,0,0
BRDA:257,36,1,0
BRDA:277,37,0,0
BRDA:277,37,1,0
BRDA:304,38,0,0
BRDA:310,39,0,0
BRDA:310,39,1,0
BRDA:336,40,0,0
BRDA:336,40,1,0
BRDA:344,41,0,0
BRDA:344,41,1,0
BRDA:364,42,0,0
BRDA:364,42,1,0
BRDA:376,43,0,0
BRDA:376,43,1,0
BRDA:385,44,0,0
BRDA:385,44,1,0
BRDA:391,45,0,0
BRDA:391,45,1,0
BRDA:397,46,0,0
BRDA:397,46,1,0
BRDA:412,47,0,0
BRDA:412,47,1,0
BRDA:427,48,0,0
BRDA:427,48,1,0
BRDA:500,49,0,0
BRDA:500,49,1,0
BRDA:514,50,0,0
BRDA:514,50,1,0
BRDA:524,51,0,0
BRDA:524,51,1,0
BRDA:528,52,0,0
BRDA:528,52,1,0
BRDA:528,52,2,0
BRDA:533,53,0,0
BRDA:533,53,1,0
BRDA:541,54,0,0
BRDA:541,54,1,0
BRDA:558,55,0,0
BRDA:558,55,1,0
BRDA:568,56,0,0
BRDA:568,56,1,0
BRDA:576,57,0,0
BRDA:576,57,1,0
BRDA:586,58,0,0
BRDA:586,58,1,0
BRDA:594,59,0,0
BRDA:594,59,1,0
BRDA:604,60,0,0
BRDA:604,60,1,0
[...]
BRDA:455,37,0,0
BRDA:457,38,0,0
BRDA:457,38,1,0
BRDA:490,39,0,0
BRDA:603,40,0,0
BRDA:603,40,1,0
BRDA:611,41,0,0
BRF:83
BRH:0
end_of_record
TN:
SF:src\services\enhancedApi.js
FN:14,(anonymous_0)
FN:19,(anonymous_1)
FN:24,(anonymous_2)
FN:29,(anonymous_3)
FN:39,(anonymous_4)
FN:51,(anonymous_5)
FN:59,(anonymous_6)
FN:64,(anonymous_7)
FN:66,(anonymous_8)
FN:72,(anonymous_9)
FN:82,(anonymous_10)
FN:86,(anonymous_11)
FN:91,(anonymous_12)
FN:96,(anonymous_13)
FN:105,(anonymous_14)
FN:116,(anonymous_15)
FN:137,(anonymous_16)
FN:145,(anonymous_17)
FN:190,(anonymous_18)
FN:192,(anonymous_19)
FN:265,(anonymous_20)
FN:278,(anonymous_21)
FN:285,(anonymous_22)
FN:296,(anonymous_23)
FN:302,(anonymous_24)
FN:314,(anonymous_25)
FN:321,(anonymous_26)
FN:330,(anonymous_27)
FN:339,(anonymous_28)
FN:345,(anonymous_29)
FN:352,(anonymous_30)
FN:359,(anonymous_31)
FN:365,(anonymous_32)
FN:371,(anonymous_33)
FN:377,(anonymous_34)
FN:383,(anonymous_35)
FN:392,(anonymous_36)
FN:397,(anonymous_37)
FN:412,(anonymous_38)
FN:415,(anonymous_39)
FN:420,(anonymous_40)
FN:421,(anonymous_41)
FN:423,(anonymous_42)
FN:427,(anonymous_43)
FN:430,(anonymous_44)
FN:439,(anonymous_45)
FN:443,(anonymous_46)
FN:456,(anonymous_47)
FN:457,(anonymous_48)
FN:458,(anonymous_49)
FNF:50
FNH:0
FNDA:0,(anonymous_0)
FNDA:0,(anonymous_1)
FNDA:0,(anonymous_2)
FNDA:0,(anonymous_3)
FNDA:0,(anonymous_4)
FNDA:0,(anonymous_5)
FNDA:0,(anonymous_6)
FNDA:0,(anonymous_7)
FNDA:0,(anonymous_8)
FNDA:0,(anonymous_9)
FNDA:0,(anonymous_10)
FNDA:0,(anonymous_11)
FNDA:0,(anonymous_12)
FNDA:0,(anonymous_13)
FNDA:0,(anonymous_14)
FNDA:0,(anonymous_15)
FNDA:0,(anonymous_16)
FNDA:0,(anonymous_17)
FNDA:0,(anonymous_18)
FNDA:0,(anonymous_19)
FNDA:0,(anonymous_20)
FNDA:0,(anonymous_21)
FNDA:0,(anonymous_22)
FNDA:0,(anonymous_23)
FNDA:0,(anonymous_24)
FNDA:0,(anonymous_25)
FNDA:0,(anonymous_26)
FNDA:0,(anonymous_27)
FNDA:0,(anonymous_28)
FNDA:0,(anonymous_29)
FNDA:0,(anonymous_30)
FNDA:0,(anonymous_31)
FNDA:0,(anonymous_32)
FNDA:0,(anonymous_33)
FNDA:0,(anonymous_34)
FNDA:0,(anonymous_35)
FNDA:0,(anonymous_36)
FNDA:0,(anonymous_37)
FNDA:0,(anonymous_38)
FNDA:0,(anonymous_39)
FNDA:0,(anonymous_40)
FNDA:0,(anonymous_41)
FNDA:0,(anonymous_42)
FNDA:0,(anonymous_43)
FNDA:0,(anonymous_44)
FNDA:0,(anonymous_45)
FNDA:0,(anonymous_46)
FNDA:0,(anonymous_47)
FNDA:0,(anonymous_48)
FNDA:0,(anonymous_49)
DA:7,0
DA:8,0
DA:9,0
DA:10,0
DA:15,0
DA:16,0
DA:20,0
DA:21,0
DA:25,0
DA:26,0
DA:29,0
DA:30,0
DA:31,0
DA:32,0
DA:33,0
DA:40,0
DA:41,0
DA:43,0
DA:44,0
DA:45,0
DA:48,0
DA:52,0
DA:53,0
DA:54,0
DA:60,0
DA:65,0
DA:66,0
DA:67,0
DA:69,0
DA:73,0
DA:78,0
DA:81,0
DA:83,0
DA:87,0
DA:88,0
DA:92,0
DA:93,0
DA:97,0
DA:98,0
DA:101,0
DA:102,0
DA:106,0
DA:107,0
DA:109,0
DA:111,0
DA:116,0
DA:119,0
DA:120,0
DA:121,0
DA:123,0
DA:126,0
DA:127,0
DA:131,0
DA:132,0
DA:136,0
DA:137,0
DA:141,0
DA:145,0
DA:150,0
DA:151,0
DA:154,0
DA:155,0
DA:156,0
DA:157,0
DA:161,0
DA:162,0
DA:163,0
DA:168,0
DA:169,0
DA:176,0
DA:177,0
DA:179,0
DA:190,0
DA:191,0
DA:192,0
DA:194,0
DA:195,0
DA:200,0
DA:202,0
DA:205,0
DA:206,0
DA:208,0
DA:211,0
DA:212,0
DA:213,0
DA:214,0
DA:215,0
DA:218,0
DA:220,0
DA:222,0
DA:223,0
DA:226,0
DA:230,0
DA:233,0
DA:234,0
DA:237,0
DA:238,0
DA:241,0
DA:242,0
DA:246,0
DA:247,0
DA:248,0
DA:251,0
DA:253,0
DA:255,0
DA:264,0
DA:266,0
DA:271,0
DA:272,0
DA:275,0
DA:279,0
DA:286,0
DA:290,0
DA:291,0
DA:293,0
DA:297,0
DA:303,0
DA:309,0
DA:311,0
DA:315,0
DA:322,0
DA:329,0
DA:331,0
DA:332,0
DA:334,0
DA:340,0
DA:346,0
DA:353,0
DA:360,0
DA:366,0
DA:372,0
DA:378,0
DA:384,0
DA:393,0
DA:394,0
DA:398,0
DA:407,0
DA:408,0
DA:413,0
DA:414,0
DA:415,0
DA:417,0
DA:420,0
DA:421,0
DA:423,0
DA:428,0
DA:430,0
DA:431,0
DA:432,0
DA:434,0
DA:435,0
DA:438,0
DA:439,0
DA:443,0
DA:449,0
DA:452,0
DA:456,0
DA:457,0
DA:458,0
DA:462,0
LF:160
LH:0
BRDA:7,0,0,0
BRDA:7,0,1,0
BRDA:19,1,0,0
BRDA:20,2,0,0
BRDA:20,3,0,0
BRDA:24,4,0,0
BRDA:30,5,0,0
BRDA:30,5,1,0
BRDA:32,6,0,0
BRDA:32,6,1,0
BRDA:32,7,0,0
BRDA:32,7,1,0
BRDA:41,8,0,0
BRDA:41,8,1,0
BRDA:43,9,0,0
BRDA:43,9,1,0
BRDA:53,10,0,0
BRDA:53,10,1,0
BRDA:98,11,0,0
BRDA:98,11,1,0
BRDA:106,12,0,0
BRDA:106,12,1,0
BRDA:116,13,0,0
BRDA:126,14,0,0
BRDA:126,14,1,0
BRDA:126,15,0,0
BRDA:126,15,1,0
BRDA:126,15,2,0
BRDA:131,16,0,0
BRDA:131,16,1,0
BRDA:147,17,0,0
BRDA:148,18,0,0
BRDA:150,19,0,0
BRDA:150,20,0,0
BRDA:154,21,0,0
BRDA:154,21,1,0
BRDA:154,22,0,0
BRDA:154,22,1,0
BRDA:156,23,0,0
BRDA:156,23,1,0
BRDA:162,24,0,0
BRDA:162,24,1,0
BRDA:168,25,0,0
BRDA:168,25,1,0
BRDA:183,26,0,0
BRDA:183,26,1,0
BRDA:186,27,0,0
BRDA:186,27,1,0
BRDA:205,28,0,0
BRDA:205,28,1,0
BRDA:205,29,0,0
BRDA:205,29,1,0
BRDA:211,30,0,0
BRDA:211,30,1,0
BRDA:212,31,0,0
BRDA:212,31,1,0
BRDA:222,32,0,0
BRDA:222,32,1,0
BRDA:233,33,0,0
BRDA:233,33,1,0
BRDA:233,34,0,0
BRDA:233,34,1,0
BRDA:241,35,0,0
BRDA:241,35,1,0
BRDA:241,36,0,0
BRDA:241,36,1,0
BRDA:241,36,2,0
BRDA:246,37,0,0
BRDA:246,37,1,0
BRDA:257,38,0,0
BRDA:257,38,1,0
BRDA:258,39,0,0
BRDA:258,39,1,0
BRDA:271,40,0,0
BRDA:271,40,1,0
BRDA:271,41,0,0
BRDA:271,41,1,0
BRDA:330,42,0,0
BRDA:332,43,0,0
BRDA:332,43,1,0
BRDA:407,44,0,0
BRDA:407,44,1,0
BRDA:431,45,0,0
BRDA:431,45,1,0
BRF:84
BRH:0
end_of_record
TN:
SF:src\utils\apiTest.js
FN:4,(anonymous_0)
FN:47,(anonymous_1)
FNF:2
FNH:0
FNDA:0,(anonymous_0)
FNDA:0,(anonymous_1)
DA:2,0
DA:4,0
DA:5,0
DA:7,0
DA:9,0
DA:10,0
DA:11,0
DA:12,0
DA:15,0
DA:16,0
DA:25,0
DA:26,0
DA:28,0
DA:29,0
DA:30,0
DA:32,0
DA:33,0
DA:37,0
DA:38,0
DA:47,0
DA:48,0
DA:50,0
DA:51,0
DA:60,0
DA:61,0
DA:63,0
DA:70,0
DA:71,0
LF:28
LH:0
BRDA:28,0,0,0
BRDA:28,0,1,0
BRDA:28,1,0,0
BRDA:28,1,1,0
BRF:4
BRH:0
end_of_record
TN:
SF:src\utils\cartUtils.js
FN:5,(anonymous_0)
FN:16,(anonymous_1)
FN:30,(anonymous_2)
FN:32,(anonymous_3)
FN:43,(anonymous_4)
FN:45,(anonymous_5)
FN:51,(anonymous_6)
FN:56,(anonymous_7)
FN:62,(anonymous_8)
FN:64,(anonymous_9)
FNF:10
FNH:0
FNDA:0,(anonymous_0)
FNDA:0,(anonymous_1)
FNDA:0,(anonymous_2)
FNDA:0,(anonymous_3)
FNDA:0,(anonymous_4)
FNDA:0,(anonymous_5)
FNDA:0,(anonymous_6)
FNDA:0,(anonymous_7)
FNDA:0,(anonymous_8)
FNDA:0,(anonymous_9)
DA:3,0
DA:6,0
DA:7,0
DA:8,0
DA:10,0
DA:11,0
DA:17,0
DA:18,0
DA:20,0
DA:25,0
DA:31,0
DA:32,0
DA:34,0
DA:35,0
DA:36,0
DA:37,0
DA:39,0
DA:44,0
DA:45,0
DA:46,0
DA:47,0
DA:52,0
DA:57,0
DA:58,0
DA:63,0
DA:64,0
LF:26
LH:0
BRDA:8,0,0,0
BRDA:8,0,1,0
BRDA:34,1,0,0
BRDA:34,1,1,0
BRDA:64,2,0,0
BRDA:64,2,1,0
BRF:6
BRH:0
end_of_record
TN:
SF:src\utils\fallbackData.js
FN:99,(anonymous_0)
FN:101,(anonymous_1)
FN:107,(anonymous_2)
FN:112,(anonymous_3)
FN:124,(anonymous_4)
FN:131,(anonymous_5)
FN:138,(anonymous_6)
FN:141,(anonymous_7)
FN:159,(anonymous_8)
FN:164,(anonymous_9)
FN:168,(anonymous_10)
FN:169,(anonymous_11)
FN:203,(anonymous_12)
FNF:13
FNH:0
FNDA:0,(anonymous_0)
FNDA:0,(anonymous_1)
FNDA:0,(anonymous_2)
FNDA:0,(anonymous_3)
FNDA:0,(anonymous_4)
FNDA:0,(anonymous_5)
FNDA:0,(anonymous_6)
FNDA:0,(anonymous_7)
FNDA:0,(anonymous_8)
FNDA:0,(anonymous_9)
FNDA:0,(anonymous_10)
FNDA:0,(anonymous_11)
FNDA:0,(anonymous_12)
DA:5,0
DA:64,0
DA:83,0
DA:99,0
DA:100,0
DA:101,0
DA:107,0
DA:108,0
DA:109,0
DA:111,0
DA:112,0
DA:113,0
DA:118,0
DA:124,0
DA:125,0
DA:131,0
DA:132,0
DA:138,0
DA:139,0
DA:140,0
DA:141,0
DA:143,0
DA:148,0
DA:149,0
DA:151,0
DA:152,0
DA:159,0
DA:160,0
DA:162,0
DA:163,0
DA:164,0
DA:166,0
DA:169,0
DA:173,0
DA:175,0
DA:176,0
DA:178,0
DA:181,0
DA:183,0
DA:184,0
DA:192,0
DA:203,0
DA:204,0
LF:43
LH:0
BRDA:101,0,0,0
BRDA:101,0,1,0
BRDA:107,1,0,0
BRDA:108,2,0,0
BRDA:111,3,0,0
BRDA:111,3,1,0
BRDA:113,4,0,0
BRDA:113,4,1,0
BRDA:159,5,0,0
BRDA:160,6,0,0
BRDA:160,7,0,0
BRDA:175,8,0,0
BRDA:175,8,1,0
BRDA:175,9,0,0
BRDA:175,9,1,0
BRDA:178,10,0,0
BRDA:178,10,1,0
BRDA:183,11,0,0
BRDA:183,11,1,0
BRDA:183,12,0,0
BRDA:183,12,1,0
BRDA:206,13,0,0
BRDA:206,13,1,0
BRF:23
BRH:0
end_of_record
TN:
SF:src\utils\formatters.js
FN:6,(anonymous_0)
FN:14,(anonymous_1)
FN:30,(anonymous_2)
FN:45,(anonymous_3)
FN:62,(anonymous_4)
FN:69,(anonymous_5)
FN:94,(anonymous_6)
FN:109,(anonymous_7)
FN:125,(anonymous_8)
FN:131,(anonymous_9)
FN:136,(anonymous_10)
FN:139,(anonymous_11)
FN:143,(anonymous_12)
FN:153,(anonymous_13)
FN:165,(anonymous_14)
FN:176,(anonymous_15)
FN:182,(anonymous_16)
FN:199,(anonymous_17)
FN:210,(anonymous_18)
FNF:19
FNH:0
FNDA:0,(anonymous_0)
FNDA:0,(anonymous_1)
FNDA:0,(anonymous_2)
FNDA:0,(anonymous_3)
FNDA:0,(anonymous_4)
FNDA:0,(anonymous_5)
FNDA:0,(anonymous_6)
FNDA:0,(anonymous_7)
FNDA:0,(anonymous_8)
FNDA:0,(anonymous_9)
FNDA:0,(anonymous_10)
FNDA:0,(anonymous_11)
FNDA:0,(anonymous_12)
FNDA:0,(anonymous_13)
FNDA:0,(anonymous_14)
FNDA:0,(anonymous_15)
FNDA:0,(anonymous_16)
FNDA:0,(anonymous_17)
FNDA:0,(anonymous_18)
DA:6,0
DA:7,0
DA:8,0
DA:14,0
DA:15,0
DA:17,0
DA:18,0
DA:20,0
DA:21,0
DA:23,0
DA:27,0
DA:30,0
DA:31,0
DA:33,0
DA:34,0
DA:36,0
DA:42,0
DA:45,0
DA:46,0
DA:48,0
DA:49,0
DA:51,0
DA:59,0
DA:62,0
DA:63,0
DA:69,0
DA:70,0
DA:72,0
DA:73,0
DA:75,0
DA:76,0
DA:77,0
DA:78,0
DA:79,0
DA:80,0
DA:81,0
DA:82,0
DA:84,0
DA:85,0
DA:86,0
DA:87,0
DA:88,0
DA:89,0
DA:90,0
DA:94,0
DA:95,0
DA:97,0
DA:98,0
DA:100,0
DA:101,0
DA:102,0
DA:104,0
DA:106,0
DA:109,0
DA:110,0
DA:112,0
DA:113,0
DA:115,0
DA:116,0
DA:117,0
DA:119,0
DA:121,0
DA:125,0
DA:126,0
DA:127,0
DA:128,0
DA:131,0
DA:132,0
DA:133,0
DA:136,0
DA:137,0
DA:138,0
DA:139,0
DA:143,0
DA:144,0
DA:145,0
DA:153,0
DA:154,0
DA:155,0
DA:157,0
DA:158,0
DA:159,0
DA:161,0
DA:165,0
DA:166,0
DA:168,0
DA:173,0
DA:176,0
DA:177,0
DA:178,0
DA:182,0
DA:183,0
DA:195,0
DA:199,0
DA:200,0
DA:206,0
DA:210,0
DA:211,0
DA:217,0
LF:99
LH:0
BRDA:7,0,0,0
BRDA:7,0,1,0
BRDA:7,1,0,0
BRDA:7,1,1,0
BRDA:7,1,2,0
BRDA:15,2,0,0
BRDA:15,2,1,0
BRDA:15,3,0,0
BRDA:15,3,1,0
BRDA:15,3,2,0
BRDA:17,4,0,0
BRDA:17,4,1,0
BRDA:20,5,0,0
BRDA:20,5,1,0
BRDA:30,6,0,0
BRDA:31,7,0,0
BRDA:31,7,1,0
BRDA:34,8,0,0
BRDA:34,8,1,0
BRDA:45,9,0,0
BRDA:46,10,0,0
BRDA:46,10,1,0
BRDA:49,11,0,0
BRDA:49,11,1,0
BRDA:70,12,0,0
BRDA:70,12,1,0
BRDA:73,13,0,0
BRDA:73,13,1,0
BRDA:84,14,0,0
BRDA:84,14,1,0
BRDA:85,15,0,0
BRDA:85,15,1,0
BRDA:86,16,0,0
BRDA:86,16,1,0
BRDA:87,17,0,0
BRDA:87,17,1,0
BRDA:88,18,0,0
BRDA:88,18,1,0
BRDA:89,19,0,0
BRDA:89,19,1,0
BRDA:95,20,0,0
BRDA:95,20,1,0
BRDA:95,21,0,0
BRDA:95,21,1,0
BRDA:100,22,0,0
BRDA:100,22,1,0
BRDA:101,23,0,0
BRDA:101,23,1,0
BRDA:110,24,0,0
BRDA:110,24,1,0
BRDA:110,25,0,0
BRDA:110,25,1,0
BRDA:115,26,0,0
BRDA:115,26,1,0
BRDA:116,27,0,0
BRDA:116,27,1,0
BRDA:125,28,0,0
BRDA:125,29,0,0
BRDA:126,30,0,0
BRDA:126,30,1,0
BRDA:127,31,0,0
BRDA:127,31,1,0
BRDA:132,32,0,0
BRDA:132,32,1,0
BRDA:137,33,0,0
BRDA:137,33,1,0
BRDA:144,34,0,0
BRDA:144,34,1,0
BRDA:154,35,0,0
BRDA:154,35,1,0
BRDA:155,36,0,0
BRDA:155,36,1,0
BRDA:165,37,0,0
BRDA:166,38,0,0
BRDA:166,38,1,0
BRDA:166,39,0,0
BRDA:166,39,1,0
BRDA:176,40,0,0
BRDA:177,41,0,0
BRDA:177,41,1,0
BRDA:177,42,0,0
BRDA:177,42,1,0
BRDA:195,43,0,0
BRDA:195,43,1,0
BRDA:206,44,0,0
BRDA:206,44,1,0
BRDA:217,45,0,0
BRDA:217,45,1,0
BRF:88
BRH:0
end_of_record
TN:
SF:src\utils\http.js
FN:9,(anonymous_0)
FN:22,(anonymous_1)
FN:27,(anonymous_2)
FN:32,(anonymous_3)
FN:48,(anonymous_4)
FN:64,(anonymous_5)
FN:72,(anonymous_6)
FN:82,(anonymous_7)
FN:84,(anonymous_8)
FN:103,(anonymous_9)
FN:114,(anonymous_10)
FN:144,(anonymous_11)
FN:196,(anonymous_12)
FN:198,(anonymous_13)
FN:210,(anonymous_14)
FN:218,(anonymous_15)
FN:226,(anonymous_16)
FN:234,(anonymous_17)
FN:242,(anonymous_18)
FN:248,(anonymous_19)
FN:264,(anonymous_20)
FN:302,(anonymous_21)
FN:311,(anonymous_22)
FN:326,(anonymous_23)
FN:347,(anonymous_24)
FN:357,(anonymous_25)
FN:365,(anonymous_26)
FN:382,(anonymous_27)
FNF:28
FNH:0
FNDA:0,(anonymous_0)
FNDA:0,(anonymous_1)
FNDA:0,(anonymous_2)
FNDA:0,(anonymous_3)
FNDA:0,(anonymous_4)
FNDA:0,(anonymous_5)
FNDA:0,(anonymous_6)
FNDA:0,(anonymous_7)
FNDA:0,(anonymous_8)
FNDA:0,(anonymous_9)
FNDA:0,(anonymous_10)
FNDA:0,(anonymous_11)
FNDA:0,(anonymous_12)
FNDA:0,(anonymous_13)
FNDA:0,(anonymous_14)
FNDA:0,(anonymous_15)
FNDA:0,(anonymous_16)
FNDA:0,(anonymous_17)
FNDA:0,(anonymous_18)
FNDA:0,(anonymous_19)
FNDA:0,(anonymous_20)
FNDA:0,(anonymous_21)
FNDA:0,(anonymous_22)
FNDA:0,(anonymous_23)
FNDA:0,(anonymous_24)
FNDA:0,(anonymous_25)
FNDA:0,(anonymous_26)
FNDA:0,(anonymous_27)
DA:10,0
DA:11,0
DA:12,0
DA:15,0
DA:23,0
DA:28,0
DA:33,0
DA:35,0
DA:36,0
DA:37,0
DA:39,0
DA:40,0
DA:44,0
DA:49,0
DA:51,0
DA:52,0
DA:53,0
DA:55,0
DA:56,0
DA:60,0
DA:65,0
DA:66,0
DA:68,0
DA:73,0
DA:83,0
DA:84,0
DA:86,0
DA:87,0
DA:91,0
DA:92,0
DA:94,0
DA:95,0
DA:96,0
DA:98,0
DA:104,0
DA:106,0
DA:107,0
DA:110,0
DA:115,0
DA:116,0
DA:117,0
DA:118,0
DA:120,0
DA:122,0
DA:123,0
DA:125,0
DA:126,0
DA:128,0
DA:129,0
DA:131,0
DA:132,0
DA:134,0
DA:135,0
DA:137,0
DA:140,0
DA:145,0
DA:146,0
DA:149,0
DA:154,0
DA:157,0
DA:160,0
DA:162,0
DA:165,0
DA:166,0
DA:170,0
DA:177,0
DA:180,0
DA:183,0
DA:184,0
DA:185,0
DA:186,0
DA:187,0
DA:188,0
DA:191,0
DA:197,0
DA:198,0
DA:199,0
DA:200,0
DA:204,0
DA:211,0
DA:219,0
DA:227,0
DA:235,0
DA:243,0
DA:244,0
DA:247,0
DA:248,0
DA:249,0
DA:253,0
DA:265,0
DA:266,0
DA:274,0
DA:277,0
DA:278,0
DA:279,0
DA:280,0
DA:283,0
DA:284,0
DA:285,0
DA:288,0
DA:290,0
DA:292,0
DA:293,0
DA:299,0
DA:302,0
DA:303,0
DA:304,0
DA:305,0
DA:307,0
DA:311,0
DA:312,0
DA:314,0
DA:317,0
DA:318,0
DA:322,0
DA:326,0
DA:329,0
DA:330,0
DA:331,0
DA:333,0
DA:336,0
DA:337,0
DA:341,0
DA:342,0
DA:346,0
DA:347,0
DA:349,0
DA:353,0
DA:357,0
DA:358,0
DA:359,0
DA:360,0
DA:362,0
DA:363,0
DA:365,0
DA:366,0
DA:367,0
DA:368,0
DA:370,0
DA:372,0
DA:373,0
DA:376,0
DA:380,0
DA:382,0
DA:383,0
DA:384,0
DA:386,0
DA:391,0
LF:148
LH:0
BRDA:9,0,0,0
BRDA:65,1,0,0
BRDA:65,1,1,0
BRDA:65,2,0,0
BRDA:65,2,1,0
BRDA:68,3,0,0
BRDA:68,3,1,0
BRDA:72,4,0,0
BRDA:95,5,0,0
BRDA:95,5,1,0
BRDA:106,6,0,0
BRDA:106,6,1,0
BRDA:106,7,0,0
BRDA:106,7,1,0
BRDA:120,8,0,0
BRDA:120,8,1,0
BRDA:120,8,2,0
BRDA:120,8,3,0
BRDA:120,8,4,0
BRDA:120,8,5,0
BRDA:122,9,0,0
BRDA:122,9,1,0
BRDA:137,10,0,0
BRDA:137,10,1,0
BRDA:144,11,0,0
BRDA:165,12,0,0
BRDA:165,12,1,0
BRDA:183,13,0,0
BRDA:183,13,1,0
BRDA:185,14,0,0
BRDA:185,14,1,0
BRDA:187,15,0,0
BRDA:187,15,1,0
BRDA:196,16,0,0
BRDA:196,17,0,0
BRDA:199,18,0,0
BRDA:199,18,1,0
BRDA:199,19,0,0
BRDA:199,19,1,0
BRDA:210,20,0,0
BRDA:210,21,0,0
BRDA:218,22,0,0
BRDA:218,23,0,0
BRDA:226,24,0,0
BRDA:226,25,0,0
BRDA:234,26,0,0
BRDA:242,27,0,0
BRDA:247,28,0,0
BRDA:247,28,1,0
BRDA:264,29,0,0
BRDA:304,30,0,0
BRDA:304,30,1,0
BRDA:312,31,0,0
BRDA:312,31,1,0
BRDA:317,32,0,0
BRDA:317,32,1,0
BRDA:326,33,0,0
BRDA:336,34,0,0
BRDA:336,34,1,0
BRDA:336,35,0,0
BRDA:336,35,1,0
BRDA:336,35,2,0
BRDA:341,36,0,0
BRDA:341,36,1,0
BRDA:357,37,0,0
BRDA:358,38,0,0
BRDA:358,39,0,0
BRDA:372,40,0,0
BRDA:372,40,1,0
BRDA:383,41,0,0
BRDA:383,41,1,0
BRF:71
BRH:0
end_of_record
TN:
SF:src\utils\storage.js
FN:9,(anonymous_0)
FN:14,(anonymous_1)
FN:27,(anonymous_2)
FN:45,(anonymous_3)
FN:66,(anonymous_4)
FN:83,(anonymous_5)
FN:100,(anonymous_6)
FN:114,(anonymous_7)
FN:134,(anonymous_8)
FN:154,(anonymous_9)
FN:158,(anonymous_10)
FN:162,(anonymous_11)
FN:166,(anonymous_12)
FN:172,(anonymous_13)
FN:176,(anonymous_14)
FN:180,(anonymous_15)
FN:186,(anonymous_16)
FN:192,(anonymous_17)
FN:196,(anonymous_18)
FN:200,(anonymous_19)
FN:206,(anonymous_20)
FN:210,(anonymous_21)
FN:214,(anonymous_22)
FN:221,(anonymous_23)
FN:233,(anonymous_24)
FN:249,(anonymous_25)
FN:253,(anonymous_26)
FN:255,(anonymous_27)
FN:264,(anonymous_28)
FN:265,(anonymous_29)
FN:274,(anonymous_30)
FNF:31
FNH:0
FNDA:0,(anonymous_0)
FNDA:0,(anonymous_1)
FNDA:0,(anonymous_2)
FNDA:0,(anonymous_3)
FNDA:0,(anonymous_4)
FNDA:0,(anonymous_5)
FNDA:0,(anonymous_6)
FNDA:0,(anonymous_7)
FNDA:0,(anonymous_8)
FNDA:0,(anonymous_9)
FNDA:0,(anonymous_10)
FNDA:0,(anonymous_11)
FNDA:0,(anonymous_12)
FNDA:0,(anonymous_13)
FNDA:0,(anonymous_14)
FNDA:0,(anonymous_15)
FNDA:0,(anonymous_16)
FNDA:0,(anonymous_17)
FNDA:0,(anonymous_18)
FNDA:0,(anonymous_19)
FNDA:0,(anonymous_20)
FNDA:0,(anonymous_21)
FNDA:0,(anonymous_22)
FNDA:0,(anonymous_23)
FNDA:0,(anonymous_24)
FNDA:0,(anonymous_25)
FNDA:0,(anonymous_26)
FNDA:0,(anonymous_27)
FNDA:0,(anonymous_28)
FNDA:0,(anonymous_29)
FNDA:0,(anonymous_30)
DA:10,0
DA:15,0
DA:16,0
DA:17,0
DA:18,0
DA:19,0
DA:21,0
DA:22,0
DA:28,0
DA:29,0
DA:30,0
DA:33,0
DA:34,0
DA:35,0
DA:36,0
DA:37,0
DA:39,0
DA:40,0
DA:46,0
DA:47,0
DA:48,0
DA:51,0
DA:52,0
DA:53,0
DA:54,0
DA:56,0
DA:57,0
DA:58,0
DA:60,0
DA:61,0
DA:67,0
DA:68,0
DA:69,0
DA:72,0
DA:73,0
DA:74,0
DA:75,0
DA:77,0
DA:78,0
DA:84,0
DA:85,0
DA:86,0
DA:89,0
DA:90,0
DA:91,0
DA:92,0
DA:94,0
DA:95,0
DA:101,0
DA:102,0
DA:105,0
DA:106,0
DA:108,0
DA:109,0
DA:115,0
DA:116,0
DA:119,0
DA:120,0
DA:121,0
DA:122,0
DA:123,0
DA:126,0
DA:128,0
DA:129,0
DA:135,0
DA:136,0
DA:139,0
DA:140,0
DA:142,0
DA:143,0
DA:149,0
DA:150,0
DA:153,0
DA:155,0
DA:159,0
DA:163,0
DA:167,0
DA:171,0
DA:173,0
DA:177,0
DA:181,0
DA:182,0
DA:183,0
DA:187,0
DA:191,0
DA:193,0
DA:197,0
DA:201,0
DA:205,0
DA:207,0
DA:211,0
DA:215,0
DA:220,0
DA:222,0
DA:223,0
DA:225,0
DA:230,0
DA:234,0
DA:236,0
DA:237,0
DA:240,0
DA:241,0
DA:242,0
DA:243,0
DA:246,0
DA:250,0
DA:254,0
DA:255,0
DA:256,0
DA:257,0
DA:264,0
DA:265,0
DA:266,0
DA:267,0
DA:271,0
DA:274,0
DA:275,0
LF:117
LH:0
BRDA:9,0,0,0
BRDA:28,1,0,0
BRDA:28,1,1,0
BRDA:45,2,0,0
BRDA:46,3,0,0
BRDA:46,3,1,0
BRDA:53,4,0,0
BRDA:53,4,1,0
BRDA:67,5,0,0
BRDA:67,5,1,0
BRDA:84,6,0,0
BRDA:84,6,1,0
BRDA:101,7,0,0
BRDA:101,7,1,0
BRDA:115,8,0,0
BRDA:115,8,1,0
BRDA:122,9,0,0
BRDA:122,9,1,0
BRDA:135,10,0,0
BRDA:135,10,1,0
BRDA:221,11,0,0
BRDA:236,12,0,0
BRDA:236,12,1,0
BRDA:241,13,0,0
BRDA:241,13,1,0
BRDA:256,14,0,0
BRDA:256,14,1,0
BRDA:266,15,0,0
BRDA:266,15,1,0
BRF:29
BRH:0
end_of_record
TN:
SF:src\utils\validation.js
FN:8,(anonymous_0)
FN:13,(anonymous_1)
FN:19,(anonymous_2)
FN:24,(anonymous_3)
FN:29,(anonymous_4)
FN:34,(anonymous_5)
FN:40,(anonymous_6)
FN:48,(anonymous_7)
FN:56,(anonymous_8)
FN:64,(anonymous_9)
FN:78,(anonymous_10)
FN:86,(anonymous_11)
FN:94,(anonymous_12)
FN:107,(anonymous_13)
FN:116,(anonymous_14)
FN:126,(anonymous_15)
FN:133,(anonymous_16)
FN:145,(anonymous_17)
FN:156,(anonymous_18)
FN:165,(anonymous_19)
FN:175,(anonymous_20)
FN:180,(anonymous_21)
FN:189,(anonymous_22)
FN:195,(anonymous_23)
FN:200,(anonymous_24)
FNF:25
FNH:0
FNDA:0,(anonymous_0)
FNDA:0,(anonymous_1)
FNDA:0,(anonymous_2)
FNDA:0,(anonymous_3)
FNDA:0,(anonymous_4)
FNDA:0,(anonymous_5)
FNDA:0,(anonymous_6)
FNDA:0,(anonymous_7)
FNDA:0,(anonymous_8)
FNDA:0,(anonymous_9)
FNDA:0,(anonymous_10)
FNDA:0,(anonymous_11)
FNDA:0,(anonymous_12)
FNDA:0,(anonymous_13)
FNDA:0,(anonymous_14)
FNDA:0,(anonymous_15)
FNDA:0,(anonymous_16)
FNDA:0,(anonymous_17)
FNDA:0,(anonymous_18)
FNDA:0,(anonymous_19)
FNDA:0,(anonymous_20)
FNDA:0,(anonymous_21)
FNDA:0,(anonymous_22)
FNDA:0,(anonymous_23)
FNDA:0,(anonymous_24)
DA:9,0
DA:14,0
DA:15,0
DA:20,0
DA:25,0
DA:30,0
DA:35,0
DA:36,0
DA:41,0
DA:42,0
DA:44,0
DA:49,0
DA:50,0
DA:52,0
DA:57,0
DA:58,0
DA:60,0
DA:65,0
DA:66,0
DA:67,0
DA:68,0
DA:70,0
DA:71,0
DA:74,0
DA:79,0
DA:80,0
DA:82,0
DA:87,0
DA:88,0
DA:90,0
DA:95,0
DA:96,0
DA:97,0
DA:98,0
DA:99,0
DA:100,0
DA:101,0
DA:103,0
DA:108,0
DA:109,0
DA:110,0
DA:112,0
DA:117,0
DA:118,0
DA:120,0
DA:125,0
DA:127,0
DA:134,0
DA:146,0
DA:157,0
DA:165,0
DA:166,0
DA:167,0
DA:174,0
DA:176,0
DA:177,0
DA:181,0
DA:182,0
DA:183,0
DA:185,0
DA:191,0
DA:192,0
DA:196,0
DA:197,0
DA:201,0
DA:202,0
LF:66
LH:0
BRDA:40,0,0,0
BRDA:41,1,0,0
BRDA:41,1,1,0
BRDA:41,2,0,0
BRDA:41,2,1,0
BRDA:41,2,2,0
BRDA:48,3,0,0
BRDA:49,4,0,0
BRDA:49,4,1,0
BRDA:49,5,0,0
BRDA:49,5,1,0
BRDA:56,6,0,0
BRDA:57,7,0,0
BRDA:57,7,1,0
BRDA:57,8,0,0
BRDA:57,8,1,0
BRDA:65,9,0,0
BRDA:65,9,1,0
BRDA:67,10,0,0
BRDA:67,10,1,0
BRDA:67,11,0,0
BRDA:67,11,1,0
BRDA:68,12,0,0
BRDA:68,12,1,0
BRDA:70,13,0,0
BRDA:70,13,1,0
BRDA:70,14,0,0
BRDA:70,14,1,0
BRDA:71,15,0,0
BRDA:71,15,1,0
BRDA:79,16,0,0
BRDA:79,16,1,0
BRDA:86,17,0,0
BRDA:87,18,0,0
BRDA:87,18,1,0
BRDA:96,19,0,0
BRDA:96,19,1,0
BRDA:97,20,0,0
BRDA:97,20,1,0
BRDA:98,21,0,0
BRDA:98,21,1,0
BRDA:98,22,0,0
BRDA:98,22,1,0
BRDA:99,23,0,0
BRDA:99,23,1,0
BRDA:100,24,0,0
BRDA:100,24,1,0
BRDA:100,25,0,0
BRDA:100,25,1,0
BRDA:101,26,0,0
BRDA:101,26,1,0
BRDA:108,27,0,0
BRDA:108,27,1,0
BRDA:108,28,0,0
BRDA:108,28,1,0
BRDA:110,29,0,0
BRDA:110,29,1,0
BRDA:117,30,0,0
BRDA:117,30,1,0
BRDA:117,31,0,0
BRDA:117,31,1,0
BRDA:118,32,0,0
BRDA:118,32,1,0
BRDA:166,33,0,0
BRDA:166,33,1,0
BRDA:197,34,0,0
BRDA:197,34,1,0
BRF:67
BRH:0
end_of_record
